[2024-07-10T04:01:19.044+0000] {local_task_job_runner.py:120} INFO - ::group::Pre task execution logs
[2024-07-10T04:01:19.072+0000] {taskinstance.py:2076} INFO - Dependencies all met for dep_context=non-requeueable deps ti=<TaskInstance: etl_pipeline.dbt_run_with_snowflake manual__2024-07-10T04:01:18.105561+00:00 [queued]>
[2024-07-10T04:01:19.079+0000] {taskinstance.py:2076} INFO - Dependencies all met for dep_context=requeueable deps ti=<TaskInstance: etl_pipeline.dbt_run_with_snowflake manual__2024-07-10T04:01:18.105561+00:00 [queued]>
[2024-07-10T04:01:19.080+0000] {taskinstance.py:2306} INFO - Starting attempt 1 of 1
[2024-07-10T04:01:19.091+0000] {taskinstance.py:2330} INFO - Executing <Task(DockerOperator): dbt_run_with_snowflake> on 2024-07-10 04:01:18.105561+00:00
[2024-07-10T04:01:19.097+0000] {standard_task_runner.py:90} INFO - Running: ['***', 'tasks', 'run', 'etl_pipeline', 'dbt_run_with_snowflake', 'manual__2024-07-10T04:01:18.105561+00:00', '--job-id', '4', '--raw', '--subdir', 'DAGS_FOLDER/first_dag.py', '--cfg-path', '/tmp/tmpx0xdzb1r']
[2024-07-10T04:01:19.099+0000] {standard_task_runner.py:91} INFO - Job 4: Subtask dbt_run_with_snowflake
[2024-07-10T04:01:19.100+0000] {logging_mixin.py:188} WARNING - /home/***/.local/lib/python3.12/site-packages/***/task/task_runner/standard_task_runner.py:61 DeprecationWarning: This process (pid=175) is multi-threaded, use of fork() may lead to deadlocks in the child.
[2024-07-10T04:01:19.100+0000] {standard_task_runner.py:63} INFO - Started process 176 to run task
[2024-07-10T04:01:19.133+0000] {task_command.py:426} INFO - Running <TaskInstance: etl_pipeline.dbt_run_with_snowflake manual__2024-07-10T04:01:18.105561+00:00 [running]> on host fc4bb4e517d5
[2024-07-10T04:01:19.198+0000] {taskinstance.py:2648} INFO - Exporting env vars: AIRFLOW_CTX_DAG_OWNER='***' AIRFLOW_CTX_DAG_ID='etl_pipeline' AIRFLOW_CTX_TASK_ID='dbt_run_with_snowflake' AIRFLOW_CTX_EXECUTION_DATE='2024-07-10T04:01:18.105561+00:00' AIRFLOW_CTX_TRY_NUMBER='1' AIRFLOW_CTX_DAG_RUN_ID='manual__2024-07-10T04:01:18.105561+00:00'
[2024-07-10T04:01:19.199+0000] {taskinstance.py:430} INFO - ::endgroup::
[2024-07-10T04:01:19.231+0000] {docker.py:366} INFO - Starting docker container from image ghcr.io/dbt-labs/dbt-snowflake:latest
[2024-07-10T04:01:19.233+0000] {docker.py:374} WARNING - Using remote engine or docker-in-docker and mounting temporary volume from host is not supported. Falling back to `mount_tmp_dir=False` mode. You can set `mount_tmp_dir` parameter to False to disable mounting and remove the warning
[2024-07-10T04:01:21.655+0000] {docker.py:436} INFO - [0m04:01:21  Running with dbt=1.8.2
[2024-07-10T04:01:21.979+0000] {docker.py:436} INFO - [0m04:01:21  Registered adapter: snowflake=1.8.3
[2024-07-10T04:01:22.175+0000] {docker.py:436} INFO - [0m04:01:22  Found 8 models, 8 sources, 444 macros
[2024-07-10T04:01:22.177+0000] {docker.py:436} INFO - [0m04:01:22
[2024-07-10T04:01:23.442+0000] {docker.py:436} INFO - [0m04:01:23  Concurrency: 1 threads (target='dev')
[2024-07-10T04:01:23.443+0000] {docker.py:436} INFO - [0m04:01:23
[2024-07-10T04:01:23.452+0000] {docker.py:436} INFO - [0m04:01:23  1 of 8 START sql table model dbt_schema.customer ............................... [RUN]
[2024-07-10T04:01:24.965+0000] {docker.py:436} INFO - [0m04:01:24  1 of 8 OK created sql table model dbt_schema.customer .......................... [[32mSUCCESS 1[0m in 1.51s]
[2024-07-10T04:01:24.966+0000] {docker.py:436} INFO - [0m04:01:24  2 of 8 START sql table model dbt_schema.lineitem ............................... [RUN]
[2024-07-10T04:01:34.874+0000] {docker.py:436} INFO - [0m04:01:34  2 of 8 OK created sql table model dbt_schema.lineitem .......................... [[32mSUCCESS 1[0m in 9.90s]
[2024-07-10T04:01:34.880+0000] {docker.py:436} INFO - [0m04:01:34  3 of 8 START sql table model dbt_schema.nation ................................. [RUN]
[2024-07-10T04:01:35.892+0000] {docker.py:436} INFO - [0m04:01:35  3 of 8 OK created sql table model dbt_schema.nation ............................ [[32mSUCCESS 1[0m in 1.01s]
[2024-07-10T04:01:35.897+0000] {docker.py:436} INFO - [0m04:01:35  4 of 8 START sql table model dbt_schema.orders ................................. [RUN]
[2024-07-10T04:01:38.778+0000] {docker.py:436} INFO - [0m04:01:38  4 of 8 OK created sql table model dbt_schema.orders ............................ [[32mSUCCESS 1[0m in 2.88s]
[2024-07-10T04:01:38.779+0000] {docker.py:436} INFO - [0m04:01:38  5 of 8 START sql table model dbt_schema.part ................................... [RUN]
[2024-07-10T04:01:40.382+0000] {docker.py:436} INFO - [0m04:01:40  5 of 8 OK created sql table model dbt_schema.part .............................. [[32mSUCCESS 1[0m in 1.60s]
[2024-07-10T04:01:40.388+0000] {docker.py:436} INFO - [0m04:01:40  6 of 8 START sql table model dbt_schema.partsupp ............................... [RUN]
[2024-07-10T04:01:42.924+0000] {docker.py:436} INFO - [0m04:01:42  6 of 8 OK created sql table model dbt_schema.partsupp .......................... [[32mSUCCESS 1[0m in 2.54s]
[2024-07-10T04:01:42.925+0000] {docker.py:436} INFO - [0m04:01:42  7 of 8 START sql table model dbt_schema.region ................................. [RUN]
[2024-07-10T04:01:43.900+0000] {docker.py:436} INFO - [0m04:01:43  7 of 8 OK created sql table model dbt_schema.region ............................ [[32mSUCCESS 1[0m in 0.97s]
[2024-07-10T04:01:43.906+0000] {docker.py:436} INFO - [0m04:01:43  8 of 8 START sql table model dbt_schema.supplier ............................... [RUN]
[2024-07-10T04:01:44.931+0000] {docker.py:436} INFO - [0m04:01:44  8 of 8 OK created sql table model dbt_schema.supplier .......................... [[32mSUCCESS 1[0m in 1.02s]
[2024-07-10T04:01:44.940+0000] {docker.py:436} INFO - [0m04:01:44
[2024-07-10T04:01:44.941+0000] {docker.py:436} INFO - [0m04:01:44  Finished running 8 table models in 0 hours 0 minutes and 22.76 seconds (22.76s).
[2024-07-10T04:01:44.995+0000] {docker.py:436} INFO - [0m04:01:44
[2024-07-10T04:01:44.995+0000] {docker.py:436} INFO - [0m04:01:44  [32mCompleted successfully[0m
[2024-07-10T04:01:44.995+0000] {docker.py:436} INFO - [0m04:01:44
[2024-07-10T04:01:44.995+0000] {docker.py:436} INFO - [0m04:01:44  Done. PASS=8 WARN=0 ERROR=0 SKIP=0 TOTAL=8
[2024-07-10T04:01:46.385+0000] {taskinstance.py:441} INFO - ::group::Post task execution logs
[2024-07-10T04:01:46.401+0000] {taskinstance.py:1206} INFO - Marking task as SUCCESS. dag_id=etl_pipeline, task_id=dbt_run_with_snowflake, run_id=manual__2024-07-10T04:01:18.105561+00:00, execution_date=20240710T040118, start_date=20240710T040119, end_date=20240710T040146
[2024-07-10T04:01:46.430+0000] {local_task_job_runner.py:240} INFO - Task exited with return code 0
[2024-07-10T04:01:46.445+0000] {taskinstance.py:3503} INFO - 1 downstream tasks scheduled from follow-on schedule check
[2024-07-10T04:01:46.446+0000] {local_task_job_runner.py:222} INFO - ::endgroup::
