[2024-07-10T04:53:26.797+0000] {local_task_job_runner.py:120} INFO - ::group::Pre task execution logs
[2024-07-10T04:53:26.828+0000] {taskinstance.py:2076} INFO - Dependencies all met for dep_context=non-requeueable deps ti=<TaskInstance: etl_pipeline_v4.dbt_run_with_snowflake manual__2024-07-10T04:53:26.030399+00:00 [queued]>
[2024-07-10T04:53:26.834+0000] {taskinstance.py:2076} INFO - Dependencies all met for dep_context=requeueable deps ti=<TaskInstance: etl_pipeline_v4.dbt_run_with_snowflake manual__2024-07-10T04:53:26.030399+00:00 [queued]>
[2024-07-10T04:53:26.835+0000] {taskinstance.py:2306} INFO - Starting attempt 1 of 1
[2024-07-10T04:53:26.844+0000] {taskinstance.py:2330} INFO - Executing <Task(DockerOperator): dbt_run_with_snowflake> on 2024-07-10 04:53:26.030399+00:00
[2024-07-10T04:53:26.850+0000] {standard_task_runner.py:90} INFO - Running: ['***', 'tasks', 'run', 'etl_pipeline_v4', 'dbt_run_with_snowflake', 'manual__2024-07-10T04:53:26.030399+00:00', '--job-id', '12', '--raw', '--subdir', 'DAGS_FOLDER/first_dag.py', '--cfg-path', '/tmp/tmp8_ibq_dv']
[2024-07-10T04:53:26.852+0000] {standard_task_runner.py:91} INFO - Job 12: Subtask dbt_run_with_snowflake
[2024-07-10T04:53:26.853+0000] {logging_mixin.py:188} WARNING - /home/***/.local/lib/python3.12/site-packages/***/task/task_runner/standard_task_runner.py:61 DeprecationWarning: This process (pid=374) is multi-threaded, use of fork() may lead to deadlocks in the child.
[2024-07-10T04:53:26.853+0000] {standard_task_runner.py:63} INFO - Started process 377 to run task
[2024-07-10T04:53:26.885+0000] {task_command.py:426} INFO - Running <TaskInstance: etl_pipeline_v4.dbt_run_with_snowflake manual__2024-07-10T04:53:26.030399+00:00 [running]> on host 673095e2ca00
[2024-07-10T04:53:26.947+0000] {taskinstance.py:2648} INFO - Exporting env vars: AIRFLOW_CTX_DAG_OWNER='***' AIRFLOW_CTX_DAG_ID='etl_pipeline_v4' AIRFLOW_CTX_TASK_ID='dbt_run_with_snowflake' AIRFLOW_CTX_EXECUTION_DATE='2024-07-10T04:53:26.030399+00:00' AIRFLOW_CTX_TRY_NUMBER='1' AIRFLOW_CTX_DAG_RUN_ID='manual__2024-07-10T04:53:26.030399+00:00'
[2024-07-10T04:53:26.947+0000] {taskinstance.py:430} INFO - ::endgroup::
[2024-07-10T04:53:26.969+0000] {docker.py:366} INFO - Starting docker container from image ghcr.io/dbt-labs/dbt-snowflake:latest
[2024-07-10T04:53:26.971+0000] {docker.py:374} WARNING - Using remote engine or docker-in-docker and mounting temporary volume from host is not supported. Falling back to `mount_tmp_dir=False` mode. You can set `mount_tmp_dir` parameter to False to disable mounting and remove the warning
[2024-07-10T04:53:28.359+0000] {docker.py:436} INFO - [0m04:53:28  Running with dbt=1.8.2
[2024-07-10T04:53:28.688+0000] {docker.py:436} INFO - [0m04:53:28  Registered adapter: snowflake=1.8.3
[2024-07-10T04:53:28.886+0000] {docker.py:436} INFO - [0m04:53:28  Found 8 models, 8 sources, 444 macros
[2024-07-10T04:53:28.888+0000] {docker.py:436} INFO - [0m04:53:28
[2024-07-10T04:53:29.988+0000] {docker.py:436} INFO - [0m04:53:29  Concurrency: 1 threads (target='dev')
[2024-07-10T04:53:29.988+0000] {docker.py:436} INFO - [0m04:53:29
[2024-07-10T04:53:29.996+0000] {docker.py:436} INFO - [0m04:53:29  1 of 8 START sql table model dbt_schema.customer ............................... [RUN]
[2024-07-10T04:53:31.498+0000] {docker.py:436} INFO - [0m04:53:31  1 of 8 OK created sql table model dbt_schema.customer .......................... [[32mSUCCESS 1[0m in 1.50s]
[2024-07-10T04:53:31.500+0000] {docker.py:436} INFO - [0m04:53:31  2 of 8 START sql table model dbt_schema.lineitem ............................... [RUN]
[2024-07-10T04:53:41.646+0000] {docker.py:436} INFO - [0m04:53:41  2 of 8 OK created sql table model dbt_schema.lineitem .......................... [[32mSUCCESS 1[0m in 10.15s]
[2024-07-10T04:53:41.647+0000] {docker.py:436} INFO - [0m04:53:41  3 of 8 START sql table model dbt_schema.nation ................................. [RUN]
[2024-07-10T04:53:42.773+0000] {docker.py:436} INFO - [0m04:53:42  3 of 8 OK created sql table model dbt_schema.nation ............................ [[32mSUCCESS 1[0m in 1.12s]
[2024-07-10T04:53:42.780+0000] {docker.py:436} INFO - [0m04:53:42  4 of 8 START sql table model dbt_schema.orders ................................. [RUN]
[2024-07-10T04:53:45.684+0000] {docker.py:436} INFO - [0m04:53:45  4 of 8 OK created sql table model dbt_schema.orders ............................ [[32mSUCCESS 1[0m in 2.90s]
[2024-07-10T04:53:45.686+0000] {docker.py:436} INFO - [0m04:53:45  5 of 8 START sql table model dbt_schema.part ................................... [RUN]
[2024-07-10T04:53:47.217+0000] {docker.py:436} INFO - [0m04:53:47  5 of 8 OK created sql table model dbt_schema.part .............................. [[32mSUCCESS 1[0m in 1.53s]
[2024-07-10T04:53:47.218+0000] {docker.py:436} INFO - [0m04:53:47  6 of 8 START sql table model dbt_schema.partsupp ............................... [RUN]
[2024-07-10T04:53:49.716+0000] {docker.py:436} INFO - [0m04:53:49  6 of 8 OK created sql table model dbt_schema.partsupp .......................... [[32mSUCCESS 1[0m in 2.50s]
[2024-07-10T04:53:49.717+0000] {docker.py:436} INFO - [0m04:53:49  7 of 8 START sql table model dbt_schema.region ................................. [RUN]
[2024-07-10T04:53:50.755+0000] {docker.py:436} INFO - [0m04:53:50  7 of 8 OK created sql table model dbt_schema.region ............................ [[32mSUCCESS 1[0m in 1.04s]
[2024-07-10T04:53:50.758+0000] {docker.py:436} INFO - [0m04:53:50  8 of 8 START sql table model dbt_schema.supplier ............................... [RUN]
[2024-07-10T04:53:51.836+0000] {docker.py:436} INFO - [0m04:53:51  8 of 8 OK created sql table model dbt_schema.supplier .......................... [[32mSUCCESS 1[0m in 1.08s]
[2024-07-10T04:53:51.841+0000] {docker.py:436} INFO - [0m04:53:51
[2024-07-10T04:53:51.841+0000] {docker.py:436} INFO - [0m04:53:51  Finished running 8 table models in 0 hours 0 minutes and 22.95 seconds (22.95s).
[2024-07-10T04:53:51.887+0000] {docker.py:436} INFO - [0m04:53:51
[2024-07-10T04:53:51.887+0000] {docker.py:436} INFO - [0m04:53:51  [32mCompleted successfully[0m
[2024-07-10T04:53:51.888+0000] {docker.py:436} INFO - [0m04:53:51
[2024-07-10T04:53:51.888+0000] {docker.py:436} INFO - [0m04:53:51  Done. PASS=8 WARN=0 ERROR=0 SKIP=0 TOTAL=8
[2024-07-10T04:53:53.389+0000] {taskinstance.py:441} INFO - ::group::Post task execution logs
[2024-07-10T04:53:53.406+0000] {taskinstance.py:1206} INFO - Marking task as SUCCESS. dag_id=etl_pipeline_v4, task_id=dbt_run_with_snowflake, run_id=manual__2024-07-10T04:53:26.030399+00:00, execution_date=20240710T045326, start_date=20240710T045326, end_date=20240710T045353
[2024-07-10T04:53:53.421+0000] {local_task_job_runner.py:240} INFO - Task exited with return code 0
[2024-07-10T04:53:53.437+0000] {taskinstance.py:3503} INFO - 1 downstream tasks scheduled from follow-on schedule check
[2024-07-10T04:53:53.439+0000] {local_task_job_runner.py:222} INFO - ::endgroup::
