[2024-07-10T05:27:41.334+0000] {local_task_job_runner.py:120} INFO - ::group::Pre task execution logs
[2024-07-10T05:27:41.361+0000] {taskinstance.py:2076} INFO - Dependencies all met for dep_context=non-requeueable deps ti=<TaskInstance: etl_pipeline_v5.02.dbt_run_with_snowflake manual__2024-07-10T05:27:40.335930+00:00 [queued]>
[2024-07-10T05:27:41.367+0000] {taskinstance.py:2076} INFO - Dependencies all met for dep_context=requeueable deps ti=<TaskInstance: etl_pipeline_v5.02.dbt_run_with_snowflake manual__2024-07-10T05:27:40.335930+00:00 [queued]>
[2024-07-10T05:27:41.367+0000] {taskinstance.py:2306} INFO - Starting attempt 1 of 1
[2024-07-10T05:27:41.380+0000] {taskinstance.py:2330} INFO - Executing <Task(DockerOperator): dbt_run_with_snowflake> on 2024-07-10 05:27:40.335930+00:00
[2024-07-10T05:27:41.386+0000] {standard_task_runner.py:90} INFO - Running: ['***', 'tasks', 'run', 'etl_pipeline_v5.02', 'dbt_run_with_snowflake', 'manual__2024-07-10T05:27:40.335930+00:00', '--job-id', '16', '--raw', '--subdir', 'DAGS_FOLDER/first_dag.py', '--cfg-path', '/tmp/tmpc5p63671']
[2024-07-10T05:27:41.388+0000] {standard_task_runner.py:91} INFO - Job 16: Subtask dbt_run_with_snowflake
[2024-07-10T05:27:41.389+0000] {logging_mixin.py:188} WARNING - /home/***/.local/lib/python3.12/site-packages/***/task/task_runner/standard_task_runner.py:61 DeprecationWarning: This process (pid=633) is multi-threaded, use of fork() may lead to deadlocks in the child.
[2024-07-10T05:27:41.389+0000] {standard_task_runner.py:63} INFO - Started process 635 to run task
[2024-07-10T05:27:41.422+0000] {task_command.py:426} INFO - Running <TaskInstance: etl_pipeline_v5.02.dbt_run_with_snowflake manual__2024-07-10T05:27:40.335930+00:00 [running]> on host 93a6f2182f18
[2024-07-10T05:27:41.488+0000] {taskinstance.py:2648} INFO - Exporting env vars: AIRFLOW_CTX_DAG_OWNER='***' AIRFLOW_CTX_DAG_ID='etl_pipeline_v5.02' AIRFLOW_CTX_TASK_ID='dbt_run_with_snowflake' AIRFLOW_CTX_EXECUTION_DATE='2024-07-10T05:27:40.335930+00:00' AIRFLOW_CTX_TRY_NUMBER='1' AIRFLOW_CTX_DAG_RUN_ID='manual__2024-07-10T05:27:40.335930+00:00'
[2024-07-10T05:27:41.489+0000] {taskinstance.py:430} INFO - ::endgroup::
[2024-07-10T05:27:41.510+0000] {docker.py:366} INFO - Starting docker container from image ghcr.io/dbt-labs/dbt-snowflake:latest
[2024-07-10T05:27:41.512+0000] {docker.py:374} WARNING - Using remote engine or docker-in-docker and mounting temporary volume from host is not supported. Falling back to `mount_tmp_dir=False` mode. You can set `mount_tmp_dir` parameter to False to disable mounting and remove the warning
[2024-07-10T05:27:43.033+0000] {docker.py:436} INFO - [0m05:27:43  Running with dbt=1.8.2
[2024-07-10T05:27:43.372+0000] {docker.py:436} INFO - [0m05:27:43  Registered adapter: snowflake=1.8.3
[2024-07-10T05:27:43.571+0000] {docker.py:436} INFO - [0m05:27:43  Found 8 models, 8 sources, 444 macros
[2024-07-10T05:27:43.573+0000] {docker.py:436} INFO - [0m05:27:43
[2024-07-10T05:27:44.906+0000] {docker.py:436} INFO - [0m05:27:44  Concurrency: 1 threads (target='dev')
[2024-07-10T05:27:44.906+0000] {docker.py:436} INFO - [0m05:27:44
[2024-07-10T05:27:44.914+0000] {docker.py:436} INFO - [0m05:27:44  1 of 8 START sql table model dbt_schema.customer ............................... [RUN]
[2024-07-10T05:27:46.736+0000] {docker.py:436} INFO - [0m05:27:46  1 of 8 OK created sql table model dbt_schema.customer .......................... [[32mSUCCESS 1[0m in 1.81s]
[2024-07-10T05:27:46.742+0000] {docker.py:436} INFO - [0m05:27:46  2 of 8 START sql table model dbt_schema.lineitem ............................... [RUN]
[2024-07-10T05:27:56.937+0000] {docker.py:436} INFO - [0m05:27:56  2 of 8 OK created sql table model dbt_schema.lineitem .......................... [[32mSUCCESS 1[0m in 10.19s]
[2024-07-10T05:27:56.943+0000] {docker.py:436} INFO - [0m05:27:56  3 of 8 START sql table model dbt_schema.nation ................................. [RUN]
[2024-07-10T05:27:58.204+0000] {docker.py:436} INFO - [0m05:27:58  3 of 8 OK created sql table model dbt_schema.nation ............................ [[32mSUCCESS 1[0m in 1.26s]
[2024-07-10T05:27:58.207+0000] {docker.py:436} INFO - [0m05:27:58  4 of 8 START sql table model dbt_schema.orders ................................. [RUN]
[2024-07-10T05:28:01.270+0000] {docker.py:436} INFO - [0m05:28:01  4 of 8 OK created sql table model dbt_schema.orders ............................ [[32mSUCCESS 1[0m in 3.06s]
[2024-07-10T05:28:01.272+0000] {docker.py:436} INFO - [0m05:28:01  5 of 8 START sql table model dbt_schema.part ................................... [RUN]
[2024-07-10T05:28:02.988+0000] {docker.py:436} INFO - [0m05:28:02  5 of 8 OK created sql table model dbt_schema.part .............................. [[32mSUCCESS 1[0m in 1.71s]
[2024-07-10T05:28:02.990+0000] {docker.py:436} INFO - [0m05:28:02  6 of 8 START sql table model dbt_schema.partsupp ............................... [RUN]
[2024-07-10T05:28:05.561+0000] {docker.py:436} INFO - [0m05:28:05  6 of 8 OK created sql table model dbt_schema.partsupp .......................... [[32mSUCCESS 1[0m in 2.57s]
[2024-07-10T05:28:05.563+0000] {docker.py:436} INFO - [0m05:28:05  7 of 8 START sql table model dbt_schema.region ................................. [RUN]
[2024-07-10T05:28:06.595+0000] {docker.py:436} INFO - [0m05:28:06  7 of 8 OK created sql table model dbt_schema.region ............................ [[32mSUCCESS 1[0m in 1.03s]
[2024-07-10T05:28:06.601+0000] {docker.py:436} INFO - [0m05:28:06  8 of 8 START sql table model dbt_schema.supplier ............................... [RUN]
[2024-07-10T05:28:07.752+0000] {docker.py:436} INFO - [0m05:28:07  8 of 8 OK created sql table model dbt_schema.supplier .......................... [[32mSUCCESS 1[0m in 1.15s]
[2024-07-10T05:28:07.754+0000] {docker.py:436} INFO - [0m05:28:07
[2024-07-10T05:28:07.755+0000] {docker.py:436} INFO - [0m05:28:07  Finished running 8 table models in 0 hours 0 minutes and 24.18 seconds (24.18s).
[2024-07-10T05:28:07.781+0000] {docker.py:436} INFO - [0m05:28:07
[2024-07-10T05:28:07.781+0000] {docker.py:436} INFO - [0m05:28:07  [32mCompleted successfully[0m
[2024-07-10T05:28:07.781+0000] {docker.py:436} INFO - [0m05:28:07
[2024-07-10T05:28:07.781+0000] {docker.py:436} INFO - [0m05:28:07  Done. PASS=8 WARN=0 ERROR=0 SKIP=0 TOTAL=8
[2024-07-10T05:28:09.433+0000] {taskinstance.py:441} INFO - ::group::Post task execution logs
[2024-07-10T05:28:09.452+0000] {taskinstance.py:1206} INFO - Marking task as SUCCESS. dag_id=etl_pipeline_v5.02, task_id=dbt_run_with_snowflake, run_id=manual__2024-07-10T05:27:40.335930+00:00, execution_date=20240710T052740, start_date=20240710T052741, end_date=20240710T052809
[2024-07-10T05:28:09.506+0000] {local_task_job_runner.py:240} INFO - Task exited with return code 0
[2024-07-10T05:28:09.521+0000] {taskinstance.py:3503} INFO - 1 downstream tasks scheduled from follow-on schedule check
[2024-07-10T05:28:09.525+0000] {local_task_job_runner.py:222} INFO - ::endgroup::
