[2024-07-10T05:15:03.579+0000] {local_task_job_runner.py:120} INFO - ::group::Pre task execution logs
[2024-07-10T05:15:03.608+0000] {taskinstance.py:2076} INFO - Dependencies all met for dep_context=non-requeueable deps ti=<TaskInstance: etl_pipeline_v5.dbt_run_with_snowflake manual__2024-07-10T05:15:02.628889+00:00 [queued]>
[2024-07-10T05:15:03.615+0000] {taskinstance.py:2076} INFO - Dependencies all met for dep_context=requeueable deps ti=<TaskInstance: etl_pipeline_v5.dbt_run_with_snowflake manual__2024-07-10T05:15:02.628889+00:00 [queued]>
[2024-07-10T05:15:03.615+0000] {taskinstance.py:2306} INFO - Starting attempt 1 of 1
[2024-07-10T05:15:03.625+0000] {taskinstance.py:2330} INFO - Executing <Task(DockerOperator): dbt_run_with_snowflake> on 2024-07-10 05:15:02.628889+00:00
[2024-07-10T05:15:03.631+0000] {standard_task_runner.py:90} INFO - Running: ['***', 'tasks', 'run', 'etl_pipeline_v5', 'dbt_run_with_snowflake', 'manual__2024-07-10T05:15:02.628889+00:00', '--job-id', '7', '--raw', '--subdir', 'DAGS_FOLDER/first_dag.py', '--cfg-path', '/tmp/tmptmdaef8z']
[2024-07-10T05:15:03.632+0000] {standard_task_runner.py:91} INFO - Job 7: Subtask dbt_run_with_snowflake
[2024-07-10T05:15:03.633+0000] {logging_mixin.py:188} WARNING - /home/***/.local/lib/python3.12/site-packages/***/task/task_runner/standard_task_runner.py:61 DeprecationWarning: This process (pid=283) is multi-threaded, use of fork() may lead to deadlocks in the child.
[2024-07-10T05:15:03.633+0000] {standard_task_runner.py:63} INFO - Started process 285 to run task
[2024-07-10T05:15:03.675+0000] {task_command.py:426} INFO - Running <TaskInstance: etl_pipeline_v5.dbt_run_with_snowflake manual__2024-07-10T05:15:02.628889+00:00 [running]> on host 93a6f2182f18
[2024-07-10T05:15:03.738+0000] {taskinstance.py:2648} INFO - Exporting env vars: AIRFLOW_CTX_DAG_OWNER='***' AIRFLOW_CTX_DAG_ID='etl_pipeline_v5' AIRFLOW_CTX_TASK_ID='dbt_run_with_snowflake' AIRFLOW_CTX_EXECUTION_DATE='2024-07-10T05:15:02.628889+00:00' AIRFLOW_CTX_TRY_NUMBER='1' AIRFLOW_CTX_DAG_RUN_ID='manual__2024-07-10T05:15:02.628889+00:00'
[2024-07-10T05:15:03.739+0000] {taskinstance.py:430} INFO - ::endgroup::
[2024-07-10T05:15:03.762+0000] {docker.py:366} INFO - Starting docker container from image ghcr.io/dbt-labs/dbt-snowflake:latest
[2024-07-10T05:15:03.764+0000] {docker.py:374} WARNING - Using remote engine or docker-in-docker and mounting temporary volume from host is not supported. Falling back to `mount_tmp_dir=False` mode. You can set `mount_tmp_dir` parameter to False to disable mounting and remove the warning
[2024-07-10T05:15:05.355+0000] {docker.py:436} INFO - [0m05:15:05  Running with dbt=1.8.2
[2024-07-10T05:15:05.686+0000] {docker.py:436} INFO - [0m05:15:05  Registered adapter: snowflake=1.8.3
[2024-07-10T05:15:05.889+0000] {docker.py:436} INFO - [0m05:15:05  Found 8 models, 8 sources, 444 macros
[2024-07-10T05:15:05.891+0000] {docker.py:436} INFO - [0m05:15:05
[2024-07-10T05:15:07.135+0000] {docker.py:436} INFO - [0m05:15:07  Concurrency: 1 threads (target='dev')
[2024-07-10T05:15:07.137+0000] {docker.py:436} INFO - [0m05:15:07
[2024-07-10T05:15:07.167+0000] {docker.py:436} INFO - [0m05:15:07  1 of 8 START sql table model dbt_schema.customer ............................... [RUN]
[2024-07-10T05:15:08.798+0000] {docker.py:436} INFO - [0m05:15:08  1 of 8 OK created sql table model dbt_schema.customer .......................... [[32mSUCCESS 1[0m in 1.63s]
[2024-07-10T05:15:08.801+0000] {docker.py:436} INFO - [0m05:15:08  2 of 8 START sql table model dbt_schema.lineitem ............................... [RUN]
[2024-07-10T05:15:19.058+0000] {docker.py:436} INFO - [0m05:15:19  2 of 8 OK created sql table model dbt_schema.lineitem .......................... [[32mSUCCESS 1[0m in 10.25s]
[2024-07-10T05:15:19.064+0000] {docker.py:436} INFO - [0m05:15:19  3 of 8 START sql table model dbt_schema.nation ................................. [RUN]
[2024-07-10T05:15:20.063+0000] {docker.py:436} INFO - [0m05:15:20  3 of 8 OK created sql table model dbt_schema.nation ............................ [[32mSUCCESS 1[0m in 1.00s]
[2024-07-10T05:15:20.064+0000] {docker.py:436} INFO - [0m05:15:20  4 of 8 START sql table model dbt_schema.orders ................................. [RUN]
[2024-07-10T05:15:23.231+0000] {docker.py:436} INFO - [0m05:15:23  4 of 8 OK created sql table model dbt_schema.orders ............................ [[32mSUCCESS 1[0m in 3.16s]
[2024-07-10T05:15:23.232+0000] {docker.py:436} INFO - [0m05:15:23  5 of 8 START sql table model dbt_schema.part ................................... [RUN]
[2024-07-10T05:15:24.821+0000] {docker.py:436} INFO - [0m05:15:24  5 of 8 OK created sql table model dbt_schema.part .............................. [[32mSUCCESS 1[0m in 1.58s]
[2024-07-10T05:15:24.827+0000] {docker.py:436} INFO - [0m05:15:24  6 of 8 START sql table model dbt_schema.partsupp ............................... [RUN]
[2024-07-10T05:15:27.099+0000] {docker.py:436} INFO - [0m05:15:27  6 of 8 OK created sql table model dbt_schema.partsupp .......................... [[32mSUCCESS 1[0m in 2.27s]
[2024-07-10T05:15:27.101+0000] {docker.py:436} INFO - [0m05:15:27  7 of 8 START sql table model dbt_schema.region ................................. [RUN]
[2024-07-10T05:15:28.101+0000] {docker.py:436} INFO - [0m05:15:28  7 of 8 OK created sql table model dbt_schema.region ............................ [[32mSUCCESS 1[0m in 1.00s]
[2024-07-10T05:15:28.107+0000] {docker.py:436} INFO - [0m05:15:28  8 of 8 START sql table model dbt_schema.supplier ............................... [RUN]
[2024-07-10T05:15:29.289+0000] {docker.py:436} INFO - [0m05:15:29  8 of 8 OK created sql table model dbt_schema.supplier .......................... [[32mSUCCESS 1[0m in 1.18s]
[2024-07-10T05:15:29.294+0000] {docker.py:436} INFO - [0m05:15:29
[2024-07-10T05:15:29.295+0000] {docker.py:436} INFO - [0m05:15:29  Finished running 8 table models in 0 hours 0 minutes and 23.40 seconds (23.40s).
[2024-07-10T05:15:29.341+0000] {docker.py:436} INFO - [0m05:15:29
[2024-07-10T05:15:29.341+0000] {docker.py:436} INFO - [0m05:15:29  [32mCompleted successfully[0m
[2024-07-10T05:15:29.341+0000] {docker.py:436} INFO - [0m05:15:29
[2024-07-10T05:15:29.341+0000] {docker.py:436} INFO - [0m05:15:29  Done. PASS=8 WARN=0 ERROR=0 SKIP=0 TOTAL=8
[2024-07-10T05:15:30.897+0000] {taskinstance.py:441} INFO - ::group::Post task execution logs
[2024-07-10T05:15:30.915+0000] {taskinstance.py:1206} INFO - Marking task as SUCCESS. dag_id=etl_pipeline_v5, task_id=dbt_run_with_snowflake, run_id=manual__2024-07-10T05:15:02.628889+00:00, execution_date=20240710T051502, start_date=20240710T051503, end_date=20240710T051530
[2024-07-10T05:15:30.939+0000] {local_task_job_runner.py:240} INFO - Task exited with return code 0
[2024-07-10T05:15:30.953+0000] {taskinstance.py:3503} INFO - 1 downstream tasks scheduled from follow-on schedule check
[2024-07-10T05:15:30.954+0000] {local_task_job_runner.py:222} INFO - ::endgroup::
