[2024-07-10T05:12:11.737+0000] {local_task_job_runner.py:120} INFO - ::group::Pre task execution logs
[2024-07-10T05:12:11.764+0000] {taskinstance.py:2076} INFO - Dependencies all met for dep_context=non-requeueable deps ti=<TaskInstance: etl_pipeline_v4.dbt_run_with_snowflake manual__2024-07-10T05:12:10.688187+00:00 [queued]>
[2024-07-10T05:12:11.770+0000] {taskinstance.py:2076} INFO - Dependencies all met for dep_context=requeueable deps ti=<TaskInstance: etl_pipeline_v4.dbt_run_with_snowflake manual__2024-07-10T05:12:10.688187+00:00 [queued]>
[2024-07-10T05:12:11.771+0000] {taskinstance.py:2306} INFO - Starting attempt 1 of 1
[2024-07-10T05:12:11.781+0000] {taskinstance.py:2330} INFO - Executing <Task(DockerOperator): dbt_run_with_snowflake> on 2024-07-10 05:12:10.688187+00:00
[2024-07-10T05:12:11.790+0000] {logging_mixin.py:188} WARNING - /home/***/.local/lib/python3.12/site-packages/***/task/task_runner/standard_task_runner.py:61 DeprecationWarning: This process (pid=186) is multi-threaded, use of fork() may lead to deadlocks in the child.
[2024-07-10T05:12:11.790+0000] {standard_task_runner.py:63} INFO - Started process 188 to run task
[2024-07-10T05:12:11.790+0000] {standard_task_runner.py:90} INFO - Running: ['***', 'tasks', 'run', 'etl_pipeline_v4', 'dbt_run_with_snowflake', 'manual__2024-07-10T05:12:10.688187+00:00', '--job-id', '3', '--raw', '--subdir', 'DAGS_FOLDER/first_dag.py', '--cfg-path', '/tmp/tmp2yo_0l6f']
[2024-07-10T05:12:11.791+0000] {standard_task_runner.py:91} INFO - Job 3: Subtask dbt_run_with_snowflake
[2024-07-10T05:12:11.824+0000] {task_command.py:426} INFO - Running <TaskInstance: etl_pipeline_v4.dbt_run_with_snowflake manual__2024-07-10T05:12:10.688187+00:00 [running]> on host 93a6f2182f18
[2024-07-10T05:12:11.885+0000] {taskinstance.py:2648} INFO - Exporting env vars: AIRFLOW_CTX_DAG_OWNER='***' AIRFLOW_CTX_DAG_ID='etl_pipeline_v4' AIRFLOW_CTX_TASK_ID='dbt_run_with_snowflake' AIRFLOW_CTX_EXECUTION_DATE='2024-07-10T05:12:10.688187+00:00' AIRFLOW_CTX_TRY_NUMBER='1' AIRFLOW_CTX_DAG_RUN_ID='manual__2024-07-10T05:12:10.688187+00:00'
[2024-07-10T05:12:11.886+0000] {taskinstance.py:430} INFO - ::endgroup::
[2024-07-10T05:12:11.918+0000] {docker.py:366} INFO - Starting docker container from image ghcr.io/dbt-labs/dbt-snowflake:latest
[2024-07-10T05:12:11.920+0000] {docker.py:374} WARNING - Using remote engine or docker-in-docker and mounting temporary volume from host is not supported. Falling back to `mount_tmp_dir=False` mode. You can set `mount_tmp_dir` parameter to False to disable mounting and remove the warning
[2024-07-10T05:12:13.350+0000] {docker.py:436} INFO - [0m05:12:13  Running with dbt=1.8.2
[2024-07-10T05:12:13.677+0000] {docker.py:436} INFO - [0m05:12:13  Registered adapter: snowflake=1.8.3
[2024-07-10T05:12:13.870+0000] {docker.py:436} INFO - [0m05:12:13  Found 8 models, 8 sources, 444 macros
[2024-07-10T05:12:13.872+0000] {docker.py:436} INFO - [0m05:12:13
[2024-07-10T05:12:15.088+0000] {docker.py:436} INFO - [0m05:12:15  Concurrency: 1 threads (target='dev')
[2024-07-10T05:12:15.089+0000] {docker.py:436} INFO - [0m05:12:15
[2024-07-10T05:12:15.102+0000] {docker.py:436} INFO - [0m05:12:15  1 of 8 START sql table model dbt_schema.customer ............................... [RUN]
[2024-07-10T05:12:17.368+0000] {docker.py:436} INFO - [0m05:12:17  1 of 8 OK created sql table model dbt_schema.customer .......................... [[32mSUCCESS 1[0m in 2.26s]
[2024-07-10T05:12:17.369+0000] {docker.py:436} INFO - [0m05:12:17  2 of 8 START sql table model dbt_schema.lineitem ............................... [RUN]
[2024-07-10T05:12:28.092+0000] {docker.py:436} INFO - [0m05:12:28  2 of 8 OK created sql table model dbt_schema.lineitem .......................... [[32mSUCCESS 1[0m in 10.72s]
[2024-07-10T05:12:28.093+0000] {docker.py:436} INFO - [0m05:12:28  3 of 8 START sql table model dbt_schema.nation ................................. [RUN]
[2024-07-10T05:12:29.324+0000] {docker.py:436} INFO - [0m05:12:29  3 of 8 OK created sql table model dbt_schema.nation ............................ [[32mSUCCESS 1[0m in 1.23s]
[2024-07-10T05:12:29.327+0000] {docker.py:436} INFO - [0m05:12:29  4 of 8 START sql table model dbt_schema.orders ................................. [RUN]
[2024-07-10T05:12:32.459+0000] {docker.py:436} INFO - [0m05:12:32  4 of 8 OK created sql table model dbt_schema.orders ............................ [[32mSUCCESS 1[0m in 3.13s]
[2024-07-10T05:12:32.461+0000] {docker.py:436} INFO - [0m05:12:32  5 of 8 START sql table model dbt_schema.part ................................... [RUN]
[2024-07-10T05:12:34.865+0000] {docker.py:436} INFO - [0m05:12:34  5 of 8 OK created sql table model dbt_schema.part .............................. [[32mSUCCESS 1[0m in 2.40s]
[2024-07-10T05:12:34.866+0000] {docker.py:436} INFO - [0m05:12:34  6 of 8 START sql table model dbt_schema.partsupp ............................... [RUN]
[2024-07-10T05:12:37.257+0000] {docker.py:436} INFO - [0m05:12:37  6 of 8 OK created sql table model dbt_schema.partsupp .......................... [[32mSUCCESS 1[0m in 2.39s]
[2024-07-10T05:12:37.258+0000] {docker.py:436} INFO - [0m05:12:37  7 of 8 START sql table model dbt_schema.region ................................. [RUN]
[2024-07-10T05:12:38.289+0000] {docker.py:436} INFO - [0m05:12:38  7 of 8 OK created sql table model dbt_schema.region ............................ [[32mSUCCESS 1[0m in 1.03s]
[2024-07-10T05:12:38.290+0000] {docker.py:436} INFO - [0m05:12:38  8 of 8 START sql table model dbt_schema.supplier ............................... [RUN]
[2024-07-10T05:12:39.426+0000] {docker.py:436} INFO - [0m05:12:39  8 of 8 OK created sql table model dbt_schema.supplier .......................... [[32mSUCCESS 1[0m in 1.13s]
[2024-07-10T05:12:39.428+0000] {docker.py:436} INFO - [0m05:12:39
[2024-07-10T05:12:39.428+0000] {docker.py:436} INFO - [0m05:12:39  Finished running 8 table models in 0 hours 0 minutes and 25.56 seconds (25.56s).
[2024-07-10T05:12:39.454+0000] {docker.py:436} INFO - [0m05:12:39
[2024-07-10T05:12:39.454+0000] {docker.py:436} INFO - [0m05:12:39  [32mCompleted successfully[0m
[2024-07-10T05:12:39.454+0000] {docker.py:436} INFO - [0m05:12:39
[2024-07-10T05:12:39.455+0000] {docker.py:436} INFO - [0m05:12:39  Done. PASS=8 WARN=0 ERROR=0 SKIP=0 TOTAL=8
[2024-07-10T05:12:40.961+0000] {taskinstance.py:441} INFO - ::group::Post task execution logs
[2024-07-10T05:12:40.978+0000] {taskinstance.py:1206} INFO - Marking task as SUCCESS. dag_id=etl_pipeline_v4, task_id=dbt_run_with_snowflake, run_id=manual__2024-07-10T05:12:10.688187+00:00, execution_date=20240710T051210, start_date=20240710T051211, end_date=20240710T051240
[2024-07-10T05:12:41.008+0000] {local_task_job_runner.py:240} INFO - Task exited with return code 0
[2024-07-10T05:12:41.023+0000] {taskinstance.py:3503} INFO - 1 downstream tasks scheduled from follow-on schedule check
[2024-07-10T05:12:41.025+0000] {local_task_job_runner.py:222} INFO - ::endgroup::
