[2024-07-10T04:16:49.721+0000] {local_task_job_runner.py:120} INFO - ::group::Pre task execution logs
[2024-07-10T04:16:49.748+0000] {taskinstance.py:2076} INFO - Dependencies all met for dep_context=non-requeueable deps ti=<TaskInstance: etl_pipeline_v1.dbt_run_with_snowflake manual__2024-07-10T04:16:48.471789+00:00 [queued]>
[2024-07-10T04:16:49.754+0000] {taskinstance.py:2076} INFO - Dependencies all met for dep_context=requeueable deps ti=<TaskInstance: etl_pipeline_v1.dbt_run_with_snowflake manual__2024-07-10T04:16:48.471789+00:00 [queued]>
[2024-07-10T04:16:49.755+0000] {taskinstance.py:2306} INFO - Starting attempt 1 of 1
[2024-07-10T04:16:49.765+0000] {taskinstance.py:2330} INFO - Executing <Task(DockerOperator): dbt_run_with_snowflake> on 2024-07-10 04:16:48.471789+00:00
[2024-07-10T04:16:49.770+0000] {standard_task_runner.py:90} INFO - Running: ['***', 'tasks', 'run', 'etl_pipeline_v1', 'dbt_run_with_snowflake', 'manual__2024-07-10T04:16:48.471789+00:00', '--job-id', '4', '--raw', '--subdir', 'DAGS_FOLDER/first_dag.py', '--cfg-path', '/tmp/tmputbxjd5i']
[2024-07-10T04:16:49.772+0000] {standard_task_runner.py:91} INFO - Job 4: Subtask dbt_run_with_snowflake
[2024-07-10T04:16:49.773+0000] {logging_mixin.py:188} WARNING - /home/***/.local/lib/python3.12/site-packages/***/task/task_runner/standard_task_runner.py:61 DeprecationWarning: This process (pid=180) is multi-threaded, use of fork() may lead to deadlocks in the child.
[2024-07-10T04:16:49.773+0000] {standard_task_runner.py:63} INFO - Started process 181 to run task
[2024-07-10T04:16:49.805+0000] {task_command.py:426} INFO - Running <TaskInstance: etl_pipeline_v1.dbt_run_with_snowflake manual__2024-07-10T04:16:48.471789+00:00 [running]> on host 4ff907adeb6d
[2024-07-10T04:16:49.868+0000] {taskinstance.py:2648} INFO - Exporting env vars: AIRFLOW_CTX_DAG_OWNER='***' AIRFLOW_CTX_DAG_ID='etl_pipeline_v1' AIRFLOW_CTX_TASK_ID='dbt_run_with_snowflake' AIRFLOW_CTX_EXECUTION_DATE='2024-07-10T04:16:48.471789+00:00' AIRFLOW_CTX_TRY_NUMBER='1' AIRFLOW_CTX_DAG_RUN_ID='manual__2024-07-10T04:16:48.471789+00:00'
[2024-07-10T04:16:49.868+0000] {taskinstance.py:430} INFO - ::endgroup::
[2024-07-10T04:16:49.903+0000] {docker.py:366} INFO - Starting docker container from image ghcr.io/dbt-labs/dbt-snowflake:latest
[2024-07-10T04:16:49.905+0000] {docker.py:374} WARNING - Using remote engine or docker-in-docker and mounting temporary volume from host is not supported. Falling back to `mount_tmp_dir=False` mode. You can set `mount_tmp_dir` parameter to False to disable mounting and remove the warning
[2024-07-10T04:16:51.927+0000] {docker.py:436} INFO - [0m04:16:51  Running with dbt=1.8.2
[2024-07-10T04:16:52.257+0000] {docker.py:436} INFO - [0m04:16:52  Registered adapter: snowflake=1.8.3
[2024-07-10T04:16:52.454+0000] {docker.py:436} INFO - [0m04:16:52  Found 8 models, 8 sources, 444 macros
[2024-07-10T04:16:52.456+0000] {docker.py:436} INFO - [0m04:16:52
[2024-07-10T04:16:53.698+0000] {docker.py:436} INFO - [0m04:16:53  Concurrency: 1 threads (target='dev')
[2024-07-10T04:16:53.698+0000] {docker.py:436} INFO - [0m04:16:53
[2024-07-10T04:16:53.705+0000] {docker.py:436} INFO - [0m04:16:53  1 of 8 START sql table model dbt_schema.customer ............................... [RUN]
[2024-07-10T04:16:55.216+0000] {docker.py:436} INFO - [0m04:16:55  1 of 8 OK created sql table model dbt_schema.customer .......................... [[32mSUCCESS 1[0m in 1.51s]
[2024-07-10T04:16:55.218+0000] {docker.py:436} INFO - [0m04:16:55  2 of 8 START sql table model dbt_schema.lineitem ............................... [RUN]
[2024-07-10T04:17:05.116+0000] {docker.py:436} INFO - [0m04:17:05  2 of 8 OK created sql table model dbt_schema.lineitem .......................... [[32mSUCCESS 1[0m in 9.89s]
[2024-07-10T04:17:05.123+0000] {docker.py:436} INFO - [0m04:17:05  3 of 8 START sql table model dbt_schema.nation ................................. [RUN]
[2024-07-10T04:17:06.269+0000] {docker.py:436} INFO - [0m04:17:06  3 of 8 OK created sql table model dbt_schema.nation ............................ [[32mSUCCESS 1[0m in 1.15s]
[2024-07-10T04:17:06.270+0000] {docker.py:436} INFO - [0m04:17:06  4 of 8 START sql table model dbt_schema.orders ................................. [RUN]
[2024-07-10T04:17:09.096+0000] {docker.py:436} INFO - [0m04:17:09  4 of 8 OK created sql table model dbt_schema.orders ............................ [[32mSUCCESS 1[0m in 2.82s]
[2024-07-10T04:17:09.098+0000] {docker.py:436} INFO - [0m04:17:09  5 of 8 START sql table model dbt_schema.part ................................... [RUN]
[2024-07-10T04:17:10.638+0000] {docker.py:436} INFO - [0m04:17:10  5 of 8 OK created sql table model dbt_schema.part .............................. [[32mSUCCESS 1[0m in 1.54s]
[2024-07-10T04:17:10.644+0000] {docker.py:436} INFO - [0m04:17:10  6 of 8 START sql table model dbt_schema.partsupp ............................... [RUN]
[2024-07-10T04:17:13.327+0000] {docker.py:436} INFO - [0m04:17:13  6 of 8 OK created sql table model dbt_schema.partsupp .......................... [[32mSUCCESS 1[0m in 2.68s]
[2024-07-10T04:17:13.333+0000] {docker.py:436} INFO - [0m04:17:13  7 of 8 START sql table model dbt_schema.region ................................. [RUN]
[2024-07-10T04:17:14.336+0000] {docker.py:436} INFO - [0m04:17:14  7 of 8 OK created sql table model dbt_schema.region ............................ [[32mSUCCESS 1[0m in 1.00s]
[2024-07-10T04:17:14.342+0000] {docker.py:436} INFO - [0m04:17:14  8 of 8 START sql table model dbt_schema.supplier ............................... [RUN]
[2024-07-10T04:17:15.380+0000] {docker.py:436} INFO - [0m04:17:15  8 of 8 OK created sql table model dbt_schema.supplier .......................... [[32mSUCCESS 1[0m in 1.03s]
[2024-07-10T04:17:15.405+0000] {docker.py:436} INFO - [0m04:17:15  
[0m04:17:15  Finished running 8 table models in 0 hours 0 minutes and 22.94 seconds (22.94s).
[2024-07-10T04:17:15.493+0000] {docker.py:436} INFO - [0m04:17:15
[2024-07-10T04:17:15.495+0000] {docker.py:436} INFO - [0m04:17:15  [32mCompleted successfully[0m
[0m04:17:15  
[0m04:17:15  Done. PASS=8 WARN=0 ERROR=0 SKIP=0 TOTAL=8
[2024-07-10T04:17:16.894+0000] {taskinstance.py:441} INFO - ::group::Post task execution logs
[2024-07-10T04:17:16.912+0000] {taskinstance.py:1206} INFO - Marking task as SUCCESS. dag_id=etl_pipeline_v1, task_id=dbt_run_with_snowflake, run_id=manual__2024-07-10T04:16:48.471789+00:00, execution_date=20240710T041648, start_date=20240710T041649, end_date=20240710T041716
[2024-07-10T04:17:16.958+0000] {local_task_job_runner.py:240} INFO - Task exited with return code 0
[2024-07-10T04:17:16.978+0000] {taskinstance.py:3503} INFO - 1 downstream tasks scheduled from follow-on schedule check
[2024-07-10T04:17:16.980+0000] {local_task_job_runner.py:222} INFO - ::endgroup::
