[2024-07-10T08:37:36.576+0000] {local_task_job_runner.py:120} INFO - ::group::Pre task execution logs
[2024-07-10T08:37:36.606+0000] {taskinstance.py:2076} INFO - Dependencies all met for dep_context=non-requeueable deps ti=<TaskInstance: practice_dag.second scheduled__2024-07-09T00:00:00+00:00 [queued]>
[2024-07-10T08:37:36.613+0000] {taskinstance.py:2076} INFO - Dependencies all met for dep_context=requeueable deps ti=<TaskInstance: practice_dag.second scheduled__2024-07-09T00:00:00+00:00 [queued]>
[2024-07-10T08:37:36.614+0000] {taskinstance.py:2306} INFO - Starting attempt 1 of 1
[2024-07-10T08:37:36.624+0000] {taskinstance.py:2330} INFO - Executing <Task(BashOperator): second> on 2024-07-09 00:00:00+00:00
[2024-07-10T08:37:36.631+0000] {standard_task_runner.py:90} INFO - Running: ['***', 'tasks', 'run', 'practice_dag', 'second', 'scheduled__2024-07-09T00:00:00+00:00', '--job-id', '5', '--raw', '--subdir', 'DAGS_FOLDER/second_dag.py', '--cfg-path', '/tmp/tmp9v05f58w']
[2024-07-10T08:37:36.632+0000] {standard_task_runner.py:91} INFO - Job 5: Subtask second
[2024-07-10T08:37:36.633+0000] {logging_mixin.py:188} WARNING - /home/***/.local/lib/python3.12/site-packages/***/task/task_runner/standard_task_runner.py:61 DeprecationWarning: This process (pid=195) is multi-threaded, use of fork() may lead to deadlocks in the child.
[2024-07-10T08:37:36.634+0000] {standard_task_runner.py:63} INFO - Started process 199 to run task
[2024-07-10T08:37:36.672+0000] {task_command.py:426} INFO - Running <TaskInstance: practice_dag.second scheduled__2024-07-09T00:00:00+00:00 [running]> on host c1e46b5cfb9a
[2024-07-10T08:37:36.742+0000] {taskinstance.py:2648} INFO - Exporting env vars: AIRFLOW_CTX_DAG_OWNER='***' AIRFLOW_CTX_DAG_ID='practice_dag' AIRFLOW_CTX_TASK_ID='second' AIRFLOW_CTX_EXECUTION_DATE='2024-07-09T00:00:00+00:00' AIRFLOW_CTX_TRY_NUMBER='1' AIRFLOW_CTX_DAG_RUN_ID='scheduled__2024-07-09T00:00:00+00:00'
[2024-07-10T08:37:36.743+0000] {taskinstance.py:430} INFO - ::endgroup::
[2024-07-10T08:37:36.756+0000] {subprocess.py:63} INFO - Tmp dir root location: /tmp
[2024-07-10T08:37:36.757+0000] {subprocess.py:75} INFO - Running command: ['/usr/bin/bash', '-c', 'echo second']
[2024-07-10T08:37:36.765+0000] {subprocess.py:86} INFO - Output:
[2024-07-10T08:37:36.767+0000] {subprocess.py:93} INFO - second
[2024-07-10T08:37:36.767+0000] {subprocess.py:97} INFO - Command exited with return code 0
[2024-07-10T08:37:36.768+0000] {taskinstance.py:441} INFO - ::group::Post task execution logs
[2024-07-10T08:37:36.796+0000] {taskinstance.py:1206} INFO - Marking task as SUCCESS. dag_id=practice_dag, task_id=second, run_id=scheduled__2024-07-09T00:00:00+00:00, execution_date=20240709T000000, start_date=20240710T083736, end_date=20240710T083736
[2024-07-10T08:37:36.850+0000] {local_task_job_runner.py:240} INFO - Task exited with return code 0
[2024-07-10T08:37:36.865+0000] {taskinstance.py:3503} INFO - 0 downstream tasks scheduled from follow-on schedule check
[2024-07-10T08:37:36.866+0000] {local_task_job_runner.py:222} INFO - ::endgroup::
