[2024-07-10T04:14:29.224+0000] {local_task_job_runner.py:120} INFO - ::group::Pre task execution logs
[2024-07-10T04:14:29.255+0000] {taskinstance.py:2076} INFO - Dependencies all met for dep_context=non-requeueable deps ti=<TaskInstance: etl_pipeline_v1.dbt_run_with_snowflake scheduled__2024-07-09T00:00:00+00:00 [queued]>
[2024-07-10T04:14:29.264+0000] {taskinstance.py:2076} INFO - Dependencies all met for dep_context=requeueable deps ti=<TaskInstance: etl_pipeline_v1.dbt_run_with_snowflake scheduled__2024-07-09T00:00:00+00:00 [queued]>
[2024-07-10T04:14:29.264+0000] {taskinstance.py:2306} INFO - Starting attempt 1 of 1
[2024-07-10T04:14:29.278+0000] {taskinstance.py:2330} INFO - Executing <Task(DockerOperator): dbt_run_with_snowflake> on 2024-07-09 00:00:00+00:00
[2024-07-10T04:14:29.283+0000] {standard_task_runner.py:90} INFO - Running: ['***', 'tasks', 'run', 'etl_pipeline_v1', 'dbt_run_with_snowflake', 'scheduled__2024-07-09T00:00:00+00:00', '--job-id', '7', '--raw', '--subdir', 'DAGS_FOLDER/first_dag.py', '--cfg-path', '/tmp/tmp6y0q9_5x']
[2024-07-10T04:14:29.285+0000] {standard_task_runner.py:91} INFO - Job 7: Subtask dbt_run_with_snowflake
[2024-07-10T04:14:29.286+0000] {logging_mixin.py:188} WARNING - /home/***/.local/lib/python3.12/site-packages/***/task/task_runner/standard_task_runner.py:61 DeprecationWarning: This process (pid=415) is multi-threaded, use of fork() may lead to deadlocks in the child.
[2024-07-10T04:14:29.286+0000] {standard_task_runner.py:63} INFO - Started process 418 to run task
[2024-07-10T04:14:29.320+0000] {task_command.py:426} INFO - Running <TaskInstance: etl_pipeline_v1.dbt_run_with_snowflake scheduled__2024-07-09T00:00:00+00:00 [running]> on host f0c32192715b
[2024-07-10T04:14:29.385+0000] {taskinstance.py:2648} INFO - Exporting env vars: AIRFLOW_CTX_DAG_OWNER='***' AIRFLOW_CTX_DAG_ID='etl_pipeline_v1' AIRFLOW_CTX_TASK_ID='dbt_run_with_snowflake' AIRFLOW_CTX_EXECUTION_DATE='2024-07-09T00:00:00+00:00' AIRFLOW_CTX_TRY_NUMBER='1' AIRFLOW_CTX_DAG_RUN_ID='scheduled__2024-07-09T00:00:00+00:00'
[2024-07-10T04:14:29.386+0000] {taskinstance.py:430} INFO - ::endgroup::
[2024-07-10T04:14:29.408+0000] {docker.py:366} INFO - Starting docker container from image ghcr.io/dbt-labs/dbt-snowflake:latest
[2024-07-10T04:14:29.409+0000] {docker.py:374} WARNING - Using remote engine or docker-in-docker and mounting temporary volume from host is not supported. Falling back to `mount_tmp_dir=False` mode. You can set `mount_tmp_dir` parameter to False to disable mounting and remove the warning
[2024-07-10T04:14:31.012+0000] {docker.py:436} INFO - [0m04:14:31  Running with dbt=1.8.2
[2024-07-10T04:14:31.341+0000] {docker.py:436} INFO - [0m04:14:31  Registered adapter: snowflake=1.8.3
[2024-07-10T04:14:31.543+0000] {docker.py:436} INFO - [0m04:14:31  Found 8 models, 8 sources, 444 macros
[2024-07-10T04:14:31.545+0000] {docker.py:436} INFO - [0m04:14:31
[2024-07-10T04:14:32.679+0000] {docker.py:436} INFO - [0m04:14:32  Concurrency: 1 threads (target='dev')
[2024-07-10T04:14:32.680+0000] {docker.py:436} INFO - [0m04:14:32
[2024-07-10T04:14:32.687+0000] {docker.py:436} INFO - [0m04:14:32  1 of 8 START sql table model dbt_schema.customer ............................... [RUN]
[2024-07-10T04:14:34.480+0000] {docker.py:436} INFO - [0m04:14:34  1 of 8 OK created sql table model dbt_schema.customer .......................... [[32mSUCCESS 1[0m in 1.79s]
[2024-07-10T04:14:34.481+0000] {docker.py:436} INFO - [0m04:14:34  2 of 8 START sql table model dbt_schema.lineitem ............................... [RUN]
[2024-07-10T04:14:44.601+0000] {docker.py:436} INFO - [0m04:14:44  2 of 8 OK created sql table model dbt_schema.lineitem .......................... [[32mSUCCESS 1[0m in 10.12s]
[2024-07-10T04:14:44.602+0000] {docker.py:436} INFO - [0m04:14:44  3 of 8 START sql table model dbt_schema.nation ................................. [RUN]
[2024-07-10T04:14:45.704+0000] {docker.py:436} INFO - [0m04:14:45  3 of 8 OK created sql table model dbt_schema.nation ............................ [[32mSUCCESS 1[0m in 1.10s]
[2024-07-10T04:14:45.709+0000] {docker.py:436} INFO - [0m04:14:45  4 of 8 START sql table model dbt_schema.orders ................................. [RUN]
[2024-07-10T04:14:48.700+0000] {docker.py:436} INFO - [0m04:14:48  4 of 8 OK created sql table model dbt_schema.orders ............................ [[32mSUCCESS 1[0m in 2.99s]
[2024-07-10T04:14:48.706+0000] {docker.py:436} INFO - [0m04:14:48  5 of 8 START sql table model dbt_schema.part ................................... [RUN]
[2024-07-10T04:14:50.304+0000] {docker.py:436} INFO - [0m04:14:50  5 of 8 OK created sql table model dbt_schema.part .............................. [[32mSUCCESS 1[0m in 1.60s]
[2024-07-10T04:14:50.307+0000] {docker.py:436} INFO - [0m04:14:50  6 of 8 START sql table model dbt_schema.partsupp ............................... [RUN]
[2024-07-10T04:14:52.864+0000] {docker.py:436} INFO - [0m04:14:52  6 of 8 OK created sql table model dbt_schema.partsupp .......................... [[32mSUCCESS 1[0m in 2.56s]
[2024-07-10T04:14:52.865+0000] {docker.py:436} INFO - [0m04:14:52  7 of 8 START sql table model dbt_schema.region ................................. [RUN]
[2024-07-10T04:14:53.872+0000] {docker.py:436} INFO - [0m04:14:53  7 of 8 OK created sql table model dbt_schema.region ............................ [[32mSUCCESS 1[0m in 1.00s]
[2024-07-10T04:14:53.875+0000] {docker.py:436} INFO - [0m04:14:53  8 of 8 START sql table model dbt_schema.supplier ............................... [RUN]
[2024-07-10T04:14:54.860+0000] {docker.py:436} INFO - [0m04:14:54  8 of 8 OK created sql table model dbt_schema.supplier .......................... [[32mSUCCESS 1[0m in 0.98s]
[2024-07-10T04:14:54.863+0000] {docker.py:436} INFO - [0m04:14:54
[2024-07-10T04:14:54.863+0000] {docker.py:436} INFO - [0m04:14:54  Finished running 8 table models in 0 hours 0 minutes and 23.32 seconds (23.32s).
[2024-07-10T04:14:54.891+0000] {docker.py:436} INFO - [0m04:14:54
[2024-07-10T04:14:54.891+0000] {docker.py:436} INFO - [0m04:14:54  [32mCompleted successfully[0m
[2024-07-10T04:14:54.892+0000] {docker.py:436} INFO - [0m04:14:54
[2024-07-10T04:14:54.892+0000] {docker.py:436} INFO - [0m04:14:54  Done. PASS=8 WARN=0 ERROR=0 SKIP=0 TOTAL=8
[2024-07-10T04:14:56.434+0000] {taskinstance.py:441} INFO - ::group::Post task execution logs
[2024-07-10T04:14:56.499+0000] {taskinstance.py:1206} INFO - Marking task as SUCCESS. dag_id=etl_pipeline_v1, task_id=dbt_run_with_snowflake, run_id=scheduled__2024-07-09T00:00:00+00:00, execution_date=20240709T000000, start_date=20240710T041429, end_date=20240710T041456
[2024-07-10T04:14:56.544+0000] {local_task_job_runner.py:240} INFO - Task exited with return code 0
[2024-07-10T04:14:56.566+0000] {taskinstance.py:3503} INFO - 1 downstream tasks scheduled from follow-on schedule check
[2024-07-10T04:14:56.569+0000] {local_task_job_runner.py:222} INFO - ::endgroup::
[2024-07-10T04:16:49.721+0000] {local_task_job_runner.py:120} INFO - ::group::Pre task execution logs
[2024-07-10T04:16:49.748+0000] {taskinstance.py:2076} INFO - Dependencies all met for dep_context=non-requeueable deps ti=<TaskInstance: etl_pipeline_v1.dbt_run_with_snowflake scheduled__2024-07-09T00:00:00+00:00 [queued]>
[2024-07-10T04:16:49.754+0000] {taskinstance.py:2076} INFO - Dependencies all met for dep_context=requeueable deps ti=<TaskInstance: etl_pipeline_v1.dbt_run_with_snowflake scheduled__2024-07-09T00:00:00+00:00 [queued]>
[2024-07-10T04:16:49.755+0000] {taskinstance.py:2306} INFO - Starting attempt 1 of 1
[2024-07-10T04:16:49.766+0000] {taskinstance.py:2330} INFO - Executing <Task(DockerOperator): dbt_run_with_snowflake> on 2024-07-09 00:00:00+00:00
[2024-07-10T04:16:49.772+0000] {standard_task_runner.py:90} INFO - Running: ['***', 'tasks', 'run', 'etl_pipeline_v1', 'dbt_run_with_snowflake', 'scheduled__2024-07-09T00:00:00+00:00', '--job-id', '3', '--raw', '--subdir', 'DAGS_FOLDER/first_dag.py', '--cfg-path', '/tmp/tmphlzs1lzg']
[2024-07-10T04:16:49.774+0000] {standard_task_runner.py:91} INFO - Job 3: Subtask dbt_run_with_snowflake
[2024-07-10T04:16:49.774+0000] {logging_mixin.py:188} WARNING - /home/***/.local/lib/python3.12/site-packages/***/task/task_runner/standard_task_runner.py:61 DeprecationWarning: This process (pid=179) is multi-threaded, use of fork() may lead to deadlocks in the child.
[2024-07-10T04:16:49.775+0000] {standard_task_runner.py:63} INFO - Started process 182 to run task
[2024-07-10T04:16:49.805+0000] {task_command.py:426} INFO - Running <TaskInstance: etl_pipeline_v1.dbt_run_with_snowflake scheduled__2024-07-09T00:00:00+00:00 [running]> on host 4ff907adeb6d
[2024-07-10T04:16:49.870+0000] {taskinstance.py:2648} INFO - Exporting env vars: AIRFLOW_CTX_DAG_OWNER='***' AIRFLOW_CTX_DAG_ID='etl_pipeline_v1' AIRFLOW_CTX_TASK_ID='dbt_run_with_snowflake' AIRFLOW_CTX_EXECUTION_DATE='2024-07-09T00:00:00+00:00' AIRFLOW_CTX_TRY_NUMBER='1' AIRFLOW_CTX_DAG_RUN_ID='scheduled__2024-07-09T00:00:00+00:00'
[2024-07-10T04:16:49.871+0000] {taskinstance.py:430} INFO - ::endgroup::
[2024-07-10T04:16:49.903+0000] {docker.py:366} INFO - Starting docker container from image ghcr.io/dbt-labs/dbt-snowflake:latest
[2024-07-10T04:16:49.905+0000] {docker.py:374} WARNING - Using remote engine or docker-in-docker and mounting temporary volume from host is not supported. Falling back to `mount_tmp_dir=False` mode. You can set `mount_tmp_dir` parameter to False to disable mounting and remove the warning
[2024-07-10T04:16:51.932+0000] {docker.py:436} INFO - [0m04:16:51  Running with dbt=1.8.2
[2024-07-10T04:16:52.263+0000] {docker.py:436} INFO - [0m04:16:52  Registered adapter: snowflake=1.8.3
[2024-07-10T04:16:52.460+0000] {docker.py:436} INFO - [0m04:16:52  Found 8 models, 8 sources, 444 macros
[2024-07-10T04:16:52.463+0000] {docker.py:436} INFO - [0m04:16:52
[2024-07-10T04:16:53.863+0000] {docker.py:436} INFO - [0m04:16:53  Concurrency: 1 threads (target='dev')
[2024-07-10T04:16:53.864+0000] {docker.py:436} INFO - [0m04:16:53
[2024-07-10T04:16:53.897+0000] {docker.py:436} INFO - [0m04:16:53  1 of 8 START sql table model dbt_schema.customer ............................... [RUN]
[2024-07-10T04:16:55.394+0000] {docker.py:436} INFO - [0m04:16:55  1 of 8 OK created sql table model dbt_schema.customer .......................... [[32mSUCCESS 1[0m in 1.49s]
[2024-07-10T04:16:55.395+0000] {docker.py:436} INFO - [0m04:16:55  2 of 8 START sql table model dbt_schema.lineitem ............................... [RUN]
[2024-07-10T04:17:05.258+0000] {docker.py:436} INFO - [0m04:17:05  2 of 8 OK created sql table model dbt_schema.lineitem .......................... [[32mSUCCESS 1[0m in 9.86s]
[2024-07-10T04:17:05.263+0000] {docker.py:436} INFO - [0m04:17:05  3 of 8 START sql table model dbt_schema.nation ................................. [RUN]
[2024-07-10T04:17:06.613+0000] {docker.py:436} INFO - [0m04:17:06  3 of 8 OK created sql table model dbt_schema.nation ............................ [[32mSUCCESS 1[0m in 1.35s]
[2024-07-10T04:17:06.619+0000] {docker.py:436} INFO - [0m04:17:06  4 of 8 START sql table model dbt_schema.orders ................................. [RUN]
[2024-07-10T04:17:09.563+0000] {docker.py:436} INFO - [0m04:17:09  4 of 8 OK created sql table model dbt_schema.orders ............................ [[32mSUCCESS 1[0m in 2.94s]
[2024-07-10T04:17:09.565+0000] {docker.py:436} INFO - [0m04:17:09  5 of 8 START sql table model dbt_schema.part ................................... [RUN]
[2024-07-10T04:17:11.076+0000] {docker.py:436} INFO - [0m04:17:11  5 of 8 OK created sql table model dbt_schema.part .............................. [[32mSUCCESS 1[0m in 1.51s]
[2024-07-10T04:17:11.081+0000] {docker.py:436} INFO - [0m04:17:11  6 of 8 START sql table model dbt_schema.partsupp ............................... [RUN]
[2024-07-10T04:17:13.665+0000] {docker.py:436} INFO - [0m04:17:13  6 of 8 OK created sql table model dbt_schema.partsupp .......................... [[32mSUCCESS 1[0m in 2.58s]
[2024-07-10T04:17:13.671+0000] {docker.py:436} INFO - [0m04:17:13  7 of 8 START sql table model dbt_schema.region ................................. [RUN]
[2024-07-10T04:17:14.627+0000] {docker.py:436} INFO - [0m04:17:14  7 of 8 OK created sql table model dbt_schema.region ............................ [[32mSUCCESS 1[0m in 0.95s]
[2024-07-10T04:17:14.633+0000] {docker.py:436} INFO - [0m04:17:14  8 of 8 START sql table model dbt_schema.supplier ............................... [RUN]
[2024-07-10T04:17:15.700+0000] {docker.py:436} INFO - [0m04:17:15  8 of 8 OK created sql table model dbt_schema.supplier .......................... [[32mSUCCESS 1[0m in 1.06s]
[2024-07-10T04:17:15.705+0000] {docker.py:436} INFO - [0m04:17:15
[2024-07-10T04:17:15.705+0000] {docker.py:436} INFO - [0m04:17:15  Finished running 8 table models in 0 hours 0 minutes and 23.24 seconds (23.24s).
[2024-07-10T04:17:15.771+0000] {docker.py:436} INFO - [0m04:17:15
[2024-07-10T04:17:15.772+0000] {docker.py:436} INFO - [0m04:17:15  [32mCompleted successfully[0m
[2024-07-10T04:17:15.773+0000] {docker.py:436} INFO - [0m04:17:15
[2024-07-10T04:17:15.773+0000] {docker.py:436} INFO - [0m04:17:15  Done. PASS=8 WARN=0 ERROR=0 SKIP=0 TOTAL=8
[2024-07-10T04:17:17.144+0000] {taskinstance.py:441} INFO - ::group::Post task execution logs
[2024-07-10T04:17:17.161+0000] {taskinstance.py:1206} INFO - Marking task as SUCCESS. dag_id=etl_pipeline_v1, task_id=dbt_run_with_snowflake, run_id=scheduled__2024-07-09T00:00:00+00:00, execution_date=20240709T000000, start_date=20240710T041649, end_date=20240710T041717
[2024-07-10T04:17:17.190+0000] {local_task_job_runner.py:240} INFO - Task exited with return code 0
[2024-07-10T04:17:17.199+0000] {local_task_job_runner.py:222} INFO - ::endgroup::
