[2024-07-10T05:39:27.593+0000] {local_task_job_runner.py:120} INFO - ::group::Pre task execution logs
[2024-07-10T05:39:27.620+0000] {taskinstance.py:2076} INFO - Dependencies all met for dep_context=non-requeueable deps ti=<TaskInstance: etl_pipeline_v5.02.dbt_run_with_snowflake manual__2024-07-10T05:39:27.101749+00:00 [queued]>
[2024-07-10T05:39:27.626+0000] {taskinstance.py:2076} INFO - Dependencies all met for dep_context=requeueable deps ti=<TaskInstance: etl_pipeline_v5.02.dbt_run_with_snowflake manual__2024-07-10T05:39:27.101749+00:00 [queued]>
[2024-07-10T05:39:27.626+0000] {taskinstance.py:2306} INFO - Starting attempt 1 of 1
[2024-07-10T05:39:27.637+0000] {taskinstance.py:2330} INFO - Executing <Task(DockerOperator): dbt_run_with_snowflake> on 2024-07-10 05:39:27.101749+00:00
[2024-07-10T05:39:27.645+0000] {logging_mixin.py:188} WARNING - /home/***/.local/lib/python3.12/site-packages/***/task/task_runner/standard_task_runner.py:61 DeprecationWarning: This process (pid=175) is multi-threaded, use of fork() may lead to deadlocks in the child.
[2024-07-10T05:39:27.645+0000] {standard_task_runner.py:63} INFO - Started process 177 to run task
[2024-07-10T05:39:27.642+0000] {standard_task_runner.py:90} INFO - Running: ['***', 'tasks', 'run', 'etl_pipeline_v5.02', 'dbt_run_with_snowflake', 'manual__2024-07-10T05:39:27.101749+00:00', '--job-id', '3', '--raw', '--subdir', 'DAGS_FOLDER/first_dag.py', '--cfg-path', '/tmp/tmpvts990ra']
[2024-07-10T05:39:27.646+0000] {standard_task_runner.py:91} INFO - Job 3: Subtask dbt_run_with_snowflake
[2024-07-10T05:39:27.679+0000] {task_command.py:426} INFO - Running <TaskInstance: etl_pipeline_v5.02.dbt_run_with_snowflake manual__2024-07-10T05:39:27.101749+00:00 [running]> on host 01b29dcab827
[2024-07-10T05:39:27.743+0000] {taskinstance.py:2648} INFO - Exporting env vars: AIRFLOW_CTX_DAG_OWNER='***' AIRFLOW_CTX_DAG_ID='etl_pipeline_v5.02' AIRFLOW_CTX_TASK_ID='dbt_run_with_snowflake' AIRFLOW_CTX_EXECUTION_DATE='2024-07-10T05:39:27.101749+00:00' AIRFLOW_CTX_TRY_NUMBER='1' AIRFLOW_CTX_DAG_RUN_ID='manual__2024-07-10T05:39:27.101749+00:00'
[2024-07-10T05:39:27.743+0000] {taskinstance.py:430} INFO - ::endgroup::
[2024-07-10T05:39:27.775+0000] {docker.py:366} INFO - Starting docker container from image ghcr.io/dbt-labs/dbt-snowflake:latest
[2024-07-10T05:39:27.777+0000] {docker.py:374} WARNING - Using remote engine or docker-in-docker and mounting temporary volume from host is not supported. Falling back to `mount_tmp_dir=False` mode. You can set `mount_tmp_dir` parameter to False to disable mounting and remove the warning
[2024-07-10T05:39:29.815+0000] {docker.py:436} INFO - [0m05:39:29  Running with dbt=1.8.2
[2024-07-10T05:39:30.138+0000] {docker.py:436} INFO - [0m05:39:30  Registered adapter: snowflake=1.8.3
[2024-07-10T05:39:30.330+0000] {docker.py:436} INFO - [0m05:39:30  Found 8 models, 8 sources, 444 macros
[2024-07-10T05:39:30.332+0000] {docker.py:436} INFO - [0m05:39:30
[2024-07-10T05:39:31.417+0000] {docker.py:436} INFO - [0m05:39:31  Concurrency: 1 threads (target='dev')
[2024-07-10T05:39:31.419+0000] {docker.py:436} INFO - [0m05:39:31
[2024-07-10T05:39:31.441+0000] {docker.py:436} INFO - [0m05:39:31  1 of 8 START sql table model dbt_schema.customer ............................... [RUN]
[2024-07-10T05:39:33.601+0000] {docker.py:436} INFO - [0m05:39:33  1 of 8 OK created sql table model dbt_schema.customer .......................... [[32mSUCCESS 1[0m in 2.15s]
[2024-07-10T05:39:33.605+0000] {docker.py:436} INFO - [0m05:39:33  2 of 8 START sql table model dbt_schema.lineitem ............................... [RUN]
[2024-07-10T05:39:43.632+0000] {docker.py:436} INFO - [0m05:39:43  2 of 8 OK created sql table model dbt_schema.lineitem .......................... [[32mSUCCESS 1[0m in 10.02s]
[2024-07-10T05:39:43.638+0000] {docker.py:436} INFO - [0m05:39:43  3 of 8 START sql table model dbt_schema.nation ................................. [RUN]
[2024-07-10T05:39:44.919+0000] {docker.py:436} INFO - [0m05:39:44  3 of 8 OK created sql table model dbt_schema.nation ............................ [[32mSUCCESS 1[0m in 1.28s]
[2024-07-10T05:39:44.924+0000] {docker.py:436} INFO - [0m05:39:44  4 of 8 START sql table model dbt_schema.orders ................................. [RUN]
[2024-07-10T05:39:48.239+0000] {docker.py:436} INFO - [0m05:39:48  4 of 8 OK created sql table model dbt_schema.orders ............................ [[32mSUCCESS 1[0m in 3.31s]
[2024-07-10T05:39:48.245+0000] {docker.py:436} INFO - [0m05:39:48  5 of 8 START sql table model dbt_schema.part ................................... [RUN]
[2024-07-10T05:39:49.996+0000] {docker.py:436} INFO - [0m05:39:49  5 of 8 OK created sql table model dbt_schema.part .............................. [[32mSUCCESS 1[0m in 1.75s]
[2024-07-10T05:39:49.997+0000] {docker.py:436} INFO - [0m05:39:49  6 of 8 START sql table model dbt_schema.partsupp ............................... [RUN]
[2024-07-10T05:39:52.655+0000] {docker.py:436} INFO - [0m05:39:52  6 of 8 OK created sql table model dbt_schema.partsupp .......................... [[32mSUCCESS 1[0m in 2.66s]
[2024-07-10T05:39:52.657+0000] {docker.py:436} INFO - [0m05:39:52  7 of 8 START sql table model dbt_schema.region ................................. [RUN]
[2024-07-10T05:39:53.708+0000] {docker.py:436} INFO - [0m05:39:53  7 of 8 OK created sql table model dbt_schema.region ............................ [[32mSUCCESS 1[0m in 1.05s]
[2024-07-10T05:39:53.708+0000] {docker.py:436} INFO - [0m05:39:53  8 of 8 START sql table model dbt_schema.supplier ............................... [RUN]
[2024-07-10T05:39:55.114+0000] {docker.py:436} INFO - [0m05:39:55  8 of 8 OK created sql table model dbt_schema.supplier .......................... [[32mSUCCESS 1[0m in 1.40s]
[2024-07-10T05:39:55.116+0000] {docker.py:436} INFO - [0m05:39:55
[2024-07-10T05:39:55.117+0000] {docker.py:436} INFO - [0m05:39:55  Finished running 8 table models in 0 hours 0 minutes and 24.78 seconds (24.78s).
[2024-07-10T05:39:55.143+0000] {docker.py:436} INFO - [0m05:39:55
[2024-07-10T05:39:55.143+0000] {docker.py:436} INFO - [0m05:39:55  [32mCompleted successfully[0m
[2024-07-10T05:39:55.144+0000] {docker.py:436} INFO - [0m05:39:55
[2024-07-10T05:39:55.144+0000] {docker.py:436} INFO - [0m05:39:55  Done. PASS=8 WARN=0 ERROR=0 SKIP=0 TOTAL=8
[2024-07-10T05:39:56.617+0000] {taskinstance.py:441} INFO - ::group::Post task execution logs
[2024-07-10T05:39:56.632+0000] {taskinstance.py:1206} INFO - Marking task as SUCCESS. dag_id=etl_pipeline_v5.02, task_id=dbt_run_with_snowflake, run_id=manual__2024-07-10T05:39:27.101749+00:00, execution_date=20240710T053927, start_date=20240710T053927, end_date=20240710T053956
[2024-07-10T05:39:56.679+0000] {local_task_job_runner.py:240} INFO - Task exited with return code 0
[2024-07-10T05:39:56.694+0000] {taskinstance.py:3503} INFO - 1 downstream tasks scheduled from follow-on schedule check
[2024-07-10T05:39:56.696+0000] {local_task_job_runner.py:222} INFO - ::endgroup::
