[2024-07-10T08:37:36.601+0000] {local_task_job_runner.py:120} INFO - ::group::Pre task execution logs
[2024-07-10T08:37:36.630+0000] {taskinstance.py:2076} INFO - Dependencies all met for dep_context=non-requeueable deps ti=<TaskInstance: practice_dag.third manual__2024-07-10T08:37:34.611764+00:00 [queued]>
[2024-07-10T08:37:36.638+0000] {taskinstance.py:2076} INFO - Dependencies all met for dep_context=requeueable deps ti=<TaskInstance: practice_dag.third manual__2024-07-10T08:37:34.611764+00:00 [queued]>
[2024-07-10T08:37:36.638+0000] {taskinstance.py:2306} INFO - Starting attempt 1 of 1
[2024-07-10T08:37:36.648+0000] {taskinstance.py:2330} INFO - Executing <Task(BashOperator): third> on 2024-07-10 08:37:34.611764+00:00
[2024-07-10T08:37:36.654+0000] {standard_task_runner.py:90} INFO - Running: ['***', 'tasks', 'run', 'practice_dag', 'third', 'manual__2024-07-10T08:37:34.611764+00:00', '--job-id', '8', '--raw', '--subdir', 'DAGS_FOLDER/second_dag.py', '--cfg-path', '/tmp/tmpiek7yfdp']
[2024-07-10T08:37:36.656+0000] {standard_task_runner.py:91} INFO - Job 8: Subtask third
[2024-07-10T08:37:36.657+0000] {logging_mixin.py:188} WARNING - /home/***/.local/lib/python3.12/site-packages/***/task/task_runner/standard_task_runner.py:61 DeprecationWarning: This process (pid=197) is multi-threaded, use of fork() may lead to deadlocks in the child.
[2024-07-10T08:37:36.658+0000] {standard_task_runner.py:63} INFO - Started process 202 to run task
[2024-07-10T08:37:36.694+0000] {task_command.py:426} INFO - Running <TaskInstance: practice_dag.third manual__2024-07-10T08:37:34.611764+00:00 [running]> on host c1e46b5cfb9a
[2024-07-10T08:37:36.758+0000] {taskinstance.py:2648} INFO - Exporting env vars: AIRFLOW_CTX_DAG_OWNER='***' AIRFLOW_CTX_DAG_ID='practice_dag' AIRFLOW_CTX_TASK_ID='third' AIRFLOW_CTX_EXECUTION_DATE='2024-07-10T08:37:34.611764+00:00' AIRFLOW_CTX_TRY_NUMBER='1' AIRFLOW_CTX_DAG_RUN_ID='manual__2024-07-10T08:37:34.611764+00:00'
[2024-07-10T08:37:36.758+0000] {taskinstance.py:430} INFO - ::endgroup::
[2024-07-10T08:37:36.772+0000] {subprocess.py:63} INFO - Tmp dir root location: /tmp
[2024-07-10T08:37:36.772+0000] {subprocess.py:75} INFO - Running command: ['/usr/bin/bash', '-c', 'echo third']
[2024-07-10T08:37:36.782+0000] {subprocess.py:86} INFO - Output:
[2024-07-10T08:37:36.784+0000] {subprocess.py:93} INFO - third
[2024-07-10T08:37:36.785+0000] {subprocess.py:97} INFO - Command exited with return code 0
[2024-07-10T08:37:36.785+0000] {taskinstance.py:441} INFO - ::group::Post task execution logs
[2024-07-10T08:37:36.814+0000] {taskinstance.py:1206} INFO - Marking task as SUCCESS. dag_id=practice_dag, task_id=third, run_id=manual__2024-07-10T08:37:34.611764+00:00, execution_date=20240710T083734, start_date=20240710T083736, end_date=20240710T083736
[2024-07-10T08:37:36.832+0000] {local_task_job_runner.py:240} INFO - Task exited with return code 0
[2024-07-10T08:37:36.840+0000] {local_task_job_runner.py:222} INFO - ::endgroup::
