[2024-07-10T05:27:41.332+0000] {local_task_job_runner.py:120} INFO - ::group::Pre task execution logs
[2024-07-10T05:27:41.359+0000] {taskinstance.py:2076} INFO - Dependencies all met for dep_context=non-requeueable deps ti=<TaskInstance: etl_pipeline_v5.02.dbt_run_with_snowflake scheduled__2024-07-09T00:00:00+00:00 [queued]>
[2024-07-10T05:27:41.365+0000] {taskinstance.py:2076} INFO - Dependencies all met for dep_context=requeueable deps ti=<TaskInstance: etl_pipeline_v5.02.dbt_run_with_snowflake scheduled__2024-07-09T00:00:00+00:00 [queued]>
[2024-07-10T05:27:41.366+0000] {taskinstance.py:2306} INFO - Starting attempt 1 of 1
[2024-07-10T05:27:41.378+0000] {taskinstance.py:2330} INFO - Executing <Task(DockerOperator): dbt_run_with_snowflake> on 2024-07-09 00:00:00+00:00
[2024-07-10T05:27:41.383+0000] {standard_task_runner.py:90} INFO - Running: ['***', 'tasks', 'run', 'etl_pipeline_v5.02', 'dbt_run_with_snowflake', 'scheduled__2024-07-09T00:00:00+00:00', '--job-id', '15', '--raw', '--subdir', 'DAGS_FOLDER/first_dag.py', '--cfg-path', '/tmp/tmpsannd_63']
[2024-07-10T05:27:41.385+0000] {standard_task_runner.py:91} INFO - Job 15: Subtask dbt_run_with_snowflake
[2024-07-10T05:27:41.386+0000] {logging_mixin.py:188} WARNING - /home/***/.local/lib/python3.12/site-packages/***/task/task_runner/standard_task_runner.py:61 DeprecationWarning: This process (pid=632) is multi-threaded, use of fork() may lead to deadlocks in the child.
[2024-07-10T05:27:41.386+0000] {standard_task_runner.py:63} INFO - Started process 634 to run task
[2024-07-10T05:27:41.420+0000] {task_command.py:426} INFO - Running <TaskInstance: etl_pipeline_v5.02.dbt_run_with_snowflake scheduled__2024-07-09T00:00:00+00:00 [running]> on host 93a6f2182f18
[2024-07-10T05:27:41.486+0000] {taskinstance.py:2648} INFO - Exporting env vars: AIRFLOW_CTX_DAG_OWNER='***' AIRFLOW_CTX_DAG_ID='etl_pipeline_v5.02' AIRFLOW_CTX_TASK_ID='dbt_run_with_snowflake' AIRFLOW_CTX_EXECUTION_DATE='2024-07-09T00:00:00+00:00' AIRFLOW_CTX_TRY_NUMBER='1' AIRFLOW_CTX_DAG_RUN_ID='scheduled__2024-07-09T00:00:00+00:00'
[2024-07-10T05:27:41.486+0000] {taskinstance.py:430} INFO - ::endgroup::
[2024-07-10T05:27:41.508+0000] {docker.py:366} INFO - Starting docker container from image ghcr.io/dbt-labs/dbt-snowflake:latest
[2024-07-10T05:27:41.510+0000] {docker.py:374} WARNING - Using remote engine or docker-in-docker and mounting temporary volume from host is not supported. Falling back to `mount_tmp_dir=False` mode. You can set `mount_tmp_dir` parameter to False to disable mounting and remove the warning
[2024-07-10T05:27:43.046+0000] {docker.py:436} INFO - [0m05:27:43  Running with dbt=1.8.2
[2024-07-10T05:27:43.382+0000] {docker.py:436} INFO - [0m05:27:43  Registered adapter: snowflake=1.8.3
[2024-07-10T05:27:43.579+0000] {docker.py:436} INFO - [0m05:27:43  Found 8 models, 8 sources, 444 macros
[2024-07-10T05:27:43.581+0000] {docker.py:436} INFO - [0m05:27:43
[2024-07-10T05:27:44.697+0000] {docker.py:436} INFO - [0m05:27:44  Concurrency: 1 threads (target='dev')
[2024-07-10T05:27:44.697+0000] {docker.py:436} INFO - [0m05:27:44
[2024-07-10T05:27:44.704+0000] {docker.py:436} INFO - [0m05:27:44  1 of 8 START sql table model dbt_schema.customer ............................... [RUN]
[2024-07-10T05:27:46.542+0000] {docker.py:436} INFO - [0m05:27:46  1 of 8 OK created sql table model dbt_schema.customer .......................... [[32mSUCCESS 1[0m in 1.83s]
[2024-07-10T05:27:46.544+0000] {docker.py:436} INFO - [0m05:27:46  2 of 8 START sql table model dbt_schema.lineitem ............................... [RUN]
[2024-07-10T05:27:56.722+0000] {docker.py:436} INFO - [0m05:27:56  2 of 8 OK created sql table model dbt_schema.lineitem .......................... [[32mSUCCESS 1[0m in 10.18s]
[2024-07-10T05:27:56.726+0000] {docker.py:436} INFO - [0m05:27:56  3 of 8 START sql table model dbt_schema.nation ................................. [RUN]
[2024-07-10T05:27:58.092+0000] {docker.py:436} INFO - [0m05:27:58  3 of 8 OK created sql table model dbt_schema.nation ............................ [[32mSUCCESS 1[0m in 1.36s]
[2024-07-10T05:27:58.098+0000] {docker.py:436} INFO - [0m05:27:58  4 of 8 START sql table model dbt_schema.orders ................................. [RUN]
[2024-07-10T05:28:01.170+0000] {docker.py:436} INFO - [0m05:28:01  4 of 8 OK created sql table model dbt_schema.orders ............................ [[32mSUCCESS 1[0m in 3.07s]
[2024-07-10T05:28:01.176+0000] {docker.py:436} INFO - [0m05:28:01  5 of 8 START sql table model dbt_schema.part ................................... [RUN]
[2024-07-10T05:28:02.958+0000] {docker.py:436} INFO - [0m05:28:02  5 of 8 OK created sql table model dbt_schema.part .............................. [[32mSUCCESS 1[0m in 1.78s]
[2024-07-10T05:28:02.964+0000] {docker.py:436} INFO - [0m05:28:02  6 of 8 START sql table model dbt_schema.partsupp ............................... [RUN]
[2024-07-10T05:28:05.763+0000] {docker.py:436} INFO - [0m05:28:05  6 of 8 OK created sql table model dbt_schema.partsupp .......................... [[32mSUCCESS 1[0m in 2.80s]
[2024-07-10T05:28:05.764+0000] {docker.py:436} INFO - [0m05:28:05  7 of 8 START sql table model dbt_schema.region ................................. [RUN]
[2024-07-10T05:28:06.727+0000] {docker.py:436} INFO - [0m05:28:06  7 of 8 OK created sql table model dbt_schema.region ............................ [[32mSUCCESS 1[0m in 0.96s]
[2024-07-10T05:28:06.730+0000] {docker.py:436} INFO - [0m05:28:06  8 of 8 START sql table model dbt_schema.supplier ............................... [RUN]
[2024-07-10T05:28:07.819+0000] {docker.py:436} INFO - [0m05:28:07  8 of 8 OK created sql table model dbt_schema.supplier .......................... [[32mSUCCESS 1[0m in 1.09s]
[2024-07-10T05:28:07.822+0000] {docker.py:436} INFO - [0m05:28:07
[2024-07-10T05:28:07.822+0000] {docker.py:436} INFO - [0m05:28:07  Finished running 8 table models in 0 hours 0 minutes and 24.24 seconds (24.24s).
[2024-07-10T05:28:07.854+0000] {docker.py:436} INFO - [0m05:28:07
[2024-07-10T05:28:07.854+0000] {docker.py:436} INFO - [0m05:28:07  [32mCompleted successfully[0m
[2024-07-10T05:28:07.855+0000] {docker.py:436} INFO - [0m05:28:07
[2024-07-10T05:28:07.855+0000] {docker.py:436} INFO - [0m05:28:07  Done. PASS=8 WARN=0 ERROR=0 SKIP=0 TOTAL=8
[2024-07-10T05:28:09.458+0000] {taskinstance.py:441} INFO - ::group::Post task execution logs
[2024-07-10T05:28:09.476+0000] {taskinstance.py:1206} INFO - Marking task as SUCCESS. dag_id=etl_pipeline_v5.02, task_id=dbt_run_with_snowflake, run_id=scheduled__2024-07-09T00:00:00+00:00, execution_date=20240709T000000, start_date=20240710T052741, end_date=20240710T052809
[2024-07-10T05:28:09.508+0000] {local_task_job_runner.py:240} INFO - Task exited with return code 0
[2024-07-10T05:28:09.522+0000] {taskinstance.py:3503} INFO - 1 downstream tasks scheduled from follow-on schedule check
[2024-07-10T05:28:09.527+0000] {local_task_job_runner.py:222} INFO - ::endgroup::
[2024-07-10T05:39:27.593+0000] {local_task_job_runner.py:120} INFO - ::group::Pre task execution logs
[2024-07-10T05:39:27.620+0000] {taskinstance.py:2076} INFO - Dependencies all met for dep_context=non-requeueable deps ti=<TaskInstance: etl_pipeline_v5.02.dbt_run_with_snowflake scheduled__2024-07-09T00:00:00+00:00 [queued]>
[2024-07-10T05:39:27.626+0000] {taskinstance.py:2076} INFO - Dependencies all met for dep_context=requeueable deps ti=<TaskInstance: etl_pipeline_v5.02.dbt_run_with_snowflake scheduled__2024-07-09T00:00:00+00:00 [queued]>
[2024-07-10T05:39:27.626+0000] {taskinstance.py:2306} INFO - Starting attempt 1 of 1
[2024-07-10T05:39:27.636+0000] {taskinstance.py:2330} INFO - Executing <Task(DockerOperator): dbt_run_with_snowflake> on 2024-07-09 00:00:00+00:00
[2024-07-10T05:39:27.645+0000] {logging_mixin.py:188} WARNING - /home/***/.local/lib/python3.12/site-packages/***/task/task_runner/standard_task_runner.py:61 DeprecationWarning: This process (pid=174) is multi-threaded, use of fork() may lead to deadlocks in the child.
[2024-07-10T05:39:27.645+0000] {standard_task_runner.py:63} INFO - Started process 176 to run task
[2024-07-10T05:39:27.645+0000] {standard_task_runner.py:90} INFO - Running: ['***', 'tasks', 'run', 'etl_pipeline_v5.02', 'dbt_run_with_snowflake', 'scheduled__2024-07-09T00:00:00+00:00', '--job-id', '4', '--raw', '--subdir', 'DAGS_FOLDER/first_dag.py', '--cfg-path', '/tmp/tmp9mpy7g8j']
[2024-07-10T05:39:27.646+0000] {standard_task_runner.py:91} INFO - Job 4: Subtask dbt_run_with_snowflake
[2024-07-10T05:39:27.679+0000] {task_command.py:426} INFO - Running <TaskInstance: etl_pipeline_v5.02.dbt_run_with_snowflake scheduled__2024-07-09T00:00:00+00:00 [running]> on host 01b29dcab827
[2024-07-10T05:39:27.742+0000] {taskinstance.py:2648} INFO - Exporting env vars: AIRFLOW_CTX_DAG_OWNER='***' AIRFLOW_CTX_DAG_ID='etl_pipeline_v5.02' AIRFLOW_CTX_TASK_ID='dbt_run_with_snowflake' AIRFLOW_CTX_EXECUTION_DATE='2024-07-09T00:00:00+00:00' AIRFLOW_CTX_TRY_NUMBER='1' AIRFLOW_CTX_DAG_RUN_ID='scheduled__2024-07-09T00:00:00+00:00'
[2024-07-10T05:39:27.742+0000] {taskinstance.py:430} INFO - ::endgroup::
[2024-07-10T05:39:27.775+0000] {docker.py:366} INFO - Starting docker container from image ghcr.io/dbt-labs/dbt-snowflake:latest
[2024-07-10T05:39:27.777+0000] {docker.py:374} WARNING - Using remote engine or docker-in-docker and mounting temporary volume from host is not supported. Falling back to `mount_tmp_dir=False` mode. You can set `mount_tmp_dir` parameter to False to disable mounting and remove the warning
[2024-07-10T05:39:29.825+0000] {docker.py:436} INFO - [0m05:39:29  Running with dbt=1.8.2
[2024-07-10T05:39:30.150+0000] {docker.py:436} INFO - [0m05:39:30  Registered adapter: snowflake=1.8.3
[2024-07-10T05:39:30.344+0000] {docker.py:436} INFO - [0m05:39:30  Found 8 models, 8 sources, 444 macros
[2024-07-10T05:39:30.346+0000] {docker.py:436} INFO - [0m05:39:30
[2024-07-10T05:39:31.430+0000] {docker.py:436} INFO - [0m05:39:31  Concurrency: 1 threads (target='dev')
[2024-07-10T05:39:31.431+0000] {docker.py:436} INFO - [0m05:39:31
[2024-07-10T05:39:31.448+0000] {docker.py:436} INFO - [0m05:39:31  1 of 8 START sql table model dbt_schema.customer ............................... [RUN]
[2024-07-10T05:39:34.005+0000] {docker.py:436} INFO - [0m05:39:34  1 of 8 OK created sql table model dbt_schema.customer .......................... [[32mSUCCESS 1[0m in 2.55s]
[2024-07-10T05:39:34.010+0000] {docker.py:436} INFO - [0m05:39:34  2 of 8 START sql table model dbt_schema.lineitem ............................... [RUN]
[2024-07-10T05:39:44.398+0000] {docker.py:436} INFO - [0m05:39:44  2 of 8 OK created sql table model dbt_schema.lineitem .......................... [[32mSUCCESS 1[0m in 10.38s]
[2024-07-10T05:39:44.404+0000] {docker.py:436} INFO - [0m05:39:44  3 of 8 START sql table model dbt_schema.nation ................................. [RUN]
[2024-07-10T05:39:45.464+0000] {docker.py:436} INFO - [0m05:39:45  3 of 8 OK created sql table model dbt_schema.nation ............................ [[32mSUCCESS 1[0m in 1.06s]
[2024-07-10T05:39:45.470+0000] {docker.py:436} INFO - [0m05:39:45  4 of 8 START sql table model dbt_schema.orders ................................. [RUN]
[2024-07-10T05:39:48.472+0000] {docker.py:436} INFO - [0m05:39:48  4 of 8 OK created sql table model dbt_schema.orders ............................ [[32mSUCCESS 1[0m in 3.00s]
[2024-07-10T05:39:48.479+0000] {docker.py:436} INFO - [0m05:39:48  5 of 8 START sql table model dbt_schema.part ................................... [RUN]
[2024-07-10T05:39:50.128+0000] {docker.py:436} INFO - [0m05:39:50  5 of 8 OK created sql table model dbt_schema.part .............................. [[32mSUCCESS 1[0m in 1.64s]
[2024-07-10T05:39:50.134+0000] {docker.py:436} INFO - [0m05:39:50  6 of 8 START sql table model dbt_schema.partsupp ............................... [RUN]
[2024-07-10T05:39:52.807+0000] {docker.py:436} INFO - [0m05:39:52  6 of 8 OK created sql table model dbt_schema.partsupp .......................... [[32mSUCCESS 1[0m in 2.67s]
[2024-07-10T05:39:52.810+0000] {docker.py:436} INFO - [0m05:39:52  7 of 8 START sql table model dbt_schema.region ................................. [RUN]
[2024-07-10T05:39:53.751+0000] {docker.py:436} INFO - [0m05:39:53  7 of 8 OK created sql table model dbt_schema.region ............................ [[32mSUCCESS 1[0m in 0.94s]
[2024-07-10T05:39:53.752+0000] {docker.py:436} INFO - [0m05:39:53  8 of 8 START sql table model dbt_schema.supplier ............................... [RUN]
[2024-07-10T05:39:55.140+0000] {docker.py:436} INFO - [0m05:39:55  8 of 8 OK created sql table model dbt_schema.supplier .......................... [[32mSUCCESS 1[0m in 1.39s]
[2024-07-10T05:39:55.142+0000] {docker.py:436} INFO - [0m05:39:55
[2024-07-10T05:39:55.142+0000] {docker.py:436} INFO - [0m05:39:55  Finished running 8 table models in 0 hours 0 minutes and 24.80 seconds (24.80s).
[2024-07-10T05:39:55.168+0000] {docker.py:436} INFO - [0m05:39:55
[2024-07-10T05:39:55.169+0000] {docker.py:436} INFO - [0m05:39:55  [32mCompleted successfully[0m
[2024-07-10T05:39:55.169+0000] {docker.py:436} INFO - [0m05:39:55
[2024-07-10T05:39:55.169+0000] {docker.py:436} INFO - [0m05:39:55  Done. PASS=8 WARN=0 ERROR=0 SKIP=0 TOTAL=8
[2024-07-10T05:39:56.556+0000] {taskinstance.py:441} INFO - ::group::Post task execution logs
[2024-07-10T05:39:56.572+0000] {taskinstance.py:1206} INFO - Marking task as SUCCESS. dag_id=etl_pipeline_v5.02, task_id=dbt_run_with_snowflake, run_id=scheduled__2024-07-09T00:00:00+00:00, execution_date=20240709T000000, start_date=20240710T053927, end_date=20240710T053956
[2024-07-10T05:39:56.599+0000] {local_task_job_runner.py:240} INFO - Task exited with return code 0
[2024-07-10T05:39:56.613+0000] {taskinstance.py:3503} INFO - 1 downstream tasks scheduled from follow-on schedule check
[2024-07-10T05:39:56.615+0000] {local_task_job_runner.py:222} INFO - ::endgroup::
[2024-07-10T07:27:33.837+0000] {local_task_job_runner.py:120} INFO - ::group::Pre task execution logs
[2024-07-10T07:27:33.864+0000] {taskinstance.py:2076} INFO - Dependencies all met for dep_context=non-requeueable deps ti=<TaskInstance: etl_pipeline_v5.02.dbt_run_with_snowflake scheduled__2024-07-09T00:00:00+00:00 [queued]>
[2024-07-10T07:27:33.870+0000] {taskinstance.py:2076} INFO - Dependencies all met for dep_context=requeueable deps ti=<TaskInstance: etl_pipeline_v5.02.dbt_run_with_snowflake scheduled__2024-07-09T00:00:00+00:00 [queued]>
[2024-07-10T07:27:33.870+0000] {taskinstance.py:2306} INFO - Starting attempt 1 of 1
[2024-07-10T07:27:33.880+0000] {taskinstance.py:2330} INFO - Executing <Task(DockerOperator): dbt_run_with_snowflake> on 2024-07-09 00:00:00+00:00
[2024-07-10T07:27:33.886+0000] {standard_task_runner.py:90} INFO - Running: ['***', 'tasks', 'run', 'etl_pipeline_v5.02', 'dbt_run_with_snowflake', 'scheduled__2024-07-09T00:00:00+00:00', '--job-id', '3', '--raw', '--subdir', 'DAGS_FOLDER/first_dag.py', '--cfg-path', '/tmp/tmpcxdvpho5']
[2024-07-10T07:27:33.888+0000] {standard_task_runner.py:91} INFO - Job 3: Subtask dbt_run_with_snowflake
[2024-07-10T07:27:33.888+0000] {logging_mixin.py:188} WARNING - /home/***/.local/lib/python3.12/site-packages/***/task/task_runner/standard_task_runner.py:61 DeprecationWarning: This process (pid=223) is multi-threaded, use of fork() may lead to deadlocks in the child.
[2024-07-10T07:27:33.889+0000] {standard_task_runner.py:63} INFO - Started process 225 to run task
[2024-07-10T07:27:33.921+0000] {task_command.py:426} INFO - Running <TaskInstance: etl_pipeline_v5.02.dbt_run_with_snowflake scheduled__2024-07-09T00:00:00+00:00 [running]> on host de6bd6d20a96
[2024-07-10T07:27:33.987+0000] {taskinstance.py:2648} INFO - Exporting env vars: AIRFLOW_CTX_DAG_OWNER='***' AIRFLOW_CTX_DAG_ID='etl_pipeline_v5.02' AIRFLOW_CTX_TASK_ID='dbt_run_with_snowflake' AIRFLOW_CTX_EXECUTION_DATE='2024-07-09T00:00:00+00:00' AIRFLOW_CTX_TRY_NUMBER='1' AIRFLOW_CTX_DAG_RUN_ID='scheduled__2024-07-09T00:00:00+00:00'
[2024-07-10T07:27:33.988+0000] {taskinstance.py:430} INFO - ::endgroup::
[2024-07-10T07:27:34.021+0000] {docker.py:366} INFO - Starting docker container from image ghcr.io/dbt-labs/dbt-snowflake:latest
[2024-07-10T07:27:34.023+0000] {docker.py:374} WARNING - Using remote engine or docker-in-docker and mounting temporary volume from host is not supported. Falling back to `mount_tmp_dir=False` mode. You can set `mount_tmp_dir` parameter to False to disable mounting and remove the warning
[2024-07-10T07:27:35.708+0000] {docker.py:436} INFO - [0m07:27:35  Running with dbt=1.8.2
[2024-07-10T07:27:36.043+0000] {docker.py:436} INFO - [0m07:27:36  Registered adapter: snowflake=1.8.3
[2024-07-10T07:27:36.239+0000] {docker.py:436} INFO - [0m07:27:36  Found 8 models, 8 sources, 444 macros
[2024-07-10T07:27:36.241+0000] {docker.py:436} INFO - [0m07:27:36
[2024-07-10T07:27:37.502+0000] {docker.py:436} INFO - [0m07:27:37  Concurrency: 1 threads (target='dev')
[2024-07-10T07:27:37.503+0000] {docker.py:436} INFO - [0m07:27:37
[2024-07-10T07:27:37.530+0000] {docker.py:436} INFO - [0m07:27:37  1 of 8 START sql table model dbt_schema.customer ............................... [RUN]
[2024-07-10T07:27:40.959+0000] {docker.py:436} INFO - [0m07:27:40  1 of 8 OK created sql table model dbt_schema.customer .......................... [[32mSUCCESS 1[0m in 3.43s]
[2024-07-10T07:27:40.961+0000] {docker.py:436} INFO - [0m07:27:40  2 of 8 START sql table model dbt_schema.lineitem ............................... [RUN]
[2024-07-10T07:27:52.719+0000] {docker.py:436} INFO - [0m07:27:52  2 of 8 OK created sql table model dbt_schema.lineitem .......................... [[32mSUCCESS 1[0m in 11.75s]
[2024-07-10T07:27:52.723+0000] {docker.py:436} INFO - [0m07:27:52  3 of 8 START sql table model dbt_schema.nation ................................. [RUN]
[2024-07-10T07:27:53.856+0000] {docker.py:436} INFO - [0m07:27:53  3 of 8 OK created sql table model dbt_schema.nation ............................ [[32mSUCCESS 1[0m in 1.13s]
[2024-07-10T07:27:53.858+0000] {docker.py:436} INFO - [0m07:27:53  4 of 8 START sql table model dbt_schema.orders ................................. [RUN]
[2024-07-10T07:27:56.935+0000] {docker.py:436} INFO - [0m07:27:56  4 of 8 OK created sql table model dbt_schema.orders ............................ [[32mSUCCESS 1[0m in 3.07s]
[2024-07-10T07:27:56.941+0000] {docker.py:436} INFO - [0m07:27:56  5 of 8 START sql table model dbt_schema.part ................................... [RUN]
[2024-07-10T07:27:58.579+0000] {docker.py:436} INFO - [0m07:27:58  5 of 8 OK created sql table model dbt_schema.part .............................. [[32mSUCCESS 1[0m in 1.63s]
[2024-07-10T07:27:58.585+0000] {docker.py:436} INFO - [0m07:27:58  6 of 8 START sql table model dbt_schema.partsupp ............................... [RUN]
[2024-07-10T07:28:00.918+0000] {docker.py:436} INFO - [0m07:28:00  6 of 8 OK created sql table model dbt_schema.partsupp .......................... [[32mSUCCESS 1[0m in 2.33s]
[2024-07-10T07:28:00.924+0000] {docker.py:436} INFO - [0m07:28:00  7 of 8 START sql table model dbt_schema.region ................................. [RUN]
[2024-07-10T07:28:01.922+0000] {docker.py:436} INFO - [0m07:28:01  7 of 8 OK created sql table model dbt_schema.region ............................ [[32mSUCCESS 1[0m in 1.00s]
[2024-07-10T07:28:01.923+0000] {docker.py:436} INFO - [0m07:28:01  8 of 8 START sql table model dbt_schema.supplier ............................... [RUN]
[2024-07-10T07:28:03.045+0000] {docker.py:436} INFO - [0m07:28:03  8 of 8 OK created sql table model dbt_schema.supplier .......................... [[32mSUCCESS 1[0m in 1.12s]
[2024-07-10T07:28:03.049+0000] {docker.py:436} INFO - [0m07:28:03
[2024-07-10T07:28:03.049+0000] {docker.py:436} INFO - [0m07:28:03  Finished running 8 table models in 0 hours 0 minutes and 26.81 seconds (26.81s).
[2024-07-10T07:28:03.090+0000] {docker.py:436} INFO - [0m07:28:03
[2024-07-10T07:28:03.090+0000] {docker.py:436} INFO - [0m07:28:03  [32mCompleted successfully[0m
[2024-07-10T07:28:03.091+0000] {docker.py:436} INFO - [0m07:28:03
[2024-07-10T07:28:03.091+0000] {docker.py:436} INFO - [0m07:28:03  Done. PASS=8 WARN=0 ERROR=0 SKIP=0 TOTAL=8
[2024-07-10T07:28:04.568+0000] {taskinstance.py:441} INFO - ::group::Post task execution logs
[2024-07-10T07:28:04.596+0000] {taskinstance.py:1206} INFO - Marking task as SUCCESS. dag_id=etl_pipeline_v5.02, task_id=dbt_run_with_snowflake, run_id=scheduled__2024-07-09T00:00:00+00:00, execution_date=20240709T000000, start_date=20240710T072733, end_date=20240710T072804
[2024-07-10T07:28:04.650+0000] {local_task_job_runner.py:240} INFO - Task exited with return code 0
[2024-07-10T07:28:04.664+0000] {taskinstance.py:3503} INFO - 1 downstream tasks scheduled from follow-on schedule check
[2024-07-10T07:28:04.665+0000] {local_task_job_runner.py:222} INFO - ::endgroup::
