[2024-07-09T12:39:22.724+0000] {local_task_job_runner.py:120} INFO - ::group::Pre task execution logs
[2024-07-09T12:39:22.751+0000] {taskinstance.py:2076} INFO - Dependencies all met for dep_context=non-requeueable deps ti=<TaskInstance: first_task.Final_task scheduled__2024-07-08T00:00:00+00:00 [queued]>
[2024-07-09T12:39:22.757+0000] {taskinstance.py:2076} INFO - Dependencies all met for dep_context=requeueable deps ti=<TaskInstance: first_task.Final_task scheduled__2024-07-08T00:00:00+00:00 [queued]>
[2024-07-09T12:39:22.758+0000] {taskinstance.py:2306} INFO - Starting attempt 1 of 1
[2024-07-09T12:39:22.768+0000] {taskinstance.py:2330} INFO - Executing <Task(BashOperator): Final_task> on 2024-07-08 00:00:00+00:00
[2024-07-09T12:39:22.773+0000] {standard_task_runner.py:90} INFO - Running: ['***', 'tasks', 'run', 'first_task', 'Final_task', 'scheduled__2024-07-08T00:00:00+00:00', '--job-id', '4', '--raw', '--subdir', 'DAGS_FOLDER/first_dag.py', '--cfg-path', '/tmp/tmp5jpsjisu']
[2024-07-09T12:39:22.775+0000] {standard_task_runner.py:91} INFO - Job 4: Subtask Final_task
[2024-07-09T12:39:22.775+0000] {logging_mixin.py:188} WARNING - /home/***/.local/lib/python3.12/site-packages/***/task/task_runner/standard_task_runner.py:61 DeprecationWarning: This process (pid=285) is multi-threaded, use of fork() may lead to deadlocks in the child.
[2024-07-09T12:39:22.776+0000] {standard_task_runner.py:63} INFO - Started process 287 to run task
[2024-07-09T12:39:22.809+0000] {task_command.py:426} INFO - Running <TaskInstance: first_task.Final_task scheduled__2024-07-08T00:00:00+00:00 [running]> on host 0e88225dcb32
[2024-07-09T12:39:22.878+0000] {taskinstance.py:2648} INFO - Exporting env vars: AIRFLOW_CTX_DAG_OWNER='***' AIRFLOW_CTX_DAG_ID='first_task' AIRFLOW_CTX_TASK_ID='Final_task' AIRFLOW_CTX_EXECUTION_DATE='2024-07-08T00:00:00+00:00' AIRFLOW_CTX_TRY_NUMBER='1' AIRFLOW_CTX_DAG_RUN_ID='scheduled__2024-07-08T00:00:00+00:00'
[2024-07-09T12:39:22.879+0000] {taskinstance.py:430} INFO - ::endgroup::
[2024-07-09T12:39:22.906+0000] {subprocess.py:63} INFO - Tmp dir root location: /tmp
[2024-07-09T12:39:22.907+0000] {subprocess.py:75} INFO - Running command: ['/usr/bin/bash', '-c', 'echo ELT pipeline build completed']
[2024-07-09T12:39:22.914+0000] {subprocess.py:86} INFO - Output:
[2024-07-09T12:39:22.916+0000] {subprocess.py:93} INFO - ELT pipeline build completed
[2024-07-09T12:39:22.916+0000] {subprocess.py:97} INFO - Command exited with return code 0
[2024-07-09T12:39:22.917+0000] {taskinstance.py:441} INFO - ::group::Post task execution logs
[2024-07-09T12:39:22.934+0000] {taskinstance.py:1206} INFO - Marking task as SUCCESS. dag_id=first_task, task_id=Final_task, run_id=scheduled__2024-07-08T00:00:00+00:00, execution_date=20240708T000000, start_date=20240709T123922, end_date=20240709T123922
[2024-07-09T12:39:22.989+0000] {local_task_job_runner.py:240} INFO - Task exited with return code 0
[2024-07-09T12:39:23.013+0000] {taskinstance.py:3503} INFO - 0 downstream tasks scheduled from follow-on schedule check
[2024-07-09T12:39:23.015+0000] {local_task_job_runner.py:222} INFO - ::endgroup::
