[2024-07-10T04:53:26.796+0000] {local_task_job_runner.py:120} INFO - ::group::Pre task execution logs
[2024-07-10T04:53:26.825+0000] {taskinstance.py:2076} INFO - Dependencies all met for dep_context=non-requeueable deps ti=<TaskInstance: etl_pipeline_v4.dbt_run_with_snowflake scheduled__2024-07-09T00:00:00+00:00 [queued]>
[2024-07-10T04:53:26.832+0000] {taskinstance.py:2076} INFO - Dependencies all met for dep_context=requeueable deps ti=<TaskInstance: etl_pipeline_v4.dbt_run_with_snowflake scheduled__2024-07-09T00:00:00+00:00 [queued]>
[2024-07-10T04:53:26.832+0000] {taskinstance.py:2306} INFO - Starting attempt 1 of 1
[2024-07-10T04:53:26.842+0000] {taskinstance.py:2330} INFO - Executing <Task(DockerOperator): dbt_run_with_snowflake> on 2024-07-09 00:00:00+00:00
[2024-07-10T04:53:26.847+0000] {standard_task_runner.py:90} INFO - Running: ['***', 'tasks', 'run', 'etl_pipeline_v4', 'dbt_run_with_snowflake', 'scheduled__2024-07-09T00:00:00+00:00', '--job-id', '11', '--raw', '--subdir', 'DAGS_FOLDER/first_dag.py', '--cfg-path', '/tmp/tmp8p7xlxrg']
[2024-07-10T04:53:26.851+0000] {standard_task_runner.py:91} INFO - Job 11: Subtask dbt_run_with_snowflake
[2024-07-10T04:53:26.851+0000] {logging_mixin.py:188} WARNING - /home/***/.local/lib/python3.12/site-packages/***/task/task_runner/standard_task_runner.py:61 DeprecationWarning: This process (pid=375) is multi-threaded, use of fork() may lead to deadlocks in the child.
[2024-07-10T04:53:26.852+0000] {standard_task_runner.py:63} INFO - Started process 376 to run task
[2024-07-10T04:53:26.885+0000] {task_command.py:426} INFO - Running <TaskInstance: etl_pipeline_v4.dbt_run_with_snowflake scheduled__2024-07-09T00:00:00+00:00 [running]> on host 673095e2ca00
[2024-07-10T04:53:26.947+0000] {taskinstance.py:2648} INFO - Exporting env vars: AIRFLOW_CTX_DAG_OWNER='***' AIRFLOW_CTX_DAG_ID='etl_pipeline_v4' AIRFLOW_CTX_TASK_ID='dbt_run_with_snowflake' AIRFLOW_CTX_EXECUTION_DATE='2024-07-09T00:00:00+00:00' AIRFLOW_CTX_TRY_NUMBER='1' AIRFLOW_CTX_DAG_RUN_ID='scheduled__2024-07-09T00:00:00+00:00'
[2024-07-10T04:53:26.947+0000] {taskinstance.py:430} INFO - ::endgroup::
[2024-07-10T04:53:26.969+0000] {docker.py:366} INFO - Starting docker container from image ghcr.io/dbt-labs/dbt-snowflake:latest
[2024-07-10T04:53:26.971+0000] {docker.py:374} WARNING - Using remote engine or docker-in-docker and mounting temporary volume from host is not supported. Falling back to `mount_tmp_dir=False` mode. You can set `mount_tmp_dir` parameter to False to disable mounting and remove the warning
[2024-07-10T04:53:28.383+0000] {docker.py:436} INFO - [0m04:53:28  Running with dbt=1.8.2
[2024-07-10T04:53:28.712+0000] {docker.py:436} INFO - [0m04:53:28  Registered adapter: snowflake=1.8.3
[2024-07-10T04:53:28.910+0000] {docker.py:436} INFO - [0m04:53:28  Found 8 models, 8 sources, 444 macros
[2024-07-10T04:53:28.912+0000] {docker.py:436} INFO - [0m04:53:28
[2024-07-10T04:53:30.026+0000] {docker.py:436} INFO - [0m04:53:30  Concurrency: 1 threads (target='dev')
[2024-07-10T04:53:30.026+0000] {docker.py:436} INFO - [0m04:53:30
[2024-07-10T04:53:30.034+0000] {docker.py:436} INFO - [0m04:53:30  1 of 8 START sql table model dbt_schema.customer ............................... [RUN]
[2024-07-10T04:53:31.603+0000] {docker.py:436} INFO - [0m04:53:31  1 of 8 OK created sql table model dbt_schema.customer .......................... [[32mSUCCESS 1[0m in 1.57s]
[2024-07-10T04:53:31.605+0000] {docker.py:436} INFO - [0m04:53:31  2 of 8 START sql table model dbt_schema.lineitem ............................... [RUN]
[2024-07-10T04:53:42.081+0000] {docker.py:436} INFO - [0m04:53:42  2 of 8 OK created sql table model dbt_schema.lineitem .......................... [[32mSUCCESS 1[0m in 10.48s]
[2024-07-10T04:53:42.082+0000] {docker.py:436} INFO - [0m04:53:42  3 of 8 START sql table model dbt_schema.nation ................................. [RUN]
[2024-07-10T04:53:43.119+0000] {docker.py:436} INFO - [0m04:53:43  3 of 8 OK created sql table model dbt_schema.nation ............................ [[32mSUCCESS 1[0m in 1.03s]
[2024-07-10T04:53:43.126+0000] {docker.py:436} INFO - [0m04:53:43  4 of 8 START sql table model dbt_schema.orders ................................. [RUN]
[2024-07-10T04:53:46.230+0000] {docker.py:436} INFO - [0m04:53:46  4 of 8 OK created sql table model dbt_schema.orders ............................ [[32mSUCCESS 1[0m in 3.10s]
[2024-07-10T04:53:46.231+0000] {docker.py:436} INFO - [0m04:53:46  5 of 8 START sql table model dbt_schema.part ................................... [RUN]
[2024-07-10T04:53:47.896+0000] {docker.py:436} INFO - [0m04:53:47  5 of 8 OK created sql table model dbt_schema.part .............................. [[32mSUCCESS 1[0m in 1.66s]
[2024-07-10T04:53:47.899+0000] {docker.py:436} INFO - [0m04:53:47  6 of 8 START sql table model dbt_schema.partsupp ............................... [RUN]
[2024-07-10T04:53:50.001+0000] {docker.py:436} INFO - [0m04:53:50  6 of 8 OK created sql table model dbt_schema.partsupp .......................... [[32mSUCCESS 1[0m in 2.10s]
[2024-07-10T04:53:50.005+0000] {docker.py:436} INFO - [0m04:53:50  7 of 8 START sql table model dbt_schema.region ................................. [RUN]
[2024-07-10T04:53:51.031+0000] {docker.py:436} INFO - [0m04:53:51  7 of 8 OK created sql table model dbt_schema.region ............................ [[32mSUCCESS 1[0m in 1.02s]
[2024-07-10T04:53:51.036+0000] {docker.py:436} INFO - [0m04:53:51  8 of 8 START sql table model dbt_schema.supplier ............................... [RUN]
[2024-07-10T04:53:52.152+0000] {docker.py:436} INFO - [0m04:53:52  8 of 8 OK created sql table model dbt_schema.supplier .......................... [[32mSUCCESS 1[0m in 1.11s]
[2024-07-10T04:53:52.154+0000] {docker.py:436} INFO - [0m04:53:52
[2024-07-10T04:53:52.154+0000] {docker.py:436} INFO - [0m04:53:52  Finished running 8 table models in 0 hours 0 minutes and 23.24 seconds (23.24s).
[2024-07-10T04:53:52.181+0000] {docker.py:436} INFO - [0m04:53:52
[2024-07-10T04:53:52.181+0000] {docker.py:436} INFO - [0m04:53:52  [32mCompleted successfully[0m
[2024-07-10T04:53:52.182+0000] {docker.py:436} INFO - [0m04:53:52
[2024-07-10T04:53:52.182+0000] {docker.py:436} INFO - [0m04:53:52  Done. PASS=8 WARN=0 ERROR=0 SKIP=0 TOTAL=8
[2024-07-10T04:53:53.655+0000] {taskinstance.py:441} INFO - ::group::Post task execution logs
[2024-07-10T04:53:53.670+0000] {taskinstance.py:1206} INFO - Marking task as SUCCESS. dag_id=etl_pipeline_v4, task_id=dbt_run_with_snowflake, run_id=scheduled__2024-07-09T00:00:00+00:00, execution_date=20240709T000000, start_date=20240710T045326, end_date=20240710T045353
[2024-07-10T04:53:53.703+0000] {local_task_job_runner.py:240} INFO - Task exited with return code 0
[2024-07-10T04:53:53.719+0000] {taskinstance.py:3503} INFO - 1 downstream tasks scheduled from follow-on schedule check
[2024-07-10T04:53:53.721+0000] {local_task_job_runner.py:222} INFO - ::endgroup::
[2024-07-10T05:12:11.737+0000] {local_task_job_runner.py:120} INFO - ::group::Pre task execution logs
[2024-07-10T05:12:11.764+0000] {taskinstance.py:2076} INFO - Dependencies all met for dep_context=non-requeueable deps ti=<TaskInstance: etl_pipeline_v4.dbt_run_with_snowflake scheduled__2024-07-09T00:00:00+00:00 [queued]>
[2024-07-10T05:12:11.770+0000] {taskinstance.py:2076} INFO - Dependencies all met for dep_context=requeueable deps ti=<TaskInstance: etl_pipeline_v4.dbt_run_with_snowflake scheduled__2024-07-09T00:00:00+00:00 [queued]>
[2024-07-10T05:12:11.771+0000] {taskinstance.py:2306} INFO - Starting attempt 1 of 1
[2024-07-10T05:12:11.782+0000] {taskinstance.py:2330} INFO - Executing <Task(DockerOperator): dbt_run_with_snowflake> on 2024-07-09 00:00:00+00:00
[2024-07-10T05:12:11.789+0000] {logging_mixin.py:188} WARNING - /home/***/.local/lib/python3.12/site-packages/***/task/task_runner/standard_task_runner.py:61 DeprecationWarning: This process (pid=185) is multi-threaded, use of fork() may lead to deadlocks in the child.
[2024-07-10T05:12:11.790+0000] {standard_task_runner.py:63} INFO - Started process 187 to run task
[2024-07-10T05:12:11.787+0000] {standard_task_runner.py:90} INFO - Running: ['***', 'tasks', 'run', 'etl_pipeline_v4', 'dbt_run_with_snowflake', 'scheduled__2024-07-09T00:00:00+00:00', '--job-id', '4', '--raw', '--subdir', 'DAGS_FOLDER/first_dag.py', '--cfg-path', '/tmp/tmpnf9ey5rr']
[2024-07-10T05:12:11.792+0000] {standard_task_runner.py:91} INFO - Job 4: Subtask dbt_run_with_snowflake
[2024-07-10T05:12:11.824+0000] {task_command.py:426} INFO - Running <TaskInstance: etl_pipeline_v4.dbt_run_with_snowflake scheduled__2024-07-09T00:00:00+00:00 [running]> on host 93a6f2182f18
[2024-07-10T05:12:11.885+0000] {taskinstance.py:2648} INFO - Exporting env vars: AIRFLOW_CTX_DAG_OWNER='***' AIRFLOW_CTX_DAG_ID='etl_pipeline_v4' AIRFLOW_CTX_TASK_ID='dbt_run_with_snowflake' AIRFLOW_CTX_EXECUTION_DATE='2024-07-09T00:00:00+00:00' AIRFLOW_CTX_TRY_NUMBER='1' AIRFLOW_CTX_DAG_RUN_ID='scheduled__2024-07-09T00:00:00+00:00'
[2024-07-10T05:12:11.886+0000] {taskinstance.py:430} INFO - ::endgroup::
[2024-07-10T05:12:11.918+0000] {docker.py:366} INFO - Starting docker container from image ghcr.io/dbt-labs/dbt-snowflake:latest
[2024-07-10T05:12:11.920+0000] {docker.py:374} WARNING - Using remote engine or docker-in-docker and mounting temporary volume from host is not supported. Falling back to `mount_tmp_dir=False` mode. You can set `mount_tmp_dir` parameter to False to disable mounting and remove the warning
[2024-07-10T05:12:13.350+0000] {docker.py:436} INFO - [0m05:12:13  Running with dbt=1.8.2
[2024-07-10T05:12:13.677+0000] {docker.py:436} INFO - [0m05:12:13  Registered adapter: snowflake=1.8.3
[2024-07-10T05:12:13.872+0000] {docker.py:436} INFO - [0m05:12:13  Found 8 models, 8 sources, 444 macros
[2024-07-10T05:12:13.874+0000] {docker.py:436} INFO - [0m05:12:13
[2024-07-10T05:12:15.089+0000] {docker.py:436} INFO - [0m05:12:15  Concurrency: 1 threads (target='dev')
[2024-07-10T05:12:15.090+0000] {docker.py:436} INFO - [0m05:12:15
[2024-07-10T05:12:15.102+0000] {docker.py:436} INFO - [0m05:12:15  1 of 8 START sql table model dbt_schema.customer ............................... [RUN]
[2024-07-10T05:12:17.420+0000] {docker.py:436} INFO - [0m05:12:17  1 of 8 OK created sql table model dbt_schema.customer .......................... [[32mSUCCESS 1[0m in 2.31s]
[2024-07-10T05:12:17.423+0000] {docker.py:436} INFO - [0m05:12:17  2 of 8 START sql table model dbt_schema.lineitem ............................... [RUN]
[2024-07-10T05:12:28.154+0000] {docker.py:436} INFO - [0m05:12:28  2 of 8 OK created sql table model dbt_schema.lineitem .......................... [[32mSUCCESS 1[0m in 10.73s]
[2024-07-10T05:12:28.156+0000] {docker.py:436} INFO - [0m05:12:28  3 of 8 START sql table model dbt_schema.nation ................................. [RUN]
[2024-07-10T05:12:29.349+0000] {docker.py:436} INFO - [0m05:12:29  3 of 8 OK created sql table model dbt_schema.nation ............................ [[32mSUCCESS 1[0m in 1.19s]
[2024-07-10T05:12:29.351+0000] {docker.py:436} INFO - [0m05:12:29  4 of 8 START sql table model dbt_schema.orders ................................. [RUN]
[2024-07-10T05:12:32.565+0000] {docker.py:436} INFO - [0m05:12:32  4 of 8 OK created sql table model dbt_schema.orders ............................ [[32mSUCCESS 1[0m in 3.21s]
[2024-07-10T05:12:32.566+0000] {docker.py:436} INFO - [0m05:12:32  5 of 8 START sql table model dbt_schema.part ................................... [RUN]
[2024-07-10T05:12:34.910+0000] {docker.py:436} INFO - [0m05:12:34  5 of 8 OK created sql table model dbt_schema.part .............................. [[32mSUCCESS 1[0m in 2.34s]
[2024-07-10T05:12:34.911+0000] {docker.py:436} INFO - [0m05:12:34  6 of 8 START sql table model dbt_schema.partsupp ............................... [RUN]
[2024-07-10T05:12:37.150+0000] {docker.py:436} INFO - [0m05:12:37  6 of 8 OK created sql table model dbt_schema.partsupp .......................... [[32mSUCCESS 1[0m in 2.24s]
[2024-07-10T05:12:37.151+0000] {docker.py:436} INFO - [0m05:12:37  7 of 8 START sql table model dbt_schema.region ................................. [RUN]
[2024-07-10T05:12:38.232+0000] {docker.py:436} INFO - [0m05:12:38  7 of 8 OK created sql table model dbt_schema.region ............................ [[32mSUCCESS 1[0m in 1.08s]
[2024-07-10T05:12:38.234+0000] {docker.py:436} INFO - [0m05:12:38  8 of 8 START sql table model dbt_schema.supplier ............................... [RUN]
[2024-07-10T05:12:39.379+0000] {docker.py:436} INFO - [0m05:12:39  8 of 8 OK created sql table model dbt_schema.supplier .......................... [[32mSUCCESS 1[0m in 1.14s]
[2024-07-10T05:12:39.381+0000] {docker.py:436} INFO - [0m05:12:39
[2024-07-10T05:12:39.381+0000] {docker.py:436} INFO - [0m05:12:39  Finished running 8 table models in 0 hours 0 minutes and 25.51 seconds (25.51s).
[2024-07-10T05:12:39.407+0000] {docker.py:436} INFO - [0m05:12:39
[2024-07-10T05:12:39.408+0000] {docker.py:436} INFO - [0m05:12:39  [32mCompleted successfully[0m
[2024-07-10T05:12:39.408+0000] {docker.py:436} INFO - [0m05:12:39
[2024-07-10T05:12:39.408+0000] {docker.py:436} INFO - [0m05:12:39  Done. PASS=8 WARN=0 ERROR=0 SKIP=0 TOTAL=8
[2024-07-10T05:12:40.961+0000] {taskinstance.py:441} INFO - ::group::Post task execution logs
[2024-07-10T05:12:40.978+0000] {taskinstance.py:1206} INFO - Marking task as SUCCESS. dag_id=etl_pipeline_v4, task_id=dbt_run_with_snowflake, run_id=scheduled__2024-07-09T00:00:00+00:00, execution_date=20240709T000000, start_date=20240710T051211, end_date=20240710T051240
[2024-07-10T05:12:41.009+0000] {local_task_job_runner.py:240} INFO - Task exited with return code 0
[2024-07-10T05:12:41.023+0000] {taskinstance.py:3503} INFO - 1 downstream tasks scheduled from follow-on schedule check
[2024-07-10T05:12:41.025+0000] {local_task_job_runner.py:222} INFO - ::endgroup::
