[2024-07-09T12:24:46.005+0000] {processor.py:161} INFO - Started process (PID=258) to work on /home/airflow/.local/lib/python3.12/site-packages/airflow/example_dags/example_xcomargs.py
[2024-07-09T12:24:46.008+0000] {processor.py:830} INFO - Processing file /home/airflow/.local/lib/python3.12/site-packages/airflow/example_dags/example_xcomargs.py for tasks to queue
[2024-07-09T12:24:46.009+0000] {logging_mixin.py:188} INFO - [2024-07-09T12:24:46.009+0000] {dagbag.py:545} INFO - Filling up the DagBag from /home/airflow/.local/lib/python3.12/site-packages/airflow/example_dags/example_xcomargs.py
[2024-07-09T12:24:46.016+0000] {processor.py:840} INFO - DAG(s) 'example_xcom_args', 'example_xcom_args_with_operators' retrieved from /home/airflow/.local/lib/python3.12/site-packages/airflow/example_dags/example_xcomargs.py
[2024-07-09T12:24:46.113+0000] {logging_mixin.py:188} INFO - [2024-07-09T12:24:46.112+0000] {override.py:1829} INFO - Created Permission View: can delete on DAG:example_xcom_args
[2024-07-09T12:24:46.124+0000] {logging_mixin.py:188} INFO - [2024-07-09T12:24:46.124+0000] {override.py:1829} INFO - Created Permission View: can edit on DAG:example_xcom_args
[2024-07-09T12:24:46.132+0000] {logging_mixin.py:188} INFO - [2024-07-09T12:24:46.132+0000] {override.py:1829} INFO - Created Permission View: can read on DAG:example_xcom_args
[2024-07-09T12:24:46.151+0000] {logging_mixin.py:188} INFO - [2024-07-09T12:24:46.151+0000] {override.py:1829} INFO - Created Permission View: can delete on DAG:example_xcom_args_with_operators
[2024-07-09T12:24:46.156+0000] {logging_mixin.py:188} INFO - [2024-07-09T12:24:46.156+0000] {override.py:1829} INFO - Created Permission View: can edit on DAG:example_xcom_args_with_operators
[2024-07-09T12:24:46.162+0000] {logging_mixin.py:188} INFO - [2024-07-09T12:24:46.162+0000] {override.py:1829} INFO - Created Permission View: can read on DAG:example_xcom_args_with_operators
[2024-07-09T12:24:46.163+0000] {logging_mixin.py:188} INFO - [2024-07-09T12:24:46.163+0000] {dag.py:3096} INFO - Sync 2 DAGs
[2024-07-09T12:24:46.172+0000] {logging_mixin.py:188} INFO - [2024-07-09T12:24:46.172+0000] {dag.py:3118} INFO - Creating ORM DAG for example_xcom_args_with_operators
[2024-07-09T12:24:46.173+0000] {logging_mixin.py:188} INFO - [2024-07-09T12:24:46.173+0000] {dag.py:3118} INFO - Creating ORM DAG for example_xcom_args
[2024-07-09T12:24:46.174+0000] {logging_mixin.py:188} INFO - [2024-07-09T12:24:46.173+0000] {dag.py:3954} INFO - Setting next_dagrun for example_xcom_args to None, run_after=None
[2024-07-09T12:24:46.174+0000] {logging_mixin.py:188} INFO - [2024-07-09T12:24:46.174+0000] {dag.py:3954} INFO - Setting next_dagrun for example_xcom_args_with_operators to None, run_after=None
[2024-07-09T12:24:46.190+0000] {processor.py:183} INFO - Processing /home/airflow/.local/lib/python3.12/site-packages/airflow/example_dags/example_xcomargs.py took 0.189 seconds
[2024-07-09T12:25:16.315+0000] {processor.py:161} INFO - Started process (PID=519) to work on /home/airflow/.local/lib/python3.12/site-packages/airflow/example_dags/example_xcomargs.py
[2024-07-09T12:25:16.316+0000] {processor.py:830} INFO - Processing file /home/airflow/.local/lib/python3.12/site-packages/airflow/example_dags/example_xcomargs.py for tasks to queue
[2024-07-09T12:25:16.317+0000] {logging_mixin.py:188} INFO - [2024-07-09T12:25:16.317+0000] {dagbag.py:545} INFO - Filling up the DagBag from /home/airflow/.local/lib/python3.12/site-packages/airflow/example_dags/example_xcomargs.py
[2024-07-09T12:25:16.323+0000] {processor.py:840} INFO - DAG(s) 'example_xcom_args_with_operators', 'example_xcom_args' retrieved from /home/airflow/.local/lib/python3.12/site-packages/airflow/example_dags/example_xcomargs.py
[2024-07-09T12:25:16.341+0000] {logging_mixin.py:188} INFO - [2024-07-09T12:25:16.341+0000] {dag.py:3096} INFO - Sync 2 DAGs
[2024-07-09T12:25:16.352+0000] {logging_mixin.py:188} INFO - [2024-07-09T12:25:16.351+0000] {dag.py:3954} INFO - Setting next_dagrun for example_xcom_args to None, run_after=None
[2024-07-09T12:25:16.355+0000] {logging_mixin.py:188} INFO - [2024-07-09T12:25:16.354+0000] {dag.py:3954} INFO - Setting next_dagrun for example_xcom_args_with_operators to None, run_after=None
[2024-07-09T12:25:16.369+0000] {processor.py:183} INFO - Processing /home/airflow/.local/lib/python3.12/site-packages/airflow/example_dags/example_xcomargs.py took 0.059 seconds
