[2024-07-09T12:24:45.755+0000] {processor.py:161} INFO - Started process (PID=253) to work on /home/airflow/.local/lib/python3.12/site-packages/airflow/example_dags/example_branch_datetime_operator.py
[2024-07-09T12:24:45.755+0000] {processor.py:830} INFO - Processing file /home/airflow/.local/lib/python3.12/site-packages/airflow/example_dags/example_branch_datetime_operator.py for tasks to queue
[2024-07-09T12:24:45.756+0000] {logging_mixin.py:188} INFO - [2024-07-09T12:24:45.756+0000] {dagbag.py:545} INFO - Filling up the DagBag from /home/airflow/.local/lib/python3.12/site-packages/airflow/example_dags/example_branch_datetime_operator.py
[2024-07-09T12:24:45.765+0000] {processor.py:840} INFO - DAG(s) 'example_branch_datetime_operator_2', 'example_branch_datetime_operator_3', 'example_branch_datetime_operator' retrieved from /home/airflow/.local/lib/python3.12/site-packages/airflow/example_dags/example_branch_datetime_operator.py
[2024-07-09T12:24:45.858+0000] {logging_mixin.py:188} INFO - [2024-07-09T12:24:45.857+0000] {override.py:1829} INFO - Created Permission View: can delete on DAG:example_branch_datetime_operator_2
[2024-07-09T12:24:45.868+0000] {logging_mixin.py:188} INFO - [2024-07-09T12:24:45.867+0000] {override.py:1829} INFO - Created Permission View: can edit on DAG:example_branch_datetime_operator_2
[2024-07-09T12:24:45.895+0000] {logging_mixin.py:188} INFO - [2024-07-09T12:24:45.895+0000] {override.py:1829} INFO - Created Permission View: can read on DAG:example_branch_datetime_operator_2
[2024-07-09T12:24:45.907+0000] {logging_mixin.py:188} INFO - [2024-07-09T12:24:45.907+0000] {override.py:1829} INFO - Created Permission View: can delete on DAG:example_branch_datetime_operator_3
[2024-07-09T12:24:45.915+0000] {logging_mixin.py:188} INFO - [2024-07-09T12:24:45.914+0000] {override.py:1829} INFO - Created Permission View: can edit on DAG:example_branch_datetime_operator_3
[2024-07-09T12:24:45.921+0000] {logging_mixin.py:188} INFO - [2024-07-09T12:24:45.921+0000] {override.py:1829} INFO - Created Permission View: can read on DAG:example_branch_datetime_operator_3
[2024-07-09T12:24:45.932+0000] {logging_mixin.py:188} INFO - [2024-07-09T12:24:45.932+0000] {override.py:1829} INFO - Created Permission View: can delete on DAG:example_branch_datetime_operator
[2024-07-09T12:24:45.937+0000] {logging_mixin.py:188} INFO - [2024-07-09T12:24:45.936+0000] {override.py:1829} INFO - Created Permission View: can edit on DAG:example_branch_datetime_operator
[2024-07-09T12:24:45.942+0000] {logging_mixin.py:188} INFO - [2024-07-09T12:24:45.942+0000] {override.py:1829} INFO - Created Permission View: can read on DAG:example_branch_datetime_operator
[2024-07-09T12:24:45.942+0000] {logging_mixin.py:188} INFO - [2024-07-09T12:24:45.942+0000] {dag.py:3096} INFO - Sync 3 DAGs
[2024-07-09T12:24:45.952+0000] {logging_mixin.py:188} INFO - [2024-07-09T12:24:45.952+0000] {dag.py:3118} INFO - Creating ORM DAG for example_branch_datetime_operator_3
[2024-07-09T12:24:45.953+0000] {logging_mixin.py:188} INFO - [2024-07-09T12:24:45.952+0000] {dag.py:3118} INFO - Creating ORM DAG for example_branch_datetime_operator
[2024-07-09T12:24:45.953+0000] {logging_mixin.py:188} INFO - [2024-07-09T12:24:45.953+0000] {dag.py:3118} INFO - Creating ORM DAG for example_branch_datetime_operator_2
[2024-07-09T12:24:45.963+0000] {logging_mixin.py:188} INFO - [2024-07-09T12:24:45.963+0000] {dag.py:3954} INFO - Setting next_dagrun for example_branch_datetime_operator to 2024-07-08 00:00:00+00:00, run_after=2024-07-09 00:00:00+00:00
[2024-07-09T12:24:45.965+0000] {logging_mixin.py:188} INFO - [2024-07-09T12:24:45.965+0000] {dag.py:3954} INFO - Setting next_dagrun for example_branch_datetime_operator_2 to 2024-07-08 00:00:00+00:00, run_after=2024-07-09 00:00:00+00:00
[2024-07-09T12:24:45.967+0000] {logging_mixin.py:188} INFO - [2024-07-09T12:24:45.966+0000] {dag.py:3954} INFO - Setting next_dagrun for example_branch_datetime_operator_3 to 2024-07-08 00:00:00+00:00, run_after=2024-07-09 00:00:00+00:00
[2024-07-09T12:24:45.982+0000] {processor.py:183} INFO - Processing /home/airflow/.local/lib/python3.12/site-packages/airflow/example_dags/example_branch_datetime_operator.py took 0.231 seconds
[2024-07-09T12:25:16.225+0000] {processor.py:161} INFO - Started process (PID=509) to work on /home/airflow/.local/lib/python3.12/site-packages/airflow/example_dags/example_branch_datetime_operator.py
[2024-07-09T12:25:16.226+0000] {processor.py:830} INFO - Processing file /home/airflow/.local/lib/python3.12/site-packages/airflow/example_dags/example_branch_datetime_operator.py for tasks to queue
[2024-07-09T12:25:16.227+0000] {logging_mixin.py:188} INFO - [2024-07-09T12:25:16.227+0000] {dagbag.py:545} INFO - Filling up the DagBag from /home/airflow/.local/lib/python3.12/site-packages/airflow/example_dags/example_branch_datetime_operator.py
[2024-07-09T12:25:16.235+0000] {processor.py:840} INFO - DAG(s) 'example_branch_datetime_operator_2', 'example_branch_datetime_operator', 'example_branch_datetime_operator_3' retrieved from /home/airflow/.local/lib/python3.12/site-packages/airflow/example_dags/example_branch_datetime_operator.py
[2024-07-09T12:25:16.256+0000] {logging_mixin.py:188} INFO - [2024-07-09T12:25:16.256+0000] {dag.py:3096} INFO - Sync 3 DAGs
[2024-07-09T12:25:16.275+0000] {logging_mixin.py:188} INFO - [2024-07-09T12:25:16.274+0000] {dag.py:3954} INFO - Setting next_dagrun for example_branch_datetime_operator to 2024-07-08 00:00:00+00:00, run_after=2024-07-09 00:00:00+00:00
[2024-07-09T12:25:16.279+0000] {logging_mixin.py:188} INFO - [2024-07-09T12:25:16.279+0000] {dag.py:3954} INFO - Setting next_dagrun for example_branch_datetime_operator_2 to 2024-07-08 00:00:00+00:00, run_after=2024-07-09 00:00:00+00:00
[2024-07-09T12:25:16.281+0000] {logging_mixin.py:188} INFO - [2024-07-09T12:25:16.281+0000] {dag.py:3954} INFO - Setting next_dagrun for example_branch_datetime_operator_3 to 2024-07-08 00:00:00+00:00, run_after=2024-07-09 00:00:00+00:00
[2024-07-09T12:25:16.295+0000] {processor.py:183} INFO - Processing /home/airflow/.local/lib/python3.12/site-packages/airflow/example_dags/example_branch_datetime_operator.py took 0.074 seconds
