[2024-07-09T12:24:48.795+0000] {processor.py:161} INFO - Started process (PID=399) to work on /home/airflow/.local/lib/python3.12/site-packages/airflow/example_dags/example_external_task_marker_dag.py
[2024-07-09T12:24:48.796+0000] {processor.py:830} INFO - Processing file /home/airflow/.local/lib/python3.12/site-packages/airflow/example_dags/example_external_task_marker_dag.py for tasks to queue
[2024-07-09T12:24:48.797+0000] {logging_mixin.py:188} INFO - [2024-07-09T12:24:48.797+0000] {dagbag.py:545} INFO - Filling up the DagBag from /home/airflow/.local/lib/python3.12/site-packages/airflow/example_dags/example_external_task_marker_dag.py
[2024-07-09T12:24:48.802+0000] {processor.py:840} INFO - DAG(s) 'example_external_task_marker_child', 'example_external_task_marker_parent' retrieved from /home/airflow/.local/lib/python3.12/site-packages/airflow/example_dags/example_external_task_marker_dag.py
[2024-07-09T12:24:48.894+0000] {logging_mixin.py:188} INFO - [2024-07-09T12:24:48.893+0000] {override.py:1829} INFO - Created Permission View: can delete on DAG:example_external_task_marker_child
[2024-07-09T12:24:48.902+0000] {logging_mixin.py:188} INFO - [2024-07-09T12:24:48.902+0000] {override.py:1829} INFO - Created Permission View: can edit on DAG:example_external_task_marker_child
[2024-07-09T12:24:48.907+0000] {logging_mixin.py:188} INFO - [2024-07-09T12:24:48.907+0000] {override.py:1829} INFO - Created Permission View: can read on DAG:example_external_task_marker_child
[2024-07-09T12:24:48.917+0000] {logging_mixin.py:188} INFO - [2024-07-09T12:24:48.917+0000] {override.py:1829} INFO - Created Permission View: can delete on DAG:example_external_task_marker_parent
[2024-07-09T12:24:48.922+0000] {logging_mixin.py:188} INFO - [2024-07-09T12:24:48.922+0000] {override.py:1829} INFO - Created Permission View: can edit on DAG:example_external_task_marker_parent
[2024-07-09T12:24:48.926+0000] {logging_mixin.py:188} INFO - [2024-07-09T12:24:48.926+0000] {override.py:1829} INFO - Created Permission View: can read on DAG:example_external_task_marker_parent
[2024-07-09T12:24:48.927+0000] {logging_mixin.py:188} INFO - [2024-07-09T12:24:48.927+0000] {dag.py:3096} INFO - Sync 2 DAGs
[2024-07-09T12:24:48.937+0000] {logging_mixin.py:188} INFO - [2024-07-09T12:24:48.937+0000] {dag.py:3118} INFO - Creating ORM DAG for example_external_task_marker_parent
[2024-07-09T12:24:48.937+0000] {logging_mixin.py:188} INFO - [2024-07-09T12:24:48.937+0000] {dag.py:3118} INFO - Creating ORM DAG for example_external_task_marker_child
[2024-07-09T12:24:48.938+0000] {logging_mixin.py:188} INFO - [2024-07-09T12:24:48.938+0000] {dag.py:3954} INFO - Setting next_dagrun for example_external_task_marker_child to None, run_after=None
[2024-07-09T12:24:48.938+0000] {logging_mixin.py:188} INFO - [2024-07-09T12:24:48.938+0000] {dag.py:3954} INFO - Setting next_dagrun for example_external_task_marker_parent to None, run_after=None
[2024-07-09T12:24:48.953+0000] {processor.py:183} INFO - Processing /home/airflow/.local/lib/python3.12/site-packages/airflow/example_dags/example_external_task_marker_dag.py took 0.162 seconds
[2024-07-09T12:25:19.709+0000] {processor.py:161} INFO - Started process (PID=660) to work on /home/airflow/.local/lib/python3.12/site-packages/airflow/example_dags/example_external_task_marker_dag.py
[2024-07-09T12:25:19.710+0000] {processor.py:830} INFO - Processing file /home/airflow/.local/lib/python3.12/site-packages/airflow/example_dags/example_external_task_marker_dag.py for tasks to queue
[2024-07-09T12:25:19.712+0000] {logging_mixin.py:188} INFO - [2024-07-09T12:25:19.712+0000] {dagbag.py:545} INFO - Filling up the DagBag from /home/airflow/.local/lib/python3.12/site-packages/airflow/example_dags/example_external_task_marker_dag.py
[2024-07-09T12:25:19.719+0000] {processor.py:840} INFO - DAG(s) 'example_external_task_marker_parent', 'example_external_task_marker_child' retrieved from /home/airflow/.local/lib/python3.12/site-packages/airflow/example_dags/example_external_task_marker_dag.py
[2024-07-09T12:25:19.742+0000] {logging_mixin.py:188} INFO - [2024-07-09T12:25:19.742+0000] {dag.py:3096} INFO - Sync 2 DAGs
[2024-07-09T12:25:19.753+0000] {logging_mixin.py:188} INFO - [2024-07-09T12:25:19.753+0000] {dag.py:3954} INFO - Setting next_dagrun for example_external_task_marker_child to None, run_after=None
[2024-07-09T12:25:19.757+0000] {logging_mixin.py:188} INFO - [2024-07-09T12:25:19.757+0000] {dag.py:3954} INFO - Setting next_dagrun for example_external_task_marker_parent to None, run_after=None
[2024-07-09T12:25:19.772+0000] {processor.py:183} INFO - Processing /home/airflow/.local/lib/python3.12/site-packages/airflow/example_dags/example_external_task_marker_dag.py took 0.068 seconds
