[2024-07-09T12:24:44.824+0000] {processor.py:161} INFO - Started process (PID=208) to work on /home/airflow/.local/lib/python3.12/site-packages/airflow/example_dags/example_subdag_operator.py
[2024-07-09T12:24:44.824+0000] {processor.py:830} INFO - Processing file /home/airflow/.local/lib/python3.12/site-packages/airflow/example_dags/example_subdag_operator.py for tasks to queue
[2024-07-09T12:24:44.825+0000] {logging_mixin.py:188} INFO - [2024-07-09T12:24:44.825+0000] {dagbag.py:545} INFO - Filling up the DagBag from /home/airflow/.local/lib/python3.12/site-packages/airflow/example_dags/example_subdag_operator.py
[2024-07-09T12:24:44.844+0000] {processor.py:840} INFO - DAG(s) 'example_subdag_operator.section-1', 'example_subdag_operator.section-2', 'example_subdag_operator' retrieved from /home/airflow/.local/lib/python3.12/site-packages/airflow/example_dags/example_subdag_operator.py
[2024-07-09T12:24:44.936+0000] {logging_mixin.py:188} INFO - [2024-07-09T12:24:44.936+0000] {override.py:1829} INFO - Created Permission View: can delete on DAG:example_subdag_operator
[2024-07-09T12:24:44.944+0000] {logging_mixin.py:188} INFO - [2024-07-09T12:24:44.944+0000] {override.py:1829} INFO - Created Permission View: can edit on DAG:example_subdag_operator
[2024-07-09T12:24:44.949+0000] {logging_mixin.py:188} INFO - [2024-07-09T12:24:44.949+0000] {override.py:1829} INFO - Created Permission View: can read on DAG:example_subdag_operator
[2024-07-09T12:24:44.949+0000] {logging_mixin.py:188} INFO - [2024-07-09T12:24:44.949+0000] {dag.py:3096} INFO - Sync 3 DAGs
[2024-07-09T12:24:44.959+0000] {logging_mixin.py:188} INFO - [2024-07-09T12:24:44.959+0000] {dag.py:3118} INFO - Creating ORM DAG for example_subdag_operator.section-1
[2024-07-09T12:24:44.960+0000] {logging_mixin.py:188} INFO - [2024-07-09T12:24:44.959+0000] {dag.py:3118} INFO - Creating ORM DAG for example_subdag_operator.section-2
[2024-07-09T12:24:44.960+0000] {logging_mixin.py:188} INFO - [2024-07-09T12:24:44.960+0000] {dag.py:3118} INFO - Creating ORM DAG for example_subdag_operator
[2024-07-09T12:24:44.968+0000] {logging_mixin.py:188} INFO - [2024-07-09T12:24:44.968+0000] {dag.py:3954} INFO - Setting next_dagrun for example_subdag_operator to 2022-01-01 00:00:00+00:00, run_after=2022-01-01 00:00:00+00:00
[2024-07-09T12:24:44.968+0000] {logging_mixin.py:188} INFO - [2024-07-09T12:24:44.968+0000] {dag.py:3954} INFO - Setting next_dagrun for example_subdag_operator.section-1 to None, run_after=None
[2024-07-09T12:24:44.969+0000] {logging_mixin.py:188} INFO - [2024-07-09T12:24:44.969+0000] {dag.py:3954} INFO - Setting next_dagrun for example_subdag_operator.section-2 to None, run_after=None
[2024-07-09T12:24:44.976+0000] {logging_mixin.py:188} INFO - [2024-07-09T12:24:44.976+0000] {dag.py:3096} INFO - Sync 2 DAGs
[2024-07-09T12:24:44.980+0000] {logging_mixin.py:188} INFO - [2024-07-09T12:24:44.980+0000] {dag.py:3954} INFO - Setting next_dagrun for example_subdag_operator.section-1 to None, run_after=None
[2024-07-09T12:24:44.983+0000] {logging_mixin.py:188} INFO - [2024-07-09T12:24:44.983+0000] {dag.py:3954} INFO - Setting next_dagrun for example_subdag_operator.section-2 to None, run_after=None
[2024-07-09T12:24:44.994+0000] {processor.py:183} INFO - Processing /home/airflow/.local/lib/python3.12/site-packages/airflow/example_dags/example_subdag_operator.py took 0.175 seconds
[2024-07-09T12:25:15.740+0000] {processor.py:161} INFO - Started process (PID=469) to work on /home/airflow/.local/lib/python3.12/site-packages/airflow/example_dags/example_subdag_operator.py
[2024-07-09T12:25:15.740+0000] {processor.py:830} INFO - Processing file /home/airflow/.local/lib/python3.12/site-packages/airflow/example_dags/example_subdag_operator.py for tasks to queue
[2024-07-09T12:25:15.741+0000] {logging_mixin.py:188} INFO - [2024-07-09T12:25:15.741+0000] {dagbag.py:545} INFO - Filling up the DagBag from /home/airflow/.local/lib/python3.12/site-packages/airflow/example_dags/example_subdag_operator.py
[2024-07-09T12:25:15.760+0000] {processor.py:840} INFO - DAG(s) 'example_subdag_operator.section-1', 'example_subdag_operator.section-2', 'example_subdag_operator' retrieved from /home/airflow/.local/lib/python3.12/site-packages/airflow/example_dags/example_subdag_operator.py
[2024-07-09T12:25:15.772+0000] {logging_mixin.py:188} INFO - [2024-07-09T12:25:15.772+0000] {dag.py:3096} INFO - Sync 3 DAGs
[2024-07-09T12:25:15.790+0000] {logging_mixin.py:188} INFO - [2024-07-09T12:25:15.789+0000] {dag.py:3954} INFO - Setting next_dagrun for example_subdag_operator to 2022-01-01 00:00:00+00:00, run_after=2022-01-01 00:00:00+00:00
[2024-07-09T12:25:15.792+0000] {logging_mixin.py:188} INFO - [2024-07-09T12:25:15.792+0000] {dag.py:3954} INFO - Setting next_dagrun for example_subdag_operator.section-1 to None, run_after=None
[2024-07-09T12:25:15.793+0000] {logging_mixin.py:188} INFO - [2024-07-09T12:25:15.793+0000] {dag.py:3954} INFO - Setting next_dagrun for example_subdag_operator.section-2 to None, run_after=None
[2024-07-09T12:25:15.799+0000] {logging_mixin.py:188} INFO - [2024-07-09T12:25:15.799+0000] {dag.py:3096} INFO - Sync 2 DAGs
[2024-07-09T12:25:15.803+0000] {logging_mixin.py:188} INFO - [2024-07-09T12:25:15.803+0000] {dag.py:3954} INFO - Setting next_dagrun for example_subdag_operator.section-1 to None, run_after=None
[2024-07-09T12:25:15.803+0000] {logging_mixin.py:188} INFO - [2024-07-09T12:25:15.803+0000] {dag.py:3954} INFO - Setting next_dagrun for example_subdag_operator.section-2 to None, run_after=None
[2024-07-09T12:25:15.813+0000] {processor.py:183} INFO - Processing /home/airflow/.local/lib/python3.12/site-packages/airflow/example_dags/example_subdag_operator.py took 0.078 seconds
