[2024-07-10T04:50:13.515+0000] {local_task_job_runner.py:120} INFO - ::group::Pre task execution logs
[2024-07-10T04:50:13.542+0000] {taskinstance.py:2076} INFO - Dependencies all met for dep_context=non-requeueable deps ti=<TaskInstance: etl_pipeline_v2.dbt_run_with_snowflake scheduled__2024-07-09T00:00:00+00:00 [queued]>
[2024-07-10T04:50:13.549+0000] {taskinstance.py:2076} INFO - Dependencies all met for dep_context=requeueable deps ti=<TaskInstance: etl_pipeline_v2.dbt_run_with_snowflake scheduled__2024-07-09T00:00:00+00:00 [queued]>
[2024-07-10T04:50:13.550+0000] {taskinstance.py:2306} INFO - Starting attempt 1 of 1
[2024-07-10T04:50:13.561+0000] {taskinstance.py:2330} INFO - Executing <Task(DockerOperator): dbt_run_with_snowflake> on 2024-07-09 00:00:00+00:00
[2024-07-10T04:50:13.573+0000] {standard_task_runner.py:90} INFO - Running: ['***', 'tasks', 'run', 'etl_pipeline_v2', 'dbt_run_with_snowflake', 'scheduled__2024-07-09T00:00:00+00:00', '--job-id', '4', '--raw', '--subdir', 'DAGS_FOLDER/first_dag.py', '--cfg-path', '/tmp/tmp2hh53217']
[2024-07-10T04:50:13.576+0000] {standard_task_runner.py:91} INFO - Job 4: Subtask dbt_run_with_snowflake
[2024-07-10T04:50:13.577+0000] {logging_mixin.py:188} WARNING - /home/***/.local/lib/python3.12/site-packages/***/task/task_runner/standard_task_runner.py:61 DeprecationWarning: This process (pid=228) is multi-threaded, use of fork() may lead to deadlocks in the child.
[2024-07-10T04:50:13.578+0000] {standard_task_runner.py:63} INFO - Started process 231 to run task
[2024-07-10T04:50:13.612+0000] {task_command.py:426} INFO - Running <TaskInstance: etl_pipeline_v2.dbt_run_with_snowflake scheduled__2024-07-09T00:00:00+00:00 [running]> on host 673095e2ca00
[2024-07-10T04:50:13.674+0000] {taskinstance.py:2648} INFO - Exporting env vars: AIRFLOW_CTX_DAG_OWNER='***' AIRFLOW_CTX_DAG_ID='etl_pipeline_v2' AIRFLOW_CTX_TASK_ID='dbt_run_with_snowflake' AIRFLOW_CTX_EXECUTION_DATE='2024-07-09T00:00:00+00:00' AIRFLOW_CTX_TRY_NUMBER='1' AIRFLOW_CTX_DAG_RUN_ID='scheduled__2024-07-09T00:00:00+00:00'
[2024-07-10T04:50:13.675+0000] {taskinstance.py:430} INFO - ::endgroup::
[2024-07-10T04:50:13.708+0000] {docker.py:366} INFO - Starting docker container from image ghcr.io/dbt-labs/dbt-snowflake:latest
[2024-07-10T04:50:13.710+0000] {docker.py:374} WARNING - Using remote engine or docker-in-docker and mounting temporary volume from host is not supported. Falling back to `mount_tmp_dir=False` mode. You can set `mount_tmp_dir` parameter to False to disable mounting and remove the warning
[2024-07-10T04:50:15.323+0000] {docker.py:436} INFO - [0m04:50:15  Running with dbt=1.8.2
[2024-07-10T04:50:15.657+0000] {docker.py:436} INFO - [0m04:50:15  Registered adapter: snowflake=1.8.3
[2024-07-10T04:50:15.852+0000] {docker.py:436} INFO - [0m04:50:15  Found 8 models, 8 sources, 444 macros
[2024-07-10T04:50:15.854+0000] {docker.py:436} INFO - [0m04:50:15
[2024-07-10T04:50:17.127+0000] {docker.py:436} INFO - [0m04:50:17  Concurrency: 1 threads (target='dev')
[2024-07-10T04:50:17.129+0000] {docker.py:436} INFO - [0m04:50:17
[2024-07-10T04:50:17.146+0000] {docker.py:436} INFO - [0m04:50:17  1 of 8 START sql table model dbt_schema.customer ............................... [RUN]
[2024-07-10T04:50:20.741+0000] {docker.py:436} INFO - [0m04:50:20  1 of 8 OK created sql table model dbt_schema.customer .......................... [[32mSUCCESS 1[0m in 3.59s]
[2024-07-10T04:50:20.743+0000] {docker.py:436} INFO - [0m04:50:20  2 of 8 START sql table model dbt_schema.lineitem ............................... [RUN]
[2024-07-10T04:50:31.689+0000] {docker.py:436} INFO - [0m04:50:31  2 of 8 OK created sql table model dbt_schema.lineitem .......................... [[32mSUCCESS 1[0m in 10.94s]
[2024-07-10T04:50:31.691+0000] {docker.py:436} INFO - [0m04:50:31  3 of 8 START sql table model dbt_schema.nation ................................. [RUN]
[2024-07-10T04:50:33.068+0000] {docker.py:436} INFO - [0m04:50:33  3 of 8 OK created sql table model dbt_schema.nation ............................ [[32mSUCCESS 1[0m in 1.37s]
[2024-07-10T04:50:33.071+0000] {docker.py:436} INFO - [0m04:50:33  4 of 8 START sql table model dbt_schema.orders ................................. [RUN]
[2024-07-10T04:50:36.152+0000] {docker.py:436} INFO - [0m04:50:36  4 of 8 OK created sql table model dbt_schema.orders ............................ [[32mSUCCESS 1[0m in 3.08s]
[2024-07-10T04:50:36.158+0000] {docker.py:436} INFO - [0m04:50:36  5 of 8 START sql table model dbt_schema.part ................................... [RUN]
[2024-07-10T04:50:37.929+0000] {docker.py:436} INFO - [0m04:50:37  5 of 8 OK created sql table model dbt_schema.part .............................. [[32mSUCCESS 1[0m in 1.77s]
[2024-07-10T04:50:37.930+0000] {docker.py:436} INFO - [0m04:50:37  6 of 8 START sql table model dbt_schema.partsupp ............................... [RUN]
[2024-07-10T04:50:40.048+0000] {docker.py:436} INFO - [0m04:50:40  6 of 8 OK created sql table model dbt_schema.partsupp .......................... [[32mSUCCESS 1[0m in 2.12s]
[2024-07-10T04:50:40.049+0000] {docker.py:436} INFO - [0m04:50:40  7 of 8 START sql table model dbt_schema.region ................................. [RUN]
[2024-07-10T04:50:41.033+0000] {docker.py:436} INFO - [0m04:50:41  7 of 8 OK created sql table model dbt_schema.region ............................ [[32mSUCCESS 1[0m in 0.98s]
[2024-07-10T04:50:41.034+0000] {docker.py:436} INFO - [0m04:50:41  8 of 8 START sql table model dbt_schema.supplier ............................... [RUN]
[2024-07-10T04:50:42.262+0000] {docker.py:436} INFO - [0m04:50:42  8 of 8 OK created sql table model dbt_schema.supplier .......................... [[32mSUCCESS 1[0m in 1.22s]
[2024-07-10T04:50:42.268+0000] {docker.py:436} INFO - [0m04:50:42
[2024-07-10T04:50:42.269+0000] {docker.py:436} INFO - [0m04:50:42  Finished running 8 table models in 0 hours 0 minutes and 26.41 seconds (26.41s).
[2024-07-10T04:50:42.320+0000] {docker.py:436} INFO - [0m04:50:42
[2024-07-10T04:50:42.321+0000] {docker.py:436} INFO - [0m04:50:42  [32mCompleted successfully[0m
[2024-07-10T04:50:42.321+0000] {docker.py:436} INFO - [0m04:50:42
[2024-07-10T04:50:42.321+0000] {docker.py:436} INFO - [0m04:50:42  Done. PASS=8 WARN=0 ERROR=0 SKIP=0 TOTAL=8
[2024-07-10T04:50:43.862+0000] {taskinstance.py:441} INFO - ::group::Post task execution logs
[2024-07-10T04:50:43.885+0000] {taskinstance.py:1206} INFO - Marking task as SUCCESS. dag_id=etl_pipeline_v2, task_id=dbt_run_with_snowflake, run_id=scheduled__2024-07-09T00:00:00+00:00, execution_date=20240709T000000, start_date=20240710T045013, end_date=20240710T045043
[2024-07-10T04:50:43.924+0000] {local_task_job_runner.py:240} INFO - Task exited with return code 0
[2024-07-10T04:50:43.948+0000] {taskinstance.py:3503} INFO - 1 downstream tasks scheduled from follow-on schedule check
[2024-07-10T04:50:43.951+0000] {local_task_job_runner.py:222} INFO - ::endgroup::
