[2024-07-10T05:21:54.968+0000] {local_task_job_runner.py:120} INFO - ::group::Pre task execution logs
[2024-07-10T05:21:54.996+0000] {taskinstance.py:2076} INFO - Dependencies all met for dep_context=non-requeueable deps ti=<TaskInstance: etl_pipeline_v5.01.dbt_run_with_snowflake manual__2024-07-10T05:21:53.786052+00:00 [queued]>
[2024-07-10T05:21:55.002+0000] {taskinstance.py:2076} INFO - Dependencies all met for dep_context=requeueable deps ti=<TaskInstance: etl_pipeline_v5.01.dbt_run_with_snowflake manual__2024-07-10T05:21:53.786052+00:00 [queued]>
[2024-07-10T05:21:55.002+0000] {taskinstance.py:2306} INFO - Starting attempt 1 of 1
[2024-07-10T05:21:55.014+0000] {taskinstance.py:2330} INFO - Executing <Task(DockerOperator): dbt_run_with_snowflake> on 2024-07-10 05:21:53.786052+00:00
[2024-07-10T05:21:55.020+0000] {standard_task_runner.py:90} INFO - Running: ['***', 'tasks', 'run', 'etl_pipeline_v5.01', 'dbt_run_with_snowflake', 'manual__2024-07-10T05:21:53.786052+00:00', '--job-id', '11', '--raw', '--subdir', 'DAGS_FOLDER/first_dag.py', '--cfg-path', '/tmp/tmpwayatqhq']
[2024-07-10T05:21:55.021+0000] {standard_task_runner.py:91} INFO - Job 11: Subtask dbt_run_with_snowflake
[2024-07-10T05:21:55.022+0000] {logging_mixin.py:188} WARNING - /home/***/.local/lib/python3.12/site-packages/***/task/task_runner/standard_task_runner.py:61 DeprecationWarning: This process (pid=464) is multi-threaded, use of fork() may lead to deadlocks in the child.
[2024-07-10T05:21:55.023+0000] {standard_task_runner.py:63} INFO - Started process 465 to run task
[2024-07-10T05:21:55.056+0000] {task_command.py:426} INFO - Running <TaskInstance: etl_pipeline_v5.01.dbt_run_with_snowflake manual__2024-07-10T05:21:53.786052+00:00 [running]> on host 93a6f2182f18
[2024-07-10T05:21:55.120+0000] {taskinstance.py:2648} INFO - Exporting env vars: AIRFLOW_CTX_DAG_OWNER='***' AIRFLOW_CTX_DAG_ID='etl_pipeline_v5.01' AIRFLOW_CTX_TASK_ID='dbt_run_with_snowflake' AIRFLOW_CTX_EXECUTION_DATE='2024-07-10T05:21:53.786052+00:00' AIRFLOW_CTX_TRY_NUMBER='1' AIRFLOW_CTX_DAG_RUN_ID='manual__2024-07-10T05:21:53.786052+00:00'
[2024-07-10T05:21:55.120+0000] {taskinstance.py:430} INFO - ::endgroup::
[2024-07-10T05:21:55.143+0000] {docker.py:366} INFO - Starting docker container from image ghcr.io/dbt-labs/dbt-snowflake:latest
[2024-07-10T05:21:55.145+0000] {docker.py:374} WARNING - Using remote engine or docker-in-docker and mounting temporary volume from host is not supported. Falling back to `mount_tmp_dir=False` mode. You can set `mount_tmp_dir` parameter to False to disable mounting and remove the warning
[2024-07-10T05:21:56.896+0000] {docker.py:436} INFO - [0m05:21:56  Running with dbt=1.8.2
[2024-07-10T05:21:57.222+0000] {docker.py:436} INFO - [0m05:21:57  Registered adapter: snowflake=1.8.3
[2024-07-10T05:21:57.418+0000] {docker.py:436} INFO - [0m05:21:57  Found 8 models, 8 sources, 444 macros
[2024-07-10T05:21:57.420+0000] {docker.py:436} INFO - [0m05:21:57
[2024-07-10T05:21:58.705+0000] {docker.py:436} INFO - [0m05:21:58  Concurrency: 1 threads (target='dev')
[2024-07-10T05:21:58.707+0000] {docker.py:436} INFO - [0m05:21:58
[2024-07-10T05:21:58.730+0000] {docker.py:436} INFO - [0m05:21:58  1 of 8 START sql table model dbt_schema.customer ............................... [RUN]
[2024-07-10T05:22:02.333+0000] {docker.py:436} INFO - [0m05:22:02  1 of 8 OK created sql table model dbt_schema.customer .......................... [[32mSUCCESS 1[0m in 3.60s]
[2024-07-10T05:22:02.336+0000] {docker.py:436} INFO - [0m05:22:02  2 of 8 START sql table model dbt_schema.lineitem ............................... [RUN]
[2024-07-10T05:22:12.196+0000] {docker.py:436} INFO - [0m05:22:12  2 of 8 OK created sql table model dbt_schema.lineitem .......................... [[32mSUCCESS 1[0m in 9.85s]
[2024-07-10T05:22:12.202+0000] {docker.py:436} INFO - [0m05:22:12  3 of 8 START sql table model dbt_schema.nation ................................. [RUN]
[2024-07-10T05:22:13.537+0000] {docker.py:436} INFO - [0m05:22:13  3 of 8 OK created sql table model dbt_schema.nation ............................ [[32mSUCCESS 1[0m in 1.33s]
[2024-07-10T05:22:13.543+0000] {docker.py:436} INFO - [0m05:22:13  4 of 8 START sql table model dbt_schema.orders ................................. [RUN]
[2024-07-10T05:22:16.533+0000] {docker.py:436} INFO - [0m05:22:16  4 of 8 OK created sql table model dbt_schema.orders ............................ [[32mSUCCESS 1[0m in 2.99s]
[2024-07-10T05:22:16.539+0000] {docker.py:436} INFO - [0m05:22:16  5 of 8 START sql table model dbt_schema.part ................................... [RUN]
[2024-07-10T05:22:18.125+0000] {docker.py:436} INFO - [0m05:22:18  5 of 8 OK created sql table model dbt_schema.part .............................. [[32mSUCCESS 1[0m in 1.58s]
[2024-07-10T05:22:18.127+0000] {docker.py:436} INFO - [0m05:22:18  6 of 8 START sql table model dbt_schema.partsupp ............................... [RUN]
[2024-07-10T05:22:20.790+0000] {docker.py:436} INFO - [0m05:22:20  6 of 8 OK created sql table model dbt_schema.partsupp .......................... [[32mSUCCESS 1[0m in 2.66s]
[2024-07-10T05:22:20.791+0000] {docker.py:436} INFO - [0m05:22:20  7 of 8 START sql table model dbt_schema.region ................................. [RUN]
[2024-07-10T05:22:21.819+0000] {docker.py:436} INFO - [0m05:22:21  7 of 8 OK created sql table model dbt_schema.region ............................ [[32mSUCCESS 1[0m in 1.03s]
[2024-07-10T05:22:21.820+0000] {docker.py:436} INFO - [0m05:22:21  8 of 8 START sql table model dbt_schema.supplier ............................... [RUN]
[2024-07-10T05:22:22.876+0000] {docker.py:436} INFO - [0m05:22:22  8 of 8 OK created sql table model dbt_schema.supplier .......................... [[32mSUCCESS 1[0m in 1.05s]
[2024-07-10T05:22:22.885+0000] {docker.py:436} INFO - [0m05:22:22
[2024-07-10T05:22:22.886+0000] {docker.py:436} INFO - [0m05:22:22  Finished running 8 table models in 0 hours 0 minutes and 25.46 seconds (25.46s).
[2024-07-10T05:22:22.937+0000] {docker.py:436} INFO - [0m05:22:22
[2024-07-10T05:22:22.937+0000] {docker.py:436} INFO - [0m05:22:22  [32mCompleted successfully[0m
[2024-07-10T05:22:22.937+0000] {docker.py:436} INFO - [0m05:22:22
[2024-07-10T05:22:22.937+0000] {docker.py:436} INFO - [0m05:22:22  Done. PASS=8 WARN=0 ERROR=0 SKIP=0 TOTAL=8
[2024-07-10T05:22:24.411+0000] {taskinstance.py:441} INFO - ::group::Post task execution logs
[2024-07-10T05:22:24.449+0000] {taskinstance.py:1206} INFO - Marking task as SUCCESS. dag_id=etl_pipeline_v5.01, task_id=dbt_run_with_snowflake, run_id=manual__2024-07-10T05:21:53.786052+00:00, execution_date=20240710T052153, start_date=20240710T052154, end_date=20240710T052224
[2024-07-10T05:22:24.479+0000] {local_task_job_runner.py:240} INFO - Task exited with return code 0
[2024-07-10T05:22:24.513+0000] {taskinstance.py:3503} INFO - 1 downstream tasks scheduled from follow-on schedule check
[2024-07-10T05:22:24.517+0000] {local_task_job_runner.py:222} INFO - ::endgroup::
