[2024-07-10T04:01:47.035+0000] {local_task_job_runner.py:120} INFO - ::group::Pre task execution logs
[2024-07-10T04:01:47.063+0000] {taskinstance.py:2076} INFO - Dependencies all met for dep_context=non-requeueable deps ti=<TaskInstance: etl_pipeline.transfer_task manual__2024-07-10T04:01:18.105561+00:00 [queued]>
[2024-07-10T04:01:47.069+0000] {taskinstance.py:2076} INFO - Dependencies all met for dep_context=requeueable deps ti=<TaskInstance: etl_pipeline.transfer_task manual__2024-07-10T04:01:18.105561+00:00 [queued]>
[2024-07-10T04:01:47.069+0000] {taskinstance.py:2306} INFO - Starting attempt 1 of 1
[2024-07-10T04:01:47.080+0000] {taskinstance.py:2330} INFO - Executing <Task(PythonOperator): transfer_task> on 2024-07-10 04:01:18.105561+00:00
[2024-07-10T04:01:47.088+0000] {logging_mixin.py:188} WARNING - /home/***/.local/lib/python3.12/site-packages/***/task/task_runner/standard_task_runner.py:61 DeprecationWarning: This process (pid=189) is multi-threaded, use of fork() may lead to deadlocks in the child.
[2024-07-10T04:01:47.088+0000] {standard_task_runner.py:63} INFO - Started process 192 to run task
[2024-07-10T04:01:47.085+0000] {standard_task_runner.py:90} INFO - Running: ['***', 'tasks', 'run', 'etl_pipeline', 'transfer_task', 'manual__2024-07-10T04:01:18.105561+00:00', '--job-id', '6', '--raw', '--subdir', 'DAGS_FOLDER/first_dag.py', '--cfg-path', '/tmp/tmp10m20a77']
[2024-07-10T04:01:47.089+0000] {standard_task_runner.py:91} INFO - Job 6: Subtask transfer_task
[2024-07-10T04:01:47.120+0000] {task_command.py:426} INFO - Running <TaskInstance: etl_pipeline.transfer_task manual__2024-07-10T04:01:18.105561+00:00 [running]> on host fc4bb4e517d5
[2024-07-10T04:01:47.179+0000] {taskinstance.py:2648} INFO - Exporting env vars: AIRFLOW_CTX_DAG_OWNER='***' AIRFLOW_CTX_DAG_ID='etl_pipeline' AIRFLOW_CTX_TASK_ID='transfer_task' AIRFLOW_CTX_EXECUTION_DATE='2024-07-10T04:01:18.105561+00:00' AIRFLOW_CTX_TRY_NUMBER='1' AIRFLOW_CTX_DAG_RUN_ID='manual__2024-07-10T04:01:18.105561+00:00'
[2024-07-10T04:01:47.179+0000] {taskinstance.py:430} INFO - ::endgroup::
[2024-07-10T04:01:54.511+0000] {taskinstance.py:441} INFO - ::group::Post task execution logs
[2024-07-10T04:01:54.512+0000] {taskinstance.py:2905} ERROR - Task failed with exception
Traceback (most recent call last):
  File "/home/airflow/.local/lib/python3.12/site-packages/airflow/models/taskinstance.py", line 465, in _execute_task
    result = _execute_callable(context=context, **execute_callable_kwargs)
             ^^^^^^^^^^^^^^^^^^^^^^^^^^^^^^^^^^^^^^^^^^^^^^^^^^^^^^^^^^^^^
  File "/home/airflow/.local/lib/python3.12/site-packages/airflow/models/taskinstance.py", line 432, in _execute_callable
    return execute_callable(context=context, **execute_callable_kwargs)
           ^^^^^^^^^^^^^^^^^^^^^^^^^^^^^^^^^^^^^^^^^^^^^^^^^^^^^^^^^^^^
  File "/home/airflow/.local/lib/python3.12/site-packages/airflow/models/baseoperator.py", line 401, in wrapper
    return func(self, *args, **kwargs)
           ^^^^^^^^^^^^^^^^^^^^^^^^^^^
  File "/home/airflow/.local/lib/python3.12/site-packages/airflow/operators/python.py", line 235, in execute
    return_value = self.execute_callable()
                   ^^^^^^^^^^^^^^^^^^^^^^^
  File "/home/airflow/.local/lib/python3.12/site-packages/airflow/operators/python.py", line 252, in execute_callable
    return self.python_callable(*self.op_args, **self.op_kwargs)
           ^^^^^^^^^^^^^^^^^^^^^^^^^^^^^^^^^^^^^^^^^^^^^^^^^^^^^
  File "/opt/airflow/dags/first_dag.py", line 32, in run_etl_script
    raise Exception(f"Script failed with error: {result.stderr}")
Exception: Script failed with error: Traceback (most recent call last):
  File "/opt/***/etl_script/etl_script.py", line 42, in <module>
    with open(output_file, 'w', newline='') as f:
         ^^^^^^^^^^^^^^^^^^^^^^^^^^^^^^^^^^
PermissionError: [Errno 13] Permission denied: '/opt/***/etl_script/data/partsupp.csv'

[2024-07-10T04:01:54.519+0000] {taskinstance.py:1206} INFO - Marking task as FAILED. dag_id=etl_pipeline, task_id=transfer_task, run_id=manual__2024-07-10T04:01:18.105561+00:00, execution_date=20240710T040118, start_date=20240710T040147, end_date=20240710T040154
[2024-07-10T04:01:54.528+0000] {standard_task_runner.py:110} ERROR - Failed to execute job 6 for task transfer_task (Script failed with error: Traceback (most recent call last):
  File "/opt/***/etl_script/etl_script.py", line 42, in <module>
    with open(output_file, 'w', newline='') as f:
         ^^^^^^^^^^^^^^^^^^^^^^^^^^^^^^^^^^
PermissionError: [Errno 13] Permission denied: '/opt/***/etl_script/data/partsupp.csv'
; 192)
[2024-07-10T04:01:54.548+0000] {local_task_job_runner.py:240} INFO - Task exited with return code 1
[2024-07-10T04:01:54.559+0000] {taskinstance.py:3503} INFO - 0 downstream tasks scheduled from follow-on schedule check
[2024-07-10T04:01:54.560+0000] {local_task_job_runner.py:222} INFO - ::endgroup::
