[2024-07-10T04:51:39.507+0000] {local_task_job_runner.py:120} INFO - ::group::Pre task execution logs
[2024-07-10T04:51:39.534+0000] {taskinstance.py:2076} INFO - Dependencies all met for dep_context=non-requeueable deps ti=<TaskInstance: etl_pipeline_v3.dbt_run_with_snowflake scheduled__2024-07-09T00:00:00+00:00 [queued]>
[2024-07-10T04:51:39.540+0000] {taskinstance.py:2076} INFO - Dependencies all met for dep_context=requeueable deps ti=<TaskInstance: etl_pipeline_v3.dbt_run_with_snowflake scheduled__2024-07-09T00:00:00+00:00 [queued]>
[2024-07-10T04:51:39.540+0000] {taskinstance.py:2306} INFO - Starting attempt 1 of 1
[2024-07-10T04:51:39.550+0000] {taskinstance.py:2330} INFO - Executing <Task(DockerOperator): dbt_run_with_snowflake> on 2024-07-09 00:00:00+00:00
[2024-07-10T04:51:39.558+0000] {logging_mixin.py:188} WARNING - /home/***/.local/lib/python3.12/site-packages/***/task/task_runner/standard_task_runner.py:61 DeprecationWarning: This process (pid=299) is multi-threaded, use of fork() may lead to deadlocks in the child.
[2024-07-10T04:51:39.559+0000] {standard_task_runner.py:63} INFO - Started process 300 to run task
[2024-07-10T04:51:39.556+0000] {standard_task_runner.py:90} INFO - Running: ['***', 'tasks', 'run', 'etl_pipeline_v3', 'dbt_run_with_snowflake', 'scheduled__2024-07-09T00:00:00+00:00', '--job-id', '8', '--raw', '--subdir', 'DAGS_FOLDER/first_dag.py', '--cfg-path', '/tmp/tmpgi0l8f7s']
[2024-07-10T04:51:39.560+0000] {standard_task_runner.py:91} INFO - Job 8: Subtask dbt_run_with_snowflake
[2024-07-10T04:51:39.593+0000] {task_command.py:426} INFO - Running <TaskInstance: etl_pipeline_v3.dbt_run_with_snowflake scheduled__2024-07-09T00:00:00+00:00 [running]> on host 673095e2ca00
[2024-07-10T04:51:39.655+0000] {taskinstance.py:2648} INFO - Exporting env vars: AIRFLOW_CTX_DAG_OWNER='***' AIRFLOW_CTX_DAG_ID='etl_pipeline_v3' AIRFLOW_CTX_TASK_ID='dbt_run_with_snowflake' AIRFLOW_CTX_EXECUTION_DATE='2024-07-09T00:00:00+00:00' AIRFLOW_CTX_TRY_NUMBER='1' AIRFLOW_CTX_DAG_RUN_ID='scheduled__2024-07-09T00:00:00+00:00'
[2024-07-10T04:51:39.656+0000] {taskinstance.py:430} INFO - ::endgroup::
[2024-07-10T04:51:39.677+0000] {docker.py:366} INFO - Starting docker container from image ghcr.io/dbt-labs/dbt-snowflake:latest
[2024-07-10T04:51:39.679+0000] {docker.py:374} WARNING - Using remote engine or docker-in-docker and mounting temporary volume from host is not supported. Falling back to `mount_tmp_dir=False` mode. You can set `mount_tmp_dir` parameter to False to disable mounting and remove the warning
[2024-07-10T04:51:41.324+0000] {docker.py:436} INFO - [0m04:51:41  Running with dbt=1.8.2
[2024-07-10T04:51:41.666+0000] {docker.py:436} INFO - [0m04:51:41  Registered adapter: snowflake=1.8.3
[2024-07-10T04:51:41.862+0000] {docker.py:436} INFO - [0m04:51:41  Found 8 models, 8 sources, 444 macros
[2024-07-10T04:51:41.864+0000] {docker.py:436} INFO - [0m04:51:41
[2024-07-10T04:51:43.000+0000] {docker.py:436} INFO - [0m04:51:43  Concurrency: 1 threads (target='dev')
[2024-07-10T04:51:43.001+0000] {docker.py:436} INFO - [0m04:51:43
[2024-07-10T04:51:43.008+0000] {docker.py:436} INFO - [0m04:51:43  1 of 8 START sql table model dbt_schema.customer ............................... [RUN]
[2024-07-10T04:51:44.520+0000] {docker.py:436} INFO - [0m04:51:44  1 of 8 OK created sql table model dbt_schema.customer .......................... [[32mSUCCESS 1[0m in 1.51s]
[2024-07-10T04:51:44.521+0000] {docker.py:436} INFO - [0m04:51:44  2 of 8 START sql table model dbt_schema.lineitem ............................... [RUN]
[2024-07-10T04:51:54.948+0000] {docker.py:436} INFO - [0m04:51:54  2 of 8 OK created sql table model dbt_schema.lineitem .......................... [[32mSUCCESS 1[0m in 10.42s]
[2024-07-10T04:51:54.954+0000] {docker.py:436} INFO - [0m04:51:54  3 of 8 START sql table model dbt_schema.nation ................................. [RUN]
[2024-07-10T04:51:56.064+0000] {docker.py:436} INFO - [0m04:51:56  3 of 8 OK created sql table model dbt_schema.nation ............................ [[32mSUCCESS 1[0m in 1.11s]
[2024-07-10T04:51:56.065+0000] {docker.py:436} INFO - [0m04:51:56  4 of 8 START sql table model dbt_schema.orders ................................. [RUN]
[2024-07-10T04:51:58.916+0000] {docker.py:436} INFO - [0m04:51:58  4 of 8 OK created sql table model dbt_schema.orders ............................ [[32mSUCCESS 1[0m in 2.85s]
[2024-07-10T04:51:58.923+0000] {docker.py:436} INFO - [0m04:51:58  5 of 8 START sql table model dbt_schema.part ................................... [RUN]
[2024-07-10T04:52:00.679+0000] {docker.py:436} INFO - [0m04:52:00  5 of 8 OK created sql table model dbt_schema.part .............................. [[32mSUCCESS 1[0m in 1.76s]
[2024-07-10T04:52:00.680+0000] {docker.py:436} INFO - [0m04:52:00  6 of 8 START sql table model dbt_schema.partsupp ............................... [RUN]
[2024-07-10T04:52:02.847+0000] {docker.py:436} INFO - [0m04:52:02  6 of 8 OK created sql table model dbt_schema.partsupp .......................... [[32mSUCCESS 1[0m in 2.16s]
[2024-07-10T04:52:02.849+0000] {docker.py:436} INFO - [0m04:52:02  7 of 8 START sql table model dbt_schema.region ................................. [RUN]
[2024-07-10T04:52:03.842+0000] {docker.py:436} INFO - [0m04:52:03  7 of 8 OK created sql table model dbt_schema.region ............................ [[32mSUCCESS 1[0m in 0.99s]
[2024-07-10T04:52:03.843+0000] {docker.py:436} INFO - [0m04:52:03  8 of 8 START sql table model dbt_schema.supplier ............................... [RUN]
[2024-07-10T04:52:04.850+0000] {docker.py:436} INFO - [0m04:52:04  8 of 8 OK created sql table model dbt_schema.supplier .......................... [[32mSUCCESS 1[0m in 1.01s]
[2024-07-10T04:52:04.852+0000] {docker.py:436} INFO - [0m04:52:04
[2024-07-10T04:52:04.852+0000] {docker.py:436} INFO - [0m04:52:04  Finished running 8 table models in 0 hours 0 minutes and 22.99 seconds (22.99s).
[2024-07-10T04:52:04.878+0000] {docker.py:436} INFO - [0m04:52:04
[2024-07-10T04:52:04.879+0000] {docker.py:436} INFO - [0m04:52:04  [32mCompleted successfully[0m
[2024-07-10T04:52:04.879+0000] {docker.py:436} INFO - [0m04:52:04
[2024-07-10T04:52:04.879+0000] {docker.py:436} INFO - [0m04:52:04  Done. PASS=8 WARN=0 ERROR=0 SKIP=0 TOTAL=8
[2024-07-10T04:52:06.241+0000] {taskinstance.py:441} INFO - ::group::Post task execution logs
[2024-07-10T04:52:06.267+0000] {taskinstance.py:1206} INFO - Marking task as SUCCESS. dag_id=etl_pipeline_v3, task_id=dbt_run_with_snowflake, run_id=scheduled__2024-07-09T00:00:00+00:00, execution_date=20240709T000000, start_date=20240710T045139, end_date=20240710T045206
[2024-07-10T04:52:06.293+0000] {local_task_job_runner.py:240} INFO - Task exited with return code 0
[2024-07-10T04:52:06.312+0000] {taskinstance.py:3503} INFO - 1 downstream tasks scheduled from follow-on schedule check
[2024-07-10T04:52:06.315+0000] {local_task_job_runner.py:222} INFO - ::endgroup::
