[2024-07-10T08:36:53.962+0000] {processor.py:161} INFO - Started process (PID=162) to work on /opt/airflow/dags/second_dag.py
[2024-07-10T08:36:53.963+0000] {processor.py:830} INFO - Processing file /opt/airflow/dags/second_dag.py for tasks to queue
[2024-07-10T08:36:53.965+0000] {logging_mixin.py:188} INFO - [2024-07-10T08:36:53.964+0000] {dagbag.py:545} INFO - Filling up the DagBag from /opt/airflow/dags/second_dag.py
[2024-07-10T08:36:53.979+0000] {processor.py:840} INFO - DAG(s) 'practice_dag' retrieved from /opt/airflow/dags/second_dag.py
[2024-07-10T08:36:54.207+0000] {logging_mixin.py:188} INFO - [2024-07-10T08:36:54.207+0000] {override.py:1829} INFO - Created Permission View: can read on DAG:practice_dag
[2024-07-10T08:36:54.216+0000] {logging_mixin.py:188} INFO - [2024-07-10T08:36:54.215+0000] {override.py:1829} INFO - Created Permission View: can edit on DAG:practice_dag
[2024-07-10T08:36:54.220+0000] {logging_mixin.py:188} INFO - [2024-07-10T08:36:54.220+0000] {override.py:1829} INFO - Created Permission View: can delete on DAG:practice_dag
[2024-07-10T08:36:54.221+0000] {logging_mixin.py:188} INFO - [2024-07-10T08:36:54.221+0000] {dag.py:3096} INFO - Sync 1 DAGs
[2024-07-10T08:36:54.230+0000] {logging_mixin.py:188} INFO - [2024-07-10T08:36:54.230+0000] {dag.py:3118} INFO - Creating ORM DAG for practice_dag
[2024-07-10T08:36:54.238+0000] {logging_mixin.py:188} INFO - [2024-07-10T08:36:54.238+0000] {dag.py:3954} INFO - Setting next_dagrun for practice_dag to 2024-07-09 00:00:00+00:00, run_after=2024-07-10 00:00:00+00:00
[2024-07-10T08:36:54.254+0000] {processor.py:183} INFO - Processing /opt/airflow/dags/second_dag.py took 0.297 seconds
[2024-07-10T08:37:24.411+0000] {processor.py:161} INFO - Started process (PID=179) to work on /opt/airflow/dags/second_dag.py
[2024-07-10T08:37:24.412+0000] {processor.py:830} INFO - Processing file /opt/airflow/dags/second_dag.py for tasks to queue
[2024-07-10T08:37:24.413+0000] {logging_mixin.py:188} INFO - [2024-07-10T08:37:24.413+0000] {dagbag.py:545} INFO - Filling up the DagBag from /opt/airflow/dags/second_dag.py
[2024-07-10T08:37:24.423+0000] {processor.py:840} INFO - DAG(s) 'practice_dag' retrieved from /opt/airflow/dags/second_dag.py
[2024-07-10T08:37:24.453+0000] {logging_mixin.py:188} INFO - [2024-07-10T08:37:24.453+0000] {dag.py:3096} INFO - Sync 1 DAGs
[2024-07-10T08:37:24.470+0000] {logging_mixin.py:188} INFO - [2024-07-10T08:37:24.470+0000] {dag.py:3954} INFO - Setting next_dagrun for practice_dag to 2024-07-09 00:00:00+00:00, run_after=2024-07-10 00:00:00+00:00
[2024-07-10T08:37:24.483+0000] {processor.py:183} INFO - Processing /opt/airflow/dags/second_dag.py took 0.078 seconds
[2024-07-10T08:37:54.716+0000] {processor.py:161} INFO - Started process (PID=219) to work on /opt/airflow/dags/second_dag.py
[2024-07-10T08:37:54.719+0000] {processor.py:830} INFO - Processing file /opt/airflow/dags/second_dag.py for tasks to queue
[2024-07-10T08:37:54.724+0000] {logging_mixin.py:188} INFO - [2024-07-10T08:37:54.723+0000] {dagbag.py:545} INFO - Filling up the DagBag from /opt/airflow/dags/second_dag.py
[2024-07-10T08:37:54.753+0000] {processor.py:840} INFO - DAG(s) 'practice_dag' retrieved from /opt/airflow/dags/second_dag.py
[2024-07-10T08:37:54.792+0000] {logging_mixin.py:188} INFO - [2024-07-10T08:37:54.791+0000] {dag.py:3096} INFO - Sync 1 DAGs
[2024-07-10T08:37:54.815+0000] {logging_mixin.py:188} INFO - [2024-07-10T08:37:54.815+0000] {dag.py:3954} INFO - Setting next_dagrun for practice_dag to 2024-07-10 00:00:00+00:00, run_after=2024-07-11 00:00:00+00:00
[2024-07-10T08:37:54.829+0000] {processor.py:183} INFO - Processing /opt/airflow/dags/second_dag.py took 0.133 seconds
[2024-07-10T08:38:25.040+0000] {processor.py:161} INFO - Started process (PID=235) to work on /opt/airflow/dags/second_dag.py
[2024-07-10T08:38:25.041+0000] {processor.py:830} INFO - Processing file /opt/airflow/dags/second_dag.py for tasks to queue
[2024-07-10T08:38:25.044+0000] {logging_mixin.py:188} INFO - [2024-07-10T08:38:25.043+0000] {dagbag.py:545} INFO - Filling up the DagBag from /opt/airflow/dags/second_dag.py
[2024-07-10T08:38:25.054+0000] {processor.py:840} INFO - DAG(s) 'practice_dag' retrieved from /opt/airflow/dags/second_dag.py
[2024-07-10T08:38:25.083+0000] {logging_mixin.py:188} INFO - [2024-07-10T08:38:25.083+0000] {dag.py:3096} INFO - Sync 1 DAGs
[2024-07-10T08:38:25.100+0000] {logging_mixin.py:188} INFO - [2024-07-10T08:38:25.100+0000] {dag.py:3954} INFO - Setting next_dagrun for practice_dag to 2024-07-10 00:00:00+00:00, run_after=2024-07-11 00:00:00+00:00
[2024-07-10T08:38:25.114+0000] {processor.py:183} INFO - Processing /opt/airflow/dags/second_dag.py took 0.085 seconds
[2024-07-10T08:38:51.277+0000] {processor.py:161} INFO - Started process (PID=251) to work on /opt/airflow/dags/second_dag.py
[2024-07-10T08:38:51.278+0000] {processor.py:830} INFO - Processing file /opt/airflow/dags/second_dag.py for tasks to queue
[2024-07-10T08:38:51.279+0000] {logging_mixin.py:188} INFO - [2024-07-10T08:38:51.279+0000] {dagbag.py:545} INFO - Filling up the DagBag from /opt/airflow/dags/second_dag.py
[2024-07-10T08:38:51.285+0000] {logging_mixin.py:188} INFO - [2024-07-10T08:38:51.284+0000] {dagbag.py:355} ERROR - Failed to import: /opt/airflow/dags/second_dag.py
Traceback (most recent call last):
  File "/home/airflow/.local/lib/python3.12/site-packages/airflow/models/dagbag.py", line 351, in parse
    loader.exec_module(new_module)
  File "<frozen importlib._bootstrap_external>", line 995, in exec_module
  File "<frozen importlib._bootstrap>", line 488, in _call_with_frames_removed
  File "/opt/airflow/dags/second_dag.py", line 40, in <module>
    t5 = BashOperator(
         ^^^^^^^^^^^^^
  File "/home/airflow/.local/lib/python3.12/site-packages/airflow/models/baseoperator.py", line 485, in apply_defaults
    result = func(self, **kwargs, default_args=default_args)
             ^^^^^^^^^^^^^^^^^^^^^^^^^^^^^^^^^^^^^^^^^^^^^^^
  File "/home/airflow/.local/lib/python3.12/site-packages/airflow/operators/bash.py", line 152, in __init__
    super().__init__(**kwargs)
  File "/home/airflow/.local/lib/python3.12/site-packages/airflow/models/baseoperator.py", line 485, in apply_defaults
    result = func(self, **kwargs, default_args=default_args)
             ^^^^^^^^^^^^^^^^^^^^^^^^^^^^^^^^^^^^^^^^^^^^^^^
  File "/home/airflow/.local/lib/python3.12/site-packages/airflow/models/baseoperator.py", line 900, in __init__
    task_group.add(self)
  File "/home/airflow/.local/lib/python3.12/site-packages/airflow/utils/task_group.py", line 232, in add
    raise DuplicateTaskIdFound(f"{node_type} id '{key}' has already been added to the DAG")
airflow.exceptions.DuplicateTaskIdFound: Task id 'forth' has already been added to the DAG
[2024-07-10T08:38:51.286+0000] {processor.py:842} WARNING - No viable dags retrieved from /opt/airflow/dags/second_dag.py
[2024-07-10T08:38:51.301+0000] {processor.py:183} INFO - Processing /opt/airflow/dags/second_dag.py took 0.028 seconds
[2024-07-10T08:39:21.520+0000] {processor.py:161} INFO - Started process (PID=267) to work on /opt/airflow/dags/second_dag.py
[2024-07-10T08:39:21.522+0000] {processor.py:830} INFO - Processing file /opt/airflow/dags/second_dag.py for tasks to queue
[2024-07-10T08:39:21.525+0000] {logging_mixin.py:188} INFO - [2024-07-10T08:39:21.524+0000] {dagbag.py:545} INFO - Filling up the DagBag from /opt/airflow/dags/second_dag.py
[2024-07-10T08:39:21.535+0000] {logging_mixin.py:188} INFO - [2024-07-10T08:39:21.532+0000] {dagbag.py:355} ERROR - Failed to import: /opt/airflow/dags/second_dag.py
Traceback (most recent call last):
  File "/home/airflow/.local/lib/python3.12/site-packages/airflow/models/dagbag.py", line 351, in parse
    loader.exec_module(new_module)
  File "<frozen importlib._bootstrap_external>", line 995, in exec_module
  File "<frozen importlib._bootstrap>", line 488, in _call_with_frames_removed
  File "/opt/airflow/dags/second_dag.py", line 40, in <module>
    t5 = BashOperator(
         ^^^^^^^^^^^^^
  File "/home/airflow/.local/lib/python3.12/site-packages/airflow/models/baseoperator.py", line 485, in apply_defaults
    result = func(self, **kwargs, default_args=default_args)
             ^^^^^^^^^^^^^^^^^^^^^^^^^^^^^^^^^^^^^^^^^^^^^^^
  File "/home/airflow/.local/lib/python3.12/site-packages/airflow/operators/bash.py", line 152, in __init__
    super().__init__(**kwargs)
  File "/home/airflow/.local/lib/python3.12/site-packages/airflow/models/baseoperator.py", line 485, in apply_defaults
    result = func(self, **kwargs, default_args=default_args)
             ^^^^^^^^^^^^^^^^^^^^^^^^^^^^^^^^^^^^^^^^^^^^^^^
  File "/home/airflow/.local/lib/python3.12/site-packages/airflow/models/baseoperator.py", line 900, in __init__
    task_group.add(self)
  File "/home/airflow/.local/lib/python3.12/site-packages/airflow/utils/task_group.py", line 232, in add
    raise DuplicateTaskIdFound(f"{node_type} id '{key}' has already been added to the DAG")
airflow.exceptions.DuplicateTaskIdFound: Task id 'forth' has already been added to the DAG
[2024-07-10T08:39:21.536+0000] {processor.py:842} WARNING - No viable dags retrieved from /opt/airflow/dags/second_dag.py
[2024-07-10T08:39:21.553+0000] {processor.py:183} INFO - Processing /opt/airflow/dags/second_dag.py took 0.052 seconds
[2024-07-10T08:39:35.686+0000] {processor.py:161} INFO - Started process (PID=277) to work on /opt/airflow/dags/second_dag.py
[2024-07-10T08:39:35.687+0000] {processor.py:830} INFO - Processing file /opt/airflow/dags/second_dag.py for tasks to queue
[2024-07-10T08:39:35.688+0000] {logging_mixin.py:188} INFO - [2024-07-10T08:39:35.688+0000] {dagbag.py:545} INFO - Filling up the DagBag from /opt/airflow/dags/second_dag.py
[2024-07-10T08:39:35.695+0000] {logging_mixin.py:188} INFO - [2024-07-10T08:39:35.693+0000] {dagbag.py:355} ERROR - Failed to import: /opt/airflow/dags/second_dag.py
Traceback (most recent call last):
  File "/home/airflow/.local/lib/python3.12/site-packages/airflow/models/dagbag.py", line 351, in parse
    loader.exec_module(new_module)
  File "<frozen importlib._bootstrap_external>", line 995, in exec_module
  File "<frozen importlib._bootstrap>", line 488, in _call_with_frames_removed
  File "/opt/airflow/dags/second_dag.py", line 40, in <module>
    t5 = BashOperator(
         ^^^^^^^^^^^^^
  File "/home/airflow/.local/lib/python3.12/site-packages/airflow/models/baseoperator.py", line 485, in apply_defaults
    result = func(self, **kwargs, default_args=default_args)
             ^^^^^^^^^^^^^^^^^^^^^^^^^^^^^^^^^^^^^^^^^^^^^^^
  File "/home/airflow/.local/lib/python3.12/site-packages/airflow/operators/bash.py", line 152, in __init__
    super().__init__(**kwargs)
  File "/home/airflow/.local/lib/python3.12/site-packages/airflow/models/baseoperator.py", line 485, in apply_defaults
    result = func(self, **kwargs, default_args=default_args)
             ^^^^^^^^^^^^^^^^^^^^^^^^^^^^^^^^^^^^^^^^^^^^^^^
  File "/home/airflow/.local/lib/python3.12/site-packages/airflow/models/baseoperator.py", line 900, in __init__
    task_group.add(self)
  File "/home/airflow/.local/lib/python3.12/site-packages/airflow/utils/task_group.py", line 232, in add
    raise DuplicateTaskIdFound(f"{node_type} id '{key}' has already been added to the DAG")
airflow.exceptions.DuplicateTaskIdFound: Task id 'forth' has already been added to the DAG
[2024-07-10T08:39:35.695+0000] {processor.py:842} WARNING - No viable dags retrieved from /opt/airflow/dags/second_dag.py
[2024-07-10T08:39:35.709+0000] {processor.py:183} INFO - Processing /opt/airflow/dags/second_dag.py took 0.029 seconds
[2024-07-10T08:40:05.923+0000] {processor.py:161} INFO - Started process (PID=293) to work on /opt/airflow/dags/second_dag.py
[2024-07-10T08:40:05.924+0000] {processor.py:830} INFO - Processing file /opt/airflow/dags/second_dag.py for tasks to queue
[2024-07-10T08:40:05.926+0000] {logging_mixin.py:188} INFO - [2024-07-10T08:40:05.925+0000] {dagbag.py:545} INFO - Filling up the DagBag from /opt/airflow/dags/second_dag.py
[2024-07-10T08:40:05.936+0000] {logging_mixin.py:188} INFO - [2024-07-10T08:40:05.933+0000] {dagbag.py:355} ERROR - Failed to import: /opt/airflow/dags/second_dag.py
Traceback (most recent call last):
  File "/home/airflow/.local/lib/python3.12/site-packages/airflow/models/dagbag.py", line 351, in parse
    loader.exec_module(new_module)
  File "<frozen importlib._bootstrap_external>", line 995, in exec_module
  File "<frozen importlib._bootstrap>", line 488, in _call_with_frames_removed
  File "/opt/airflow/dags/second_dag.py", line 40, in <module>
    t5 = BashOperator(
         ^^^^^^^^^^^^^
  File "/home/airflow/.local/lib/python3.12/site-packages/airflow/models/baseoperator.py", line 485, in apply_defaults
    result = func(self, **kwargs, default_args=default_args)
             ^^^^^^^^^^^^^^^^^^^^^^^^^^^^^^^^^^^^^^^^^^^^^^^
  File "/home/airflow/.local/lib/python3.12/site-packages/airflow/operators/bash.py", line 152, in __init__
    super().__init__(**kwargs)
  File "/home/airflow/.local/lib/python3.12/site-packages/airflow/models/baseoperator.py", line 485, in apply_defaults
    result = func(self, **kwargs, default_args=default_args)
             ^^^^^^^^^^^^^^^^^^^^^^^^^^^^^^^^^^^^^^^^^^^^^^^
  File "/home/airflow/.local/lib/python3.12/site-packages/airflow/models/baseoperator.py", line 900, in __init__
    task_group.add(self)
  File "/home/airflow/.local/lib/python3.12/site-packages/airflow/utils/task_group.py", line 232, in add
    raise DuplicateTaskIdFound(f"{node_type} id '{key}' has already been added to the DAG")
airflow.exceptions.DuplicateTaskIdFound: Task id 'forth' has already been added to the DAG
[2024-07-10T08:40:05.938+0000] {processor.py:842} WARNING - No viable dags retrieved from /opt/airflow/dags/second_dag.py
[2024-07-10T08:40:05.952+0000] {processor.py:183} INFO - Processing /opt/airflow/dags/second_dag.py took 0.048 seconds
[2024-07-10T08:40:12.006+0000] {processor.py:161} INFO - Started process (PID=298) to work on /opt/airflow/dags/second_dag.py
[2024-07-10T08:40:12.007+0000] {processor.py:830} INFO - Processing file /opt/airflow/dags/second_dag.py for tasks to queue
[2024-07-10T08:40:12.009+0000] {logging_mixin.py:188} INFO - [2024-07-10T08:40:12.008+0000] {dagbag.py:545} INFO - Filling up the DagBag from /opt/airflow/dags/second_dag.py
[2024-07-10T08:40:12.022+0000] {processor.py:840} INFO - DAG(s) 'practice_dag_v1' retrieved from /opt/airflow/dags/second_dag.py
[2024-07-10T08:40:12.117+0000] {logging_mixin.py:188} INFO - [2024-07-10T08:40:12.116+0000] {override.py:1829} INFO - Created Permission View: can read on DAG:practice_dag_v1
[2024-07-10T08:40:12.126+0000] {logging_mixin.py:188} INFO - [2024-07-10T08:40:12.125+0000] {override.py:1829} INFO - Created Permission View: can edit on DAG:practice_dag_v1
[2024-07-10T08:40:12.131+0000] {logging_mixin.py:188} INFO - [2024-07-10T08:40:12.131+0000] {override.py:1829} INFO - Created Permission View: can delete on DAG:practice_dag_v1
[2024-07-10T08:40:12.131+0000] {logging_mixin.py:188} INFO - [2024-07-10T08:40:12.131+0000] {dag.py:3096} INFO - Sync 1 DAGs
[2024-07-10T08:40:12.141+0000] {logging_mixin.py:188} INFO - [2024-07-10T08:40:12.140+0000] {dag.py:3118} INFO - Creating ORM DAG for practice_dag_v1
[2024-07-10T08:40:12.149+0000] {logging_mixin.py:188} INFO - [2024-07-10T08:40:12.148+0000] {dag.py:3954} INFO - Setting next_dagrun for practice_dag_v1 to 2024-07-09 00:00:00+00:00, run_after=2024-07-10 00:00:00+00:00
[2024-07-10T08:40:12.166+0000] {processor.py:183} INFO - Processing /opt/airflow/dags/second_dag.py took 0.170 seconds
[2024-07-10T08:40:42.189+0000] {processor.py:161} INFO - Started process (PID=314) to work on /opt/airflow/dags/second_dag.py
[2024-07-10T08:40:42.192+0000] {processor.py:830} INFO - Processing file /opt/airflow/dags/second_dag.py for tasks to queue
[2024-07-10T08:40:42.193+0000] {logging_mixin.py:188} INFO - [2024-07-10T08:40:42.193+0000] {dagbag.py:545} INFO - Filling up the DagBag from /opt/airflow/dags/second_dag.py
[2024-07-10T08:40:42.204+0000] {processor.py:840} INFO - DAG(s) 'practice_dag_v1' retrieved from /opt/airflow/dags/second_dag.py
[2024-07-10T08:40:42.230+0000] {logging_mixin.py:188} INFO - [2024-07-10T08:40:42.229+0000] {dag.py:3096} INFO - Sync 1 DAGs
[2024-07-10T08:40:42.247+0000] {logging_mixin.py:188} INFO - [2024-07-10T08:40:42.247+0000] {dag.py:3954} INFO - Setting next_dagrun for practice_dag_v1 to 2024-07-09 00:00:00+00:00, run_after=2024-07-10 00:00:00+00:00
[2024-07-10T08:40:42.261+0000] {processor.py:183} INFO - Processing /opt/airflow/dags/second_dag.py took 0.078 seconds
[2024-07-10T08:41:05.390+0000] {processor.py:161} INFO - Started process (PID=330) to work on /opt/airflow/dags/second_dag.py
[2024-07-10T08:41:05.392+0000] {processor.py:830} INFO - Processing file /opt/airflow/dags/second_dag.py for tasks to queue
[2024-07-10T08:41:05.394+0000] {logging_mixin.py:188} INFO - [2024-07-10T08:41:05.393+0000] {dagbag.py:545} INFO - Filling up the DagBag from /opt/airflow/dags/second_dag.py
[2024-07-10T08:41:05.412+0000] {processor.py:840} INFO - DAG(s) 'practice_dag_v1' retrieved from /opt/airflow/dags/second_dag.py
[2024-07-10T08:41:05.440+0000] {logging_mixin.py:188} INFO - [2024-07-10T08:41:05.440+0000] {dag.py:3096} INFO - Sync 1 DAGs
[2024-07-10T08:41:05.463+0000] {logging_mixin.py:188} INFO - [2024-07-10T08:41:05.462+0000] {dag.py:3954} INFO - Setting next_dagrun for practice_dag_v1 to 2024-07-09 00:00:00+00:00, run_after=2024-07-10 00:00:00+00:00
[2024-07-10T08:41:05.479+0000] {processor.py:183} INFO - Processing /opt/airflow/dags/second_dag.py took 0.101 seconds
[2024-07-10T08:41:15.534+0000] {processor.py:161} INFO - Started process (PID=341) to work on /opt/airflow/dags/second_dag.py
[2024-07-10T08:41:15.535+0000] {processor.py:830} INFO - Processing file /opt/airflow/dags/second_dag.py for tasks to queue
[2024-07-10T08:41:15.536+0000] {logging_mixin.py:188} INFO - [2024-07-10T08:41:15.536+0000] {dagbag.py:545} INFO - Filling up the DagBag from /opt/airflow/dags/second_dag.py
[2024-07-10T08:41:15.545+0000] {processor.py:840} INFO - DAG(s) 'practice_dag_v1' retrieved from /opt/airflow/dags/second_dag.py
[2024-07-10T08:41:15.570+0000] {logging_mixin.py:188} INFO - [2024-07-10T08:41:15.569+0000] {dag.py:3096} INFO - Sync 1 DAGs
[2024-07-10T08:41:15.587+0000] {logging_mixin.py:188} INFO - [2024-07-10T08:41:15.586+0000] {dag.py:3954} INFO - Setting next_dagrun for practice_dag_v1 to 2024-07-09 00:00:00+00:00, run_after=2024-07-10 00:00:00+00:00
[2024-07-10T08:41:15.602+0000] {processor.py:183} INFO - Processing /opt/airflow/dags/second_dag.py took 0.073 seconds
