[2024-07-10T07:27:33.837+0000] {local_task_job_runner.py:120} INFO - ::group::Pre task execution logs
[2024-07-10T07:27:33.864+0000] {taskinstance.py:2076} INFO - Dependencies all met for dep_context=non-requeueable deps ti=<TaskInstance: etl_pipeline_v5.02.dbt_run_with_snowflake manual__2024-07-10T07:27:33.014452+00:00 [queued]>
[2024-07-10T07:27:33.870+0000] {taskinstance.py:2076} INFO - Dependencies all met for dep_context=requeueable deps ti=<TaskInstance: etl_pipeline_v5.02.dbt_run_with_snowflake manual__2024-07-10T07:27:33.014452+00:00 [queued]>
[2024-07-10T07:27:33.870+0000] {taskinstance.py:2306} INFO - Starting attempt 1 of 1
[2024-07-10T07:27:33.882+0000] {taskinstance.py:2330} INFO - Executing <Task(DockerOperator): dbt_run_with_snowflake> on 2024-07-10 07:27:33.014452+00:00
[2024-07-10T07:27:33.888+0000] {standard_task_runner.py:90} INFO - Running: ['***', 'tasks', 'run', 'etl_pipeline_v5.02', 'dbt_run_with_snowflake', 'manual__2024-07-10T07:27:33.014452+00:00', '--job-id', '4', '--raw', '--subdir', 'DAGS_FOLDER/first_dag.py', '--cfg-path', '/tmp/tmpixkx9ieq']
[2024-07-10T07:27:33.889+0000] {standard_task_runner.py:91} INFO - Job 4: Subtask dbt_run_with_snowflake
[2024-07-10T07:27:33.890+0000] {logging_mixin.py:188} WARNING - /home/***/.local/lib/python3.12/site-packages/***/task/task_runner/standard_task_runner.py:61 DeprecationWarning: This process (pid=224) is multi-threaded, use of fork() may lead to deadlocks in the child.
[2024-07-10T07:27:33.890+0000] {standard_task_runner.py:63} INFO - Started process 226 to run task
[2024-07-10T07:27:33.921+0000] {task_command.py:426} INFO - Running <TaskInstance: etl_pipeline_v5.02.dbt_run_with_snowflake manual__2024-07-10T07:27:33.014452+00:00 [running]> on host de6bd6d20a96
[2024-07-10T07:27:33.989+0000] {taskinstance.py:2648} INFO - Exporting env vars: AIRFLOW_CTX_DAG_OWNER='***' AIRFLOW_CTX_DAG_ID='etl_pipeline_v5.02' AIRFLOW_CTX_TASK_ID='dbt_run_with_snowflake' AIRFLOW_CTX_EXECUTION_DATE='2024-07-10T07:27:33.014452+00:00' AIRFLOW_CTX_TRY_NUMBER='1' AIRFLOW_CTX_DAG_RUN_ID='manual__2024-07-10T07:27:33.014452+00:00'
[2024-07-10T07:27:33.989+0000] {taskinstance.py:430} INFO - ::endgroup::
[2024-07-10T07:27:34.021+0000] {docker.py:366} INFO - Starting docker container from image ghcr.io/dbt-labs/dbt-snowflake:latest
[2024-07-10T07:27:34.023+0000] {docker.py:374} WARNING - Using remote engine or docker-in-docker and mounting temporary volume from host is not supported. Falling back to `mount_tmp_dir=False` mode. You can set `mount_tmp_dir` parameter to False to disable mounting and remove the warning
[2024-07-10T07:27:35.737+0000] {docker.py:436} INFO - [0m07:27:35  Running with dbt=1.8.2
[2024-07-10T07:27:36.066+0000] {docker.py:436} INFO - [0m07:27:36  Registered adapter: snowflake=1.8.3
[2024-07-10T07:27:36.261+0000] {docker.py:436} INFO - [0m07:27:36  Found 8 models, 8 sources, 444 macros
[2024-07-10T07:27:36.263+0000] {docker.py:436} INFO - [0m07:27:36
[2024-07-10T07:27:37.497+0000] {docker.py:436} INFO - [0m07:27:37  Concurrency: 1 threads (target='dev')
[2024-07-10T07:27:37.499+0000] {docker.py:436} INFO - [0m07:27:37
[2024-07-10T07:27:37.529+0000] {docker.py:436} INFO - [0m07:27:37  1 of 8 START sql table model dbt_schema.customer ............................... [RUN]
[2024-07-10T07:27:40.909+0000] {docker.py:436} INFO - [0m07:27:40  1 of 8 OK created sql table model dbt_schema.customer .......................... [[32mSUCCESS 1[0m in 3.38s]
[2024-07-10T07:27:40.910+0000] {docker.py:436} INFO - [0m07:27:40  2 of 8 START sql table model dbt_schema.lineitem ............................... [RUN]
[2024-07-10T07:27:52.701+0000] {docker.py:436} INFO - [0m07:27:52  2 of 8 OK created sql table model dbt_schema.lineitem .......................... [[32mSUCCESS 1[0m in 11.79s]
[2024-07-10T07:27:52.707+0000] {docker.py:436} INFO - [0m07:27:52  3 of 8 START sql table model dbt_schema.nation ................................. [RUN]
[2024-07-10T07:27:53.820+0000] {docker.py:436} INFO - [0m07:27:53  3 of 8 OK created sql table model dbt_schema.nation ............................ [[32mSUCCESS 1[0m in 1.11s]
[2024-07-10T07:27:53.821+0000] {docker.py:436} INFO - [0m07:27:53  4 of 8 START sql table model dbt_schema.orders ................................. [RUN]
[2024-07-10T07:27:56.974+0000] {docker.py:436} INFO - [0m07:27:56  4 of 8 OK created sql table model dbt_schema.orders ............................ [[32mSUCCESS 1[0m in 3.15s]
[2024-07-10T07:27:56.975+0000] {docker.py:436} INFO - [0m07:27:56  5 of 8 START sql table model dbt_schema.part ................................... [RUN]
[2024-07-10T07:27:59.367+0000] {docker.py:436} INFO - [0m07:27:59  5 of 8 OK created sql table model dbt_schema.part .............................. [[32mSUCCESS 1[0m in 2.39s]
[2024-07-10T07:27:59.370+0000] {docker.py:436} INFO - [0m07:27:59  6 of 8 START sql table model dbt_schema.partsupp ............................... [RUN]
[2024-07-10T07:28:01.906+0000] {docker.py:436} INFO - [0m07:28:01  6 of 8 OK created sql table model dbt_schema.partsupp .......................... [[32mSUCCESS 1[0m in 2.53s]
[2024-07-10T07:28:01.907+0000] {docker.py:436} INFO - [0m07:28:01  7 of 8 START sql table model dbt_schema.region ................................. [RUN]
[2024-07-10T07:28:02.955+0000] {docker.py:436} INFO - [0m07:28:02  7 of 8 OK created sql table model dbt_schema.region ............................ [[32mSUCCESS 1[0m in 1.04s]
[2024-07-10T07:28:02.961+0000] {docker.py:436} INFO - [0m07:28:02  8 of 8 START sql table model dbt_schema.supplier ............................... [RUN]
[2024-07-10T07:28:04.087+0000] {docker.py:436} INFO - [0m07:28:04  8 of 8 OK created sql table model dbt_schema.supplier .......................... [[32mSUCCESS 1[0m in 1.12s]
[2024-07-10T07:28:04.097+0000] {docker.py:436} INFO - [0m07:28:04
[2024-07-10T07:28:04.099+0000] {docker.py:436} INFO - [0m07:28:04  Finished running 8 table models in 0 hours 0 minutes and 27.83 seconds (27.83s).
[2024-07-10T07:28:04.124+0000] {docker.py:436} INFO - [0m07:28:04
[2024-07-10T07:28:04.125+0000] {docker.py:436} INFO - [0m07:28:04  [32mCompleted successfully[0m
[2024-07-10T07:28:04.125+0000] {docker.py:436} INFO - [0m07:28:04
[2024-07-10T07:28:04.125+0000] {docker.py:436} INFO - [0m07:28:04  Done. PASS=8 WARN=0 ERROR=0 SKIP=0 TOTAL=8
[2024-07-10T07:28:05.535+0000] {taskinstance.py:441} INFO - ::group::Post task execution logs
[2024-07-10T07:28:05.550+0000] {taskinstance.py:1206} INFO - Marking task as SUCCESS. dag_id=etl_pipeline_v5.02, task_id=dbt_run_with_snowflake, run_id=manual__2024-07-10T07:27:33.014452+00:00, execution_date=20240710T072733, start_date=20240710T072733, end_date=20240710T072805
[2024-07-10T07:28:05.572+0000] {local_task_job_runner.py:240} INFO - Task exited with return code 0
[2024-07-10T07:28:05.586+0000] {taskinstance.py:3503} INFO - 1 downstream tasks scheduled from follow-on schedule check
[2024-07-10T07:28:05.587+0000] {local_task_job_runner.py:222} INFO - ::endgroup::
