[2024-07-10T04:50:13.515+0000] {local_task_job_runner.py:120} INFO - ::group::Pre task execution logs
[2024-07-10T04:50:13.542+0000] {taskinstance.py:2076} INFO - Dependencies all met for dep_context=non-requeueable deps ti=<TaskInstance: etl_pipeline_v2.dbt_run_with_snowflake manual__2024-07-10T04:50:12.320345+00:00 [queued]>
[2024-07-10T04:50:13.549+0000] {taskinstance.py:2076} INFO - Dependencies all met for dep_context=requeueable deps ti=<TaskInstance: etl_pipeline_v2.dbt_run_with_snowflake manual__2024-07-10T04:50:12.320345+00:00 [queued]>
[2024-07-10T04:50:13.549+0000] {taskinstance.py:2306} INFO - Starting attempt 1 of 1
[2024-07-10T04:50:13.561+0000] {taskinstance.py:2330} INFO - Executing <Task(DockerOperator): dbt_run_with_snowflake> on 2024-07-10 04:50:12.320345+00:00
[2024-07-10T04:50:13.573+0000] {standard_task_runner.py:90} INFO - Running: ['***', 'tasks', 'run', 'etl_pipeline_v2', 'dbt_run_with_snowflake', 'manual__2024-07-10T04:50:12.320345+00:00', '--job-id', '3', '--raw', '--subdir', 'DAGS_FOLDER/first_dag.py', '--cfg-path', '/tmp/tmpx_4ic6wd']
[2024-07-10T04:50:13.576+0000] {standard_task_runner.py:91} INFO - Job 3: Subtask dbt_run_with_snowflake
[2024-07-10T04:50:13.577+0000] {logging_mixin.py:188} WARNING - /home/***/.local/lib/python3.12/site-packages/***/task/task_runner/standard_task_runner.py:61 DeprecationWarning: This process (pid=229) is multi-threaded, use of fork() may lead to deadlocks in the child.
[2024-07-10T04:50:13.578+0000] {standard_task_runner.py:63} INFO - Started process 230 to run task
[2024-07-10T04:50:13.612+0000] {task_command.py:426} INFO - Running <TaskInstance: etl_pipeline_v2.dbt_run_with_snowflake manual__2024-07-10T04:50:12.320345+00:00 [running]> on host 673095e2ca00
[2024-07-10T04:50:13.674+0000] {taskinstance.py:2648} INFO - Exporting env vars: AIRFLOW_CTX_DAG_OWNER='***' AIRFLOW_CTX_DAG_ID='etl_pipeline_v2' AIRFLOW_CTX_TASK_ID='dbt_run_with_snowflake' AIRFLOW_CTX_EXECUTION_DATE='2024-07-10T04:50:12.320345+00:00' AIRFLOW_CTX_TRY_NUMBER='1' AIRFLOW_CTX_DAG_RUN_ID='manual__2024-07-10T04:50:12.320345+00:00'
[2024-07-10T04:50:13.675+0000] {taskinstance.py:430} INFO - ::endgroup::
[2024-07-10T04:50:13.708+0000] {docker.py:366} INFO - Starting docker container from image ghcr.io/dbt-labs/dbt-snowflake:latest
[2024-07-10T04:50:13.710+0000] {docker.py:374} WARNING - Using remote engine or docker-in-docker and mounting temporary volume from host is not supported. Falling back to `mount_tmp_dir=False` mode. You can set `mount_tmp_dir` parameter to False to disable mounting and remove the warning
[2024-07-10T04:50:15.318+0000] {docker.py:436} INFO - [0m04:50:15  Running with dbt=1.8.2
[2024-07-10T04:50:15.653+0000] {docker.py:436} INFO - [0m04:50:15  Registered adapter: snowflake=1.8.3
[2024-07-10T04:50:15.848+0000] {docker.py:436} INFO - [0m04:50:15  Found 8 models, 8 sources, 444 macros
[2024-07-10T04:50:15.850+0000] {docker.py:436} INFO - [0m04:50:15
[2024-07-10T04:50:17.292+0000] {docker.py:436} INFO - [0m04:50:17  Concurrency: 1 threads (target='dev')
[2024-07-10T04:50:17.293+0000] {docker.py:436} INFO - [0m04:50:17
[2024-07-10T04:50:17.302+0000] {docker.py:436} INFO - [0m04:50:17  1 of 8 START sql table model dbt_schema.customer ............................... [RUN]
[2024-07-10T04:50:20.749+0000] {docker.py:436} INFO - [0m04:50:20  1 of 8 OK created sql table model dbt_schema.customer .......................... [[32mSUCCESS 1[0m in 3.44s]
[2024-07-10T04:50:20.752+0000] {docker.py:436} INFO - [0m04:50:20  2 of 8 START sql table model dbt_schema.lineitem ............................... [RUN]
[2024-07-10T04:50:35.000+0000] {docker.py:436} INFO - [0m04:50:35  2 of 8 OK created sql table model dbt_schema.lineitem .......................... [[32mSUCCESS 1[0m in 14.25s]
[2024-07-10T04:50:35.001+0000] {docker.py:436} INFO - [0m04:50:35  3 of 8 START sql table model dbt_schema.nation ................................. [RUN]
[2024-07-10T04:50:36.030+0000] {docker.py:436} INFO - [0m04:50:36  3 of 8 OK created sql table model dbt_schema.nation ............................ [[32mSUCCESS 1[0m in 1.03s]
[2024-07-10T04:50:36.031+0000] {docker.py:436} INFO - [0m04:50:36  4 of 8 START sql table model dbt_schema.orders ................................. [RUN]
[2024-07-10T04:50:38.789+0000] {docker.py:436} INFO - [0m04:50:38  4 of 8 OK created sql table model dbt_schema.orders ............................ [[32mSUCCESS 1[0m in 2.76s]
[2024-07-10T04:50:38.790+0000] {docker.py:436} INFO - [0m04:50:38  5 of 8 START sql table model dbt_schema.part ................................... [RUN]
[2024-07-10T04:50:40.263+0000] {docker.py:436} INFO - [0m04:50:40  5 of 8 OK created sql table model dbt_schema.part .............................. [[32mSUCCESS 1[0m in 1.47s]
[2024-07-10T04:50:40.265+0000] {docker.py:436} INFO - [0m04:50:40  6 of 8 START sql table model dbt_schema.partsupp ............................... [RUN]
[2024-07-10T04:50:42.753+0000] {docker.py:436} INFO - [0m04:50:42  6 of 8 OK created sql table model dbt_schema.partsupp .......................... [[32mSUCCESS 1[0m in 2.49s]
[2024-07-10T04:50:42.758+0000] {docker.py:436} INFO - [0m04:50:42  7 of 8 START sql table model dbt_schema.region ................................. [RUN]
[2024-07-10T04:50:43.957+0000] {docker.py:436} INFO - [0m04:50:43  7 of 8 OK created sql table model dbt_schema.region ............................ [[32mSUCCESS 1[0m in 1.19s]
[2024-07-10T04:50:43.960+0000] {docker.py:436} INFO - [0m04:50:43  8 of 8 START sql table model dbt_schema.supplier ............................... [RUN]
[2024-07-10T04:50:45.082+0000] {docker.py:436} INFO - [0m04:50:45  8 of 8 OK created sql table model dbt_schema.supplier .......................... [[32mSUCCESS 1[0m in 1.12s]
[2024-07-10T04:50:45.084+0000] {docker.py:436} INFO - [0m04:50:45
[2024-07-10T04:50:45.084+0000] {docker.py:436} INFO - [0m04:50:45  Finished running 8 table models in 0 hours 0 minutes and 29.23 seconds (29.23s).
[2024-07-10T04:50:45.111+0000] {docker.py:436} INFO - [0m04:50:45
[2024-07-10T04:50:45.111+0000] {docker.py:436} INFO - [0m04:50:45  [32mCompleted successfully[0m
[2024-07-10T04:50:45.112+0000] {docker.py:436} INFO - [0m04:50:45
[2024-07-10T04:50:45.112+0000] {docker.py:436} INFO - [0m04:50:45  Done. PASS=8 WARN=0 ERROR=0 SKIP=0 TOTAL=8
[2024-07-10T04:50:46.553+0000] {taskinstance.py:441} INFO - ::group::Post task execution logs
[2024-07-10T04:50:46.569+0000] {taskinstance.py:1206} INFO - Marking task as SUCCESS. dag_id=etl_pipeline_v2, task_id=dbt_run_with_snowflake, run_id=manual__2024-07-10T04:50:12.320345+00:00, execution_date=20240710T045012, start_date=20240710T045013, end_date=20240710T045046
[2024-07-10T04:50:46.596+0000] {local_task_job_runner.py:240} INFO - Task exited with return code 0
[2024-07-10T04:50:46.611+0000] {taskinstance.py:3503} INFO - 1 downstream tasks scheduled from follow-on schedule check
[2024-07-10T04:50:46.612+0000] {local_task_job_runner.py:222} INFO - ::endgroup::
