[2024-07-10T05:41:30.297+0000] {local_task_job_runner.py:120} INFO - ::group::Pre task execution logs
[2024-07-10T05:41:30.324+0000] {taskinstance.py:2076} INFO - Dependencies all met for dep_context=non-requeueable deps ti=<TaskInstance: etl_pipeline_v5.02.dbt_run_with_snowflake manual__2024-07-10T05:41:29.188417+00:00 [queued]>
[2024-07-10T05:41:30.330+0000] {taskinstance.py:2076} INFO - Dependencies all met for dep_context=requeueable deps ti=<TaskInstance: etl_pipeline_v5.02.dbt_run_with_snowflake manual__2024-07-10T05:41:29.188417+00:00 [queued]>
[2024-07-10T05:41:30.330+0000] {taskinstance.py:2306} INFO - Starting attempt 1 of 1
[2024-07-10T05:41:30.340+0000] {taskinstance.py:2330} INFO - Executing <Task(DockerOperator): dbt_run_with_snowflake> on 2024-07-10 05:41:29.188417+00:00
[2024-07-10T05:41:30.346+0000] {standard_task_runner.py:90} INFO - Running: ['***', 'tasks', 'run', 'etl_pipeline_v5.02', 'dbt_run_with_snowflake', 'manual__2024-07-10T05:41:29.188417+00:00', '--job-id', '7', '--raw', '--subdir', 'DAGS_FOLDER/first_dag.py', '--cfg-path', '/tmp/tmpavp1p5fz']
[2024-07-10T05:41:30.347+0000] {standard_task_runner.py:91} INFO - Job 7: Subtask dbt_run_with_snowflake
[2024-07-10T05:41:30.348+0000] {logging_mixin.py:188} WARNING - /home/***/.local/lib/python3.12/site-packages/***/task/task_runner/standard_task_runner.py:61 DeprecationWarning: This process (pid=250) is multi-threaded, use of fork() may lead to deadlocks in the child.
[2024-07-10T05:41:30.348+0000] {standard_task_runner.py:63} INFO - Started process 251 to run task
[2024-07-10T05:41:30.378+0000] {task_command.py:426} INFO - Running <TaskInstance: etl_pipeline_v5.02.dbt_run_with_snowflake manual__2024-07-10T05:41:29.188417+00:00 [running]> on host 01b29dcab827
[2024-07-10T05:41:30.473+0000] {taskinstance.py:2648} INFO - Exporting env vars: AIRFLOW_CTX_DAG_OWNER='***' AIRFLOW_CTX_DAG_ID='etl_pipeline_v5.02' AIRFLOW_CTX_TASK_ID='dbt_run_with_snowflake' AIRFLOW_CTX_EXECUTION_DATE='2024-07-10T05:41:29.188417+00:00' AIRFLOW_CTX_TRY_NUMBER='1' AIRFLOW_CTX_DAG_RUN_ID='manual__2024-07-10T05:41:29.188417+00:00'
[2024-07-10T05:41:30.474+0000] {taskinstance.py:430} INFO - ::endgroup::
[2024-07-10T05:41:30.496+0000] {docker.py:366} INFO - Starting docker container from image ghcr.io/dbt-labs/dbt-snowflake:latest
[2024-07-10T05:41:30.498+0000] {docker.py:374} WARNING - Using remote engine or docker-in-docker and mounting temporary volume from host is not supported. Falling back to `mount_tmp_dir=False` mode. You can set `mount_tmp_dir` parameter to False to disable mounting and remove the warning
[2024-07-10T05:41:31.903+0000] {docker.py:436} INFO - [0m05:41:31  Running with dbt=1.8.2
[2024-07-10T05:41:32.237+0000] {docker.py:436} INFO - [0m05:41:32  Registered adapter: snowflake=1.8.3
[2024-07-10T05:41:32.439+0000] {docker.py:436} INFO - [0m05:41:32  Found 8 models, 8 sources, 444 macros
[2024-07-10T05:41:32.441+0000] {docker.py:436} INFO - [0m05:41:32
[2024-07-10T05:41:33.626+0000] {docker.py:436} INFO - [0m05:41:33  Concurrency: 1 threads (target='dev')
[2024-07-10T05:41:33.626+0000] {docker.py:436} INFO - [0m05:41:33
[2024-07-10T05:41:33.638+0000] {docker.py:436} INFO - [0m05:41:33  1 of 8 START sql table model dbt_schema.customer ............................... [RUN]
[2024-07-10T05:41:35.084+0000] {docker.py:436} INFO - [0m05:41:35  1 of 8 OK created sql table model dbt_schema.customer .......................... [[32mSUCCESS 1[0m in 1.44s]
[2024-07-10T05:41:35.087+0000] {docker.py:436} INFO - [0m05:41:35  2 of 8 START sql table model dbt_schema.lineitem ............................... [RUN]
[2024-07-10T05:41:43.835+0000] {docker.py:436} INFO - [0m05:41:43  2 of 8 OK created sql table model dbt_schema.lineitem .......................... [[32mSUCCESS 1[0m in 8.74s]
[2024-07-10T05:41:43.840+0000] {docker.py:436} INFO - [0m05:41:43  3 of 8 START sql table model dbt_schema.nation ................................. [RUN]
[2024-07-10T05:41:44.925+0000] {docker.py:436} INFO - [0m05:41:44  3 of 8 OK created sql table model dbt_schema.nation ............................ [[32mSUCCESS 1[0m in 1.08s]
[2024-07-10T05:41:44.931+0000] {docker.py:436} INFO - [0m05:41:44  4 of 8 START sql table model dbt_schema.orders ................................. [RUN]
[2024-07-10T05:41:47.734+0000] {docker.py:436} INFO - [0m05:41:47  4 of 8 OK created sql table model dbt_schema.orders ............................ [[32mSUCCESS 1[0m in 2.80s]
[2024-07-10T05:41:47.738+0000] {docker.py:436} INFO - [0m05:41:47  5 of 8 START sql table model dbt_schema.part ................................... [RUN]
[2024-07-10T05:41:49.543+0000] {docker.py:436} INFO - [0m05:41:49  5 of 8 OK created sql table model dbt_schema.part .............................. [[32mSUCCESS 1[0m in 1.80s]
[2024-07-10T05:41:49.549+0000] {docker.py:436} INFO - [0m05:41:49  6 of 8 START sql table model dbt_schema.partsupp ............................... [RUN]
[2024-07-10T05:41:52.105+0000] {docker.py:436} INFO - [0m05:41:52  6 of 8 OK created sql table model dbt_schema.partsupp .......................... [[32mSUCCESS 1[0m in 2.55s]
[2024-07-10T05:41:52.110+0000] {docker.py:436} INFO - [0m05:41:52  7 of 8 START sql table model dbt_schema.region ................................. [RUN]
[2024-07-10T05:41:53.122+0000] {docker.py:436} INFO - [0m05:41:53  7 of 8 OK created sql table model dbt_schema.region ............................ [[32mSUCCESS 1[0m in 1.01s]
[2024-07-10T05:41:53.123+0000] {docker.py:436} INFO - [0m05:41:53  8 of 8 START sql table model dbt_schema.supplier ............................... [RUN]
[2024-07-10T05:41:54.274+0000] {docker.py:436} INFO - [0m05:41:54  8 of 8 OK created sql table model dbt_schema.supplier .......................... [[32mSUCCESS 1[0m in 1.15s]
[2024-07-10T05:41:54.283+0000] {docker.py:436} INFO - [0m05:41:54
[2024-07-10T05:41:54.284+0000] {docker.py:436} INFO - [0m05:41:54  Finished running 8 table models in 0 hours 0 minutes and 21.84 seconds (21.84s).
[2024-07-10T05:41:54.338+0000] {docker.py:436} INFO - [0m05:41:54
[2024-07-10T05:41:54.338+0000] {docker.py:436} INFO - [0m05:41:54  [32mCompleted successfully[0m
[2024-07-10T05:41:54.338+0000] {docker.py:436} INFO - [0m05:41:54
[2024-07-10T05:41:54.338+0000] {docker.py:436} INFO - [0m05:41:54  Done. PASS=8 WARN=0 ERROR=0 SKIP=0 TOTAL=8
[2024-07-10T05:41:55.677+0000] {taskinstance.py:441} INFO - ::group::Post task execution logs
[2024-07-10T05:41:55.693+0000] {taskinstance.py:1206} INFO - Marking task as SUCCESS. dag_id=etl_pipeline_v5.02, task_id=dbt_run_with_snowflake, run_id=manual__2024-07-10T05:41:29.188417+00:00, execution_date=20240710T054129, start_date=20240710T054130, end_date=20240710T054155
[2024-07-10T05:41:55.717+0000] {local_task_job_runner.py:240} INFO - Task exited with return code 0
[2024-07-10T05:41:55.732+0000] {taskinstance.py:3503} INFO - 1 downstream tasks scheduled from follow-on schedule check
[2024-07-10T05:41:55.734+0000] {local_task_job_runner.py:222} INFO - ::endgroup::
