[2024-07-10T03:33:38.982+0000] {local_task_job_runner.py:120} INFO - ::group::Pre task execution logs
[2024-07-10T03:33:39.009+0000] {taskinstance.py:2076} INFO - Dependencies all met for dep_context=non-requeueable deps ti=<TaskInstance: etl_pipeline.dbt_run_with_snowflake manual__2024-07-10T03:33:38.489972+00:00 [queued]>
[2024-07-10T03:33:39.016+0000] {taskinstance.py:2076} INFO - Dependencies all met for dep_context=requeueable deps ti=<TaskInstance: etl_pipeline.dbt_run_with_snowflake manual__2024-07-10T03:33:38.489972+00:00 [queued]>
[2024-07-10T03:33:39.016+0000] {taskinstance.py:2306} INFO - Starting attempt 1 of 1
[2024-07-10T03:33:39.027+0000] {taskinstance.py:2330} INFO - Executing <Task(DockerOperator): dbt_run_with_snowflake> on 2024-07-10 03:33:38.489972+00:00
[2024-07-10T03:33:39.032+0000] {standard_task_runner.py:90} INFO - Running: ['***', 'tasks', 'run', 'etl_pipeline', 'dbt_run_with_snowflake', 'manual__2024-07-10T03:33:38.489972+00:00', '--job-id', '8', '--raw', '--subdir', 'DAGS_FOLDER/first_dag.py', '--cfg-path', '/tmp/tmpbc1tsxeo']
[2024-07-10T03:33:39.034+0000] {standard_task_runner.py:91} INFO - Job 8: Subtask dbt_run_with_snowflake
[2024-07-10T03:33:39.034+0000] {logging_mixin.py:188} WARNING - /home/***/.local/lib/python3.12/site-packages/***/task/task_runner/standard_task_runner.py:61 DeprecationWarning: This process (pid=455) is multi-threaded, use of fork() may lead to deadlocks in the child.
[2024-07-10T03:33:39.035+0000] {standard_task_runner.py:63} INFO - Started process 457 to run task
[2024-07-10T03:33:39.066+0000] {task_command.py:426} INFO - Running <TaskInstance: etl_pipeline.dbt_run_with_snowflake manual__2024-07-10T03:33:38.489972+00:00 [running]> on host a4cfe2dbe055
[2024-07-10T03:33:39.129+0000] {taskinstance.py:2648} INFO - Exporting env vars: AIRFLOW_CTX_DAG_OWNER='***' AIRFLOW_CTX_DAG_ID='etl_pipeline' AIRFLOW_CTX_TASK_ID='dbt_run_with_snowflake' AIRFLOW_CTX_EXECUTION_DATE='2024-07-10T03:33:38.489972+00:00' AIRFLOW_CTX_TRY_NUMBER='1' AIRFLOW_CTX_DAG_RUN_ID='manual__2024-07-10T03:33:38.489972+00:00'
[2024-07-10T03:33:39.129+0000] {taskinstance.py:430} INFO - ::endgroup::
[2024-07-10T03:33:39.151+0000] {docker.py:366} INFO - Starting docker container from image ghcr.io/dbt-labs/dbt-snowflake:latest
[2024-07-10T03:33:39.153+0000] {docker.py:374} WARNING - Using remote engine or docker-in-docker and mounting temporary volume from host is not supported. Falling back to `mount_tmp_dir=False` mode. You can set `mount_tmp_dir` parameter to False to disable mounting and remove the warning
[2024-07-10T03:33:40.568+0000] {docker.py:436} INFO - [0m03:33:40  Running with dbt=1.8.2
[2024-07-10T03:33:40.895+0000] {docker.py:436} INFO - [0m03:33:40  Registered adapter: snowflake=1.8.3
[2024-07-10T03:33:41.095+0000] {docker.py:436} INFO - [0m03:33:41  Found 8 models, 8 sources, 444 macros
[2024-07-10T03:33:41.097+0000] {docker.py:436} INFO - [0m03:33:41
[2024-07-10T03:33:42.204+0000] {docker.py:436} INFO - [0m03:33:42  Concurrency: 1 threads (target='dev')
[2024-07-10T03:33:42.205+0000] {docker.py:436} INFO - [0m03:33:42
[2024-07-10T03:33:42.212+0000] {docker.py:436} INFO - [0m03:33:42  1 of 8 START sql table model dbt_schema.customer ............................... [RUN]
[2024-07-10T03:33:44.575+0000] {docker.py:436} INFO - [0m03:33:44  1 of 8 OK created sql table model dbt_schema.customer .......................... [[32mSUCCESS 1[0m in 2.36s]
[2024-07-10T03:33:44.576+0000] {docker.py:436} INFO - [0m03:33:44  2 of 8 START sql table model dbt_schema.lineitem ............................... [RUN]
[2024-07-10T03:33:55.306+0000] {docker.py:436} INFO - [0m03:33:55  2 of 8 OK created sql table model dbt_schema.lineitem .......................... [[32mSUCCESS 1[0m in 10.73s]
[2024-07-10T03:33:55.308+0000] {docker.py:436} INFO - [0m03:33:55  3 of 8 START sql table model dbt_schema.nation ................................. [RUN]
[2024-07-10T03:33:56.461+0000] {docker.py:436} INFO - [0m03:33:56  3 of 8 OK created sql table model dbt_schema.nation ............................ [[32mSUCCESS 1[0m in 1.15s]
[2024-07-10T03:33:56.462+0000] {docker.py:436} INFO - [0m03:33:56  4 of 8 START sql table model dbt_schema.orders ................................. [RUN]
[2024-07-10T03:33:59.464+0000] {docker.py:436} INFO - [0m03:33:59  4 of 8 OK created sql table model dbt_schema.orders ............................ [[32mSUCCESS 1[0m in 3.00s]
[2024-07-10T03:33:59.470+0000] {docker.py:436} INFO - [0m03:33:59  5 of 8 START sql table model dbt_schema.part ................................... [RUN]
[2024-07-10T03:34:01.198+0000] {docker.py:436} INFO - [0m03:34:01  5 of 8 OK created sql table model dbt_schema.part .............................. [[32mSUCCESS 1[0m in 1.72s]
[2024-07-10T03:34:01.204+0000] {docker.py:436} INFO - [0m03:34:01  6 of 8 START sql table model dbt_schema.partsupp ............................... [RUN]
[2024-07-10T03:34:04.073+0000] {docker.py:436} INFO - [0m03:34:04  6 of 8 OK created sql table model dbt_schema.partsupp .......................... [[32mSUCCESS 1[0m in 2.87s]
[2024-07-10T03:34:04.074+0000] {docker.py:436} INFO - [0m03:34:04  7 of 8 START sql table model dbt_schema.region ................................. [RUN]
[2024-07-10T03:34:05.134+0000] {docker.py:436} INFO - [0m03:34:05  7 of 8 OK created sql table model dbt_schema.region ............................ [[32mSUCCESS 1[0m in 1.06s]
[2024-07-10T03:34:05.135+0000] {docker.py:436} INFO - [0m03:34:05  8 of 8 START sql table model dbt_schema.supplier ............................... [RUN]
[2024-07-10T03:34:06.238+0000] {docker.py:436} INFO - [0m03:34:06  8 of 8 OK created sql table model dbt_schema.supplier .......................... [[32mSUCCESS 1[0m in 1.10s]
[2024-07-10T03:34:06.240+0000] {docker.py:436} INFO - [0m03:34:06
[2024-07-10T03:34:06.241+0000] {docker.py:436} INFO - [0m03:34:06  Finished running 8 table models in 0 hours 0 minutes and 25.14 seconds (25.14s).
[2024-07-10T03:34:06.266+0000] {docker.py:436} INFO - [0m03:34:06
[2024-07-10T03:34:06.266+0000] {docker.py:436} INFO - [0m03:34:06  [32mCompleted successfully[0m
[2024-07-10T03:34:06.266+0000] {docker.py:436} INFO - [0m03:34:06
[2024-07-10T03:34:06.267+0000] {docker.py:436} INFO - [0m03:34:06  Done. PASS=8 WARN=0 ERROR=0 SKIP=0 TOTAL=8
[2024-07-10T03:34:07.761+0000] {taskinstance.py:441} INFO - ::group::Post task execution logs
[2024-07-10T03:34:07.777+0000] {taskinstance.py:1206} INFO - Marking task as SUCCESS. dag_id=etl_pipeline, task_id=dbt_run_with_snowflake, run_id=manual__2024-07-10T03:33:38.489972+00:00, execution_date=20240710T033338, start_date=20240710T033339, end_date=20240710T033407
[2024-07-10T03:34:07.820+0000] {local_task_job_runner.py:240} INFO - Task exited with return code 0
[2024-07-10T03:34:07.844+0000] {taskinstance.py:3503} INFO - 1 downstream tasks scheduled from follow-on schedule check
[2024-07-10T03:34:07.845+0000] {local_task_job_runner.py:222} INFO - ::endgroup::
