[2024-07-10T03:22:40.857+0000] {local_task_job_runner.py:120} INFO - ::group::Pre task execution logs
[2024-07-10T03:22:40.883+0000] {taskinstance.py:2076} INFO - Dependencies all met for dep_context=non-requeueable deps ti=<TaskInstance: first_task.dbt_run_with_snowflake scheduled__2024-07-09T00:00:00+00:00 [queued]>
[2024-07-10T03:22:40.890+0000] {taskinstance.py:2076} INFO - Dependencies all met for dep_context=requeueable deps ti=<TaskInstance: first_task.dbt_run_with_snowflake scheduled__2024-07-09T00:00:00+00:00 [queued]>
[2024-07-10T03:22:40.890+0000] {taskinstance.py:2306} INFO - Starting attempt 1 of 1
[2024-07-10T03:22:40.902+0000] {taskinstance.py:2330} INFO - Executing <Task(DockerOperator): dbt_run_with_snowflake> on 2024-07-09 00:00:00+00:00
[2024-07-10T03:22:40.907+0000] {standard_task_runner.py:90} INFO - Running: ['***', 'tasks', 'run', 'first_task', 'dbt_run_with_snowflake', 'scheduled__2024-07-09T00:00:00+00:00', '--job-id', '4', '--raw', '--subdir', 'DAGS_FOLDER/first_dag.py', '--cfg-path', '/tmp/tmppqp6hwdp']
[2024-07-10T03:22:40.908+0000] {standard_task_runner.py:91} INFO - Job 4: Subtask dbt_run_with_snowflake
[2024-07-10T03:22:40.909+0000] {logging_mixin.py:188} WARNING - /home/***/.local/lib/python3.12/site-packages/***/task/task_runner/standard_task_runner.py:61 DeprecationWarning: This process (pid=180) is multi-threaded, use of fork() may lead to deadlocks in the child.
[2024-07-10T03:22:40.910+0000] {standard_task_runner.py:63} INFO - Started process 182 to run task
[2024-07-10T03:22:40.940+0000] {task_command.py:426} INFO - Running <TaskInstance: first_task.dbt_run_with_snowflake scheduled__2024-07-09T00:00:00+00:00 [running]> on host a4cfe2dbe055
[2024-07-10T03:22:41.003+0000] {taskinstance.py:2648} INFO - Exporting env vars: AIRFLOW_CTX_DAG_OWNER='***' AIRFLOW_CTX_DAG_ID='first_task' AIRFLOW_CTX_TASK_ID='dbt_run_with_snowflake' AIRFLOW_CTX_EXECUTION_DATE='2024-07-09T00:00:00+00:00' AIRFLOW_CTX_TRY_NUMBER='1' AIRFLOW_CTX_DAG_RUN_ID='scheduled__2024-07-09T00:00:00+00:00'
[2024-07-10T03:22:41.003+0000] {taskinstance.py:430} INFO - ::endgroup::
[2024-07-10T03:22:41.035+0000] {docker.py:493} INFO - Pulling docker image ghcr.io/dbt-labs/dbt-snowflake:latest
[2024-07-10T03:22:42.401+0000] {docker.py:507} INFO - latest: Pulling from dbt-labs/dbt-snowflake
[2024-07-10T03:22:43.132+0000] {docker.py:507} INFO - f1f26f570256: Pulling fs layer
[2024-07-10T03:22:43.133+0000] {docker.py:507} INFO - 2d2b01660885: Pulling fs layer
[2024-07-10T03:22:43.133+0000] {docker.py:507} INFO - e4e8e4c0b0e1: Pulling fs layer
[2024-07-10T03:22:43.134+0000] {docker.py:507} INFO - 1ba60f086308: Pulling fs layer
[2024-07-10T03:22:43.134+0000] {docker.py:507} INFO - 3c2fccf90be1: Pulling fs layer
[2024-07-10T03:22:43.134+0000] {docker.py:507} INFO - 7932a6815e29: Pulling fs layer
[2024-07-10T03:22:43.135+0000] {docker.py:507} INFO - d92b173d901b: Pulling fs layer
[2024-07-10T03:22:43.135+0000] {docker.py:507} INFO - 7626e9cdf27c: Pulling fs layer
[2024-07-10T03:22:43.135+0000] {docker.py:507} INFO - 30ba19b18c8e: Pulling fs layer
[2024-07-10T03:22:43.136+0000] {docker.py:507} INFO - 7932a6815e29: Waiting
[2024-07-10T03:22:43.136+0000] {docker.py:507} INFO - d92b173d901b: Waiting
[2024-07-10T03:22:43.137+0000] {docker.py:507} INFO - 7626e9cdf27c: Waiting
[2024-07-10T03:22:43.137+0000] {docker.py:507} INFO - 1ba60f086308: Waiting
[2024-07-10T03:22:43.137+0000] {docker.py:507} INFO - 3c2fccf90be1: Waiting
[2024-07-10T03:22:43.137+0000] {docker.py:507} INFO - 30ba19b18c8e: Waiting
[2024-07-10T03:22:43.854+0000] {docker.py:507} INFO - f1f26f570256: Downloading
[2024-07-10T03:22:43.858+0000] {docker.py:507} INFO - e4e8e4c0b0e1: Downloading
[2024-07-10T03:22:43.859+0000] {docker.py:507} INFO - 2d2b01660885: Downloading
[2024-07-10T03:22:44.242+0000] {docker.py:507} INFO - 2d2b01660885: Verifying Checksum
[2024-07-10T03:22:44.243+0000] {docker.py:507} INFO - 2d2b01660885: Download complete
[2024-07-10T03:22:44.494+0000] {docker.py:507} INFO - e4e8e4c0b0e1: Verifying Checksum
[2024-07-10T03:22:44.494+0000] {docker.py:507} INFO - e4e8e4c0b0e1: Download complete
[2024-07-10T03:22:44.908+0000] {docker.py:507} INFO - 1ba60f086308: Verifying Checksum
[2024-07-10T03:22:44.909+0000] {docker.py:507} INFO - 1ba60f086308: Download complete
[2024-07-10T03:22:44.924+0000] {docker.py:507} INFO - f1f26f570256: Download complete
[2024-07-10T03:22:44.928+0000] {docker.py:507} INFO - f1f26f570256: Extracting
[2024-07-10T03:22:45.233+0000] {docker.py:507} INFO - 3c2fccf90be1: Downloading
[2024-07-10T03:22:45.669+0000] {docker.py:507} INFO - 3c2fccf90be1: Download complete
[2024-07-10T03:22:45.777+0000] {docker.py:507} INFO - 7932a6815e29: Downloading
[2024-07-10T03:22:45.841+0000] {docker.py:507} INFO - f1f26f570256: Pull complete
[2024-07-10T03:22:45.847+0000] {docker.py:507} INFO - 2d2b01660885: Extracting
[2024-07-10T03:22:45.881+0000] {docker.py:507} INFO - d92b173d901b: Downloading
[2024-07-10T03:22:45.925+0000] {docker.py:507} INFO - 2d2b01660885: Pull complete
[2024-07-10T03:22:45.931+0000] {docker.py:507} INFO - e4e8e4c0b0e1: Extracting
[2024-07-10T03:22:46.289+0000] {docker.py:507} INFO - e4e8e4c0b0e1: Pull complete
[2024-07-10T03:22:46.294+0000] {docker.py:507} INFO - 1ba60f086308: Extracting
[2024-07-10T03:22:46.310+0000] {docker.py:507} INFO - 1ba60f086308: Pull complete
[2024-07-10T03:22:46.317+0000] {docker.py:507} INFO - 3c2fccf90be1: Extracting
[2024-07-10T03:22:46.322+0000] {docker.py:507} INFO - 7626e9cdf27c: Downloading
[2024-07-10T03:22:46.322+0000] {docker.py:507} INFO - 7626e9cdf27c: Verifying Checksum
[2024-07-10T03:22:46.323+0000] {docker.py:507} INFO - 7626e9cdf27c: Download complete
[2024-07-10T03:22:46.492+0000] {docker.py:507} INFO - 3c2fccf90be1: Pull complete
[2024-07-10T03:22:47.148+0000] {docker.py:507} INFO - 30ba19b18c8e: Downloading
[2024-07-10T03:22:48.174+0000] {docker.py:507} INFO - d92b173d901b: Verifying Checksum
[2024-07-10T03:22:48.175+0000] {docker.py:507} INFO - d92b173d901b: Download complete
[2024-07-10T03:22:48.591+0000] {docker.py:507} INFO - 30ba19b18c8e: Verifying Checksum
[2024-07-10T03:22:48.592+0000] {docker.py:507} INFO - 30ba19b18c8e: Download complete
[2024-07-10T03:22:52.617+0000] {docker.py:507} INFO - 7932a6815e29: Download complete
[2024-07-10T03:22:52.649+0000] {docker.py:507} INFO - 7932a6815e29: Extracting
[2024-07-10T03:22:55.401+0000] {docker.py:507} INFO - 7932a6815e29: Pull complete
[2024-07-10T03:22:55.410+0000] {docker.py:507} INFO - d92b173d901b: Extracting
[2024-07-10T03:22:55.761+0000] {docker.py:507} INFO - d92b173d901b: Pull complete
[2024-07-10T03:22:55.767+0000] {docker.py:507} INFO - 7626e9cdf27c: Extracting
[2024-07-10T03:22:55.783+0000] {docker.py:507} INFO - 7626e9cdf27c: Pull complete
[2024-07-10T03:22:55.795+0000] {docker.py:507} INFO - 30ba19b18c8e: Extracting
[2024-07-10T03:22:57.232+0000] {docker.py:507} INFO - 30ba19b18c8e: Pull complete
[2024-07-10T03:22:57.253+0000] {docker.py:502} INFO - Digest: sha256:c7e9bc2c09322368cfa7c0972a95fd8100a42028da7c310291e97aef090ce388
[2024-07-10T03:22:57.256+0000] {docker.py:502} INFO - Status: Image is up to date for ghcr.io/dbt-labs/dbt-snowflake:latest
[2024-07-10T03:22:57.260+0000] {docker.py:366} INFO - Starting docker container from image ghcr.io/dbt-labs/dbt-snowflake:latest
[2024-07-10T03:22:57.268+0000] {docker.py:374} WARNING - Using remote engine or docker-in-docker and mounting temporary volume from host is not supported. Falling back to `mount_tmp_dir=False` mode. You can set `mount_tmp_dir` parameter to False to disable mounting and remove the warning
[2024-07-10T03:23:02.892+0000] {docker.py:436} INFO - [0m03:23:02  Running with dbt=1.8.2
[2024-07-10T03:23:03.214+0000] {docker.py:436} INFO - [0m03:23:03  Registered adapter: snowflake=1.8.3
[2024-07-10T03:23:03.288+0000] {docker.py:436} INFO - [0m03:23:03  Unable to do partial parsing because of a version mismatch
[2024-07-10T03:23:04.342+0000] {docker.py:436} INFO - [0m03:23:04  Found 8 models, 8 sources, 444 macros
[2024-07-10T03:23:04.344+0000] {docker.py:436} INFO - [0m03:23:04
[2024-07-10T03:23:06.175+0000] {docker.py:436} INFO - [0m03:23:06  Concurrency: 1 threads (target='dev')
[2024-07-10T03:23:06.176+0000] {docker.py:436} INFO - [0m03:23:06
[2024-07-10T03:23:06.203+0000] {docker.py:436} INFO - [0m03:23:06  1 of 8 START sql table model dbt_schema.customer ............................... [RUN]
[2024-07-10T03:23:09.207+0000] {docker.py:436} INFO - [0m03:23:09  1 of 8 OK created sql table model dbt_schema.customer .......................... [[32mSUCCESS 1[0m in 3.00s]
[2024-07-10T03:23:09.214+0000] {docker.py:436} INFO - [0m03:23:09  2 of 8 START sql table model dbt_schema.lineitem ............................... [RUN]
[2024-07-10T03:23:19.480+0000] {docker.py:436} INFO - [0m03:23:19  2 of 8 OK created sql table model dbt_schema.lineitem .......................... [[32mSUCCESS 1[0m in 10.26s]
[2024-07-10T03:23:19.485+0000] {docker.py:436} INFO - [0m03:23:19  3 of 8 START sql table model dbt_schema.nation ................................. [RUN]
[2024-07-10T03:23:20.848+0000] {docker.py:436} INFO - [0m03:23:20  3 of 8 OK created sql table model dbt_schema.nation ............................ [[32mSUCCESS 1[0m in 1.36s]
[2024-07-10T03:23:20.851+0000] {docker.py:436} INFO - [0m03:23:20  4 of 8 START sql table model dbt_schema.orders ................................. [RUN]
[2024-07-10T03:23:24.042+0000] {docker.py:436} INFO - [0m03:23:24  4 of 8 OK created sql table model dbt_schema.orders ............................ [[32mSUCCESS 1[0m in 3.19s]
[2024-07-10T03:23:24.048+0000] {docker.py:436} INFO - [0m03:23:24  5 of 8 START sql table model dbt_schema.part ................................... [RUN]
[2024-07-10T03:23:25.606+0000] {docker.py:436} INFO - [0m03:23:25  5 of 8 OK created sql table model dbt_schema.part .............................. [[32mSUCCESS 1[0m in 1.56s]
[2024-07-10T03:23:25.608+0000] {docker.py:436} INFO - [0m03:23:25  6 of 8 START sql table model dbt_schema.partsupp ............................... [RUN]
[2024-07-10T03:23:27.881+0000] {docker.py:436} INFO - [0m03:23:27  6 of 8 OK created sql table model dbt_schema.partsupp .......................... [[32mSUCCESS 1[0m in 2.27s]
[2024-07-10T03:23:27.887+0000] {docker.py:436} INFO - [0m03:23:27  7 of 8 START sql table model dbt_schema.region ................................. [RUN]
[2024-07-10T03:23:29.033+0000] {docker.py:436} INFO - [0m03:23:29  7 of 8 OK created sql table model dbt_schema.region ............................ [[32mSUCCESS 1[0m in 1.14s]
[2024-07-10T03:23:29.038+0000] {docker.py:436} INFO - [0m03:23:29  8 of 8 START sql table model dbt_schema.supplier ............................... [RUN]
[2024-07-10T03:23:30.197+0000] {docker.py:436} INFO - [0m03:23:30  8 of 8 OK created sql table model dbt_schema.supplier .......................... [[32mSUCCESS 1[0m in 1.15s]
[2024-07-10T03:23:30.206+0000] {docker.py:436} INFO - [0m03:23:30
[2024-07-10T03:23:30.207+0000] {docker.py:436} INFO - [0m03:23:30  Finished running 8 table models in 0 hours 0 minutes and 25.86 seconds (25.86s).
[2024-07-10T03:23:30.265+0000] {docker.py:436} INFO - [0m03:23:30
[2024-07-10T03:23:30.265+0000] {docker.py:436} INFO - [0m03:23:30  [32mCompleted successfully[0m
[2024-07-10T03:23:30.265+0000] {docker.py:436} INFO - [0m03:23:30
[2024-07-10T03:23:30.265+0000] {docker.py:436} INFO - [0m03:23:30  Done. PASS=8 WARN=0 ERROR=0 SKIP=0 TOTAL=8
[2024-07-10T03:23:31.798+0000] {taskinstance.py:441} INFO - ::group::Post task execution logs
[2024-07-10T03:23:31.818+0000] {taskinstance.py:1206} INFO - Marking task as SUCCESS. dag_id=first_task, task_id=dbt_run_with_snowflake, run_id=scheduled__2024-07-09T00:00:00+00:00, execution_date=20240709T000000, start_date=20240710T032240, end_date=20240710T032331
[2024-07-10T03:23:31.868+0000] {local_task_job_runner.py:240} INFO - Task exited with return code 0
[2024-07-10T03:23:31.884+0000] {taskinstance.py:3503} INFO - 1 downstream tasks scheduled from follow-on schedule check
[2024-07-10T03:23:31.886+0000] {local_task_job_runner.py:222} INFO - ::endgroup::
